[0.013s] Invoking command in '/home/gavin/minimec/build/mini_mec_bringup': CMAKE_PREFIX_PATH=${CMAKE_PREFIX_PATH}:/opt/ros/humble /usr/bin/cmake --build /home/gavin/minimec/build/mini_mec_bringup -- -j8 -l8
[0.055s] -- Found ament_cmake: 1.3.10 (/opt/ros/humble/share/ament_cmake/cmake)
[0.338s] -- Configuring done
[0.352s] -- Generating done
[0.356s] -- Build files have been written to: /home/gavin/minimec/build/mini_mec_bringup
[0.398s] Invoked command in '/home/gavin/minimec/build/mini_mec_bringup' returned '0': CMAKE_PREFIX_PATH=${CMAKE_PREFIX_PATH}:/opt/ros/humble /usr/bin/cmake --build /home/gavin/minimec/build/mini_mec_bringup -- -j8 -l8
[0.444s] Invoking command in '/home/gavin/minimec/build/mini_mec_bringup': CMAKE_PREFIX_PATH=${CMAKE_PREFIX_PATH}:/opt/ros/humble /usr/bin/cmake --install /home/gavin/minimec/build/mini_mec_bringup
[0.454s] -- Install configuration: ""
[0.454s] -- Up-to-date: /home/gavin/minimec/install/mini_mec_bringup/share/mini_mec_bringup/launch
[0.454s] -- Installing: /home/gavin/minimec/install/mini_mec_bringup/share/mini_mec_bringup/launch/mini_mec_gazebo.launch.xml
[0.454s] -- Installing: /home/gavin/minimec/install/mini_mec_bringup/share/ament_index/resource_index/package_run_dependencies/mini_mec_bringup
[0.454s] -- Installing: /home/gavin/minimec/install/mini_mec_bringup/share/ament_index/resource_index/parent_prefix_path/mini_mec_bringup
[0.455s] -- Up-to-date: /home/gavin/minimec/install/mini_mec_bringup/share/mini_mec_bringup/environment/ament_prefix_path.sh
[0.455s] -- Installing: /home/gavin/minimec/install/mini_mec_bringup/share/mini_mec_bringup/environment/ament_prefix_path.dsv
[0.455s] -- Up-to-date: /home/gavin/minimec/install/mini_mec_bringup/share/mini_mec_bringup/environment/path.sh
[0.455s] -- Installing: /home/gavin/minimec/install/mini_mec_bringup/share/mini_mec_bringup/environment/path.dsv
[0.455s] -- Up-to-date: /home/gavin/minimec/install/mini_mec_bringup/share/mini_mec_bringup/local_setup.bash
[0.456s] -- Up-to-date: /home/gavin/minimec/install/mini_mec_bringup/share/mini_mec_bringup/local_setup.sh
[0.456s] -- Up-to-date: /home/gavin/minimec/install/mini_mec_bringup/share/mini_mec_bringup/local_setup.zsh
[0.456s] -- Installing: /home/gavin/minimec/install/mini_mec_bringup/share/mini_mec_bringup/local_setup.dsv
[0.456s] -- Installing: /home/gavin/minimec/install/mini_mec_bringup/share/mini_mec_bringup/package.dsv
[0.456s] -- Up-to-date: /home/gavin/minimec/install/mini_mec_bringup/share/ament_index/resource_index/packages/mini_mec_bringup
[0.457s] -- Up-to-date: /home/gavin/minimec/install/mini_mec_bringup/share/mini_mec_bringup/cmake/mini_mec_bringupConfig.cmake
[0.457s] -- Up-to-date: /home/gavin/minimec/install/mini_mec_bringup/share/mini_mec_bringup/cmake/mini_mec_bringupConfig-version.cmake
[0.457s] -- Installing: /home/gavin/minimec/install/mini_mec_bringup/share/mini_mec_bringup/package.xml
[0.460s] Invoked command in '/home/gavin/minimec/build/mini_mec_bringup' returned '0': CMAKE_PREFIX_PATH=${CMAKE_PREFIX_PATH}:/opt/ros/humble /usr/bin/cmake --install /home/gavin/minimec/build/mini_mec_bringup
