[1.140s] Invoking command in '/home/gavin/minimec/src/wheeltec_control': PYTHONPATH=/home/gavin/minimec/build/wheeltec_control/prefix_override:/usr/lib/python3/dist-packages/colcon_core/task/python/colcon_distutils_commands:/home/gavin/minimec/install/wheeltec_control/lib/python3.10/site-packages:${PYTHONPATH} /usr/bin/python3 -W ignore:setup.py install is deprecated setup.py egg_info --egg-base ../../build/wheeltec_control build --build-base /home/gavin/minimec/build/wheeltec_control/build install --record /home/gavin/minimec/build/wheeltec_control/install.log --single-version-externally-managed install_data
[1.424s] running egg_info
[1.425s] writing ../../build/wheeltec_control/wheeltec_control.egg-info/PKG-INFO
[1.425s] writing dependency_links to ../../build/wheeltec_control/wheeltec_control.egg-info/dependency_links.txt
[1.426s] writing entry points to ../../build/wheeltec_control/wheeltec_control.egg-info/entry_points.txt
[1.426s] writing requirements to ../../build/wheeltec_control/wheeltec_control.egg-info/requires.txt
[1.426s] writing top-level names to ../../build/wheeltec_control/wheeltec_control.egg-info/top_level.txt
[1.429s] reading manifest file '../../build/wheeltec_control/wheeltec_control.egg-info/SOURCES.txt'
[1.432s] writing manifest file '../../build/wheeltec_control/wheeltec_control.egg-info/SOURCES.txt'
[1.433s] running build
[1.433s] running build_py
[1.433s] copying wheeltec_control/wheeltec_keyboard.py -> /home/gavin/minimec/build/wheeltec_control/build/lib/wheeltec_control
[1.433s] running install
[1.434s] running install_lib
[1.435s] copying /home/gavin/minimec/build/wheeltec_control/build/lib/wheeltec_control/wheeltec_keyboard.py -> /home/gavin/minimec/install/wheeltec_control/lib/python3.10/site-packages/wheeltec_control
[1.435s] byte-compiling /home/gavin/minimec/install/wheeltec_control/lib/python3.10/site-packages/wheeltec_control/wheeltec_keyboard.py to wheeltec_keyboard.cpython-310.pyc
[1.437s] running install_data
[1.437s] running install_egg_info
[1.439s] removing '/home/gavin/minimec/install/wheeltec_control/lib/python3.10/site-packages/wheeltec_control-0.0.0-py3.10.egg-info' (and everything under it)
[1.439s] Copying ../../build/wheeltec_control/wheeltec_control.egg-info to /home/gavin/minimec/install/wheeltec_control/lib/python3.10/site-packages/wheeltec_control-0.0.0-py3.10.egg-info
[1.441s] running install_scripts
[1.462s] Installing wheeltec_keyboard script to /home/gavin/minimec/install/wheeltec_control/lib/wheeltec_control
[1.462s] writing list of installed files to '/home/gavin/minimec/build/wheeltec_control/install.log'
[1.494s] Invoked command in '/home/gavin/minimec/src/wheeltec_control' returned '0': PYTHONPATH=/home/gavin/minimec/build/wheeltec_control/prefix_override:/usr/lib/python3/dist-packages/colcon_core/task/python/colcon_distutils_commands:/home/gavin/minimec/install/wheeltec_control/lib/python3.10/site-packages:${PYTHONPATH} /usr/bin/python3 -W ignore:setup.py install is deprecated setup.py egg_info --egg-base ../../build/wheeltec_control build --build-base /home/gavin/minimec/build/wheeltec_control/build install --record /home/gavin/minimec/build/wheeltec_control/install.log --single-version-externally-managed install_data
