[0.013s] Invoking command in '/home/gavin/minimec/build/mini_mec_bringup': CMAKE_PREFIX_PATH=${CMAKE_PREFIX_PATH}:/opt/ros/humble /usr/bin/cmake /home/gavin/minimec/src/mini_mec_bringup -DAMENT_CMAKE_SYMLINK_INSTALL=1 -DCMAKE_INSTALL_PREFIX=/home/gavin/minimec/install/mini_mec_bringup
[0.032s] -- Found ament_cmake: 1.3.10 (/opt/ros/humble/share/ament_cmake/cmake)
[0.198s] -- Override CMake install command with custom implementation using symlinks instead of copying resources
[0.314s] -- Configuring done
[0.324s] -- Generating done
[0.328s] -- Build files have been written to: /home/gavin/minimec/build/mini_mec_bringup
[0.336s] Invoked command in '/home/gavin/minimec/build/mini_mec_bringup' returned '0': CMAKE_PREFIX_PATH=${CMAKE_PREFIX_PATH}:/opt/ros/humble /usr/bin/cmake /home/gavin/minimec/src/mini_mec_bringup -DAMENT_CMAKE_SYMLINK_INSTALL=1 -DCMAKE_INSTALL_PREFIX=/home/gavin/minimec/install/mini_mec_bringup
[0.341s] Invoking command in '/home/gavin/minimec/build/mini_mec_bringup': CMAKE_PREFIX_PATH=${CMAKE_PREFIX_PATH}:/opt/ros/humble /usr/bin/cmake --build /home/gavin/minimec/build/mini_mec_bringup -- -j8 -l8
[0.416s] Invoked command in '/home/gavin/minimec/build/mini_mec_bringup' returned '0': CMAKE_PREFIX_PATH=${CMAKE_PREFIX_PATH}:/opt/ros/humble /usr/bin/cmake --build /home/gavin/minimec/build/mini_mec_bringup -- -j8 -l8
[0.463s] Invoking command in '/home/gavin/minimec/build/mini_mec_bringup': CMAKE_PREFIX_PATH=${CMAKE_PREFIX_PATH}:/opt/ros/humble /usr/bin/cmake --install /home/gavin/minimec/build/mini_mec_bringup
[0.474s] -- Install configuration: ""
[0.474s] -- Execute custom install script
[0.475s] -- Symlinking: /home/gavin/minimec/install/mini_mec_bringup/share/mini_mec_bringup/launch/mini_mec_gazebo.launch.xml
[0.497s] -- Symlinking: /home/gavin/minimec/install/mini_mec_bringup/share/ament_index/resource_index/package_run_dependencies/mini_mec_bringup
[0.511s] -- Symlinking: /home/gavin/minimec/install/mini_mec_bringup/share/ament_index/resource_index/parent_prefix_path/mini_mec_bringup
[0.524s] -- Symlinking: /home/gavin/minimec/install/mini_mec_bringup/share/mini_mec_bringup/environment/ament_prefix_path.sh
[0.538s] -- Symlinking: /home/gavin/minimec/install/mini_mec_bringup/share/mini_mec_bringup/environment/ament_prefix_path.dsv
[0.553s] -- Symlinking: /home/gavin/minimec/install/mini_mec_bringup/share/mini_mec_bringup/environment/path.sh
[0.567s] -- Symlinking: /home/gavin/minimec/install/mini_mec_bringup/share/mini_mec_bringup/environment/path.dsv
[0.581s] -- Symlinking: /home/gavin/minimec/install/mini_mec_bringup/share/mini_mec_bringup/local_setup.bash
[0.595s] -- Symlinking: /home/gavin/minimec/install/mini_mec_bringup/share/mini_mec_bringup/local_setup.sh
[0.610s] -- Symlinking: /home/gavin/minimec/install/mini_mec_bringup/share/mini_mec_bringup/local_setup.zsh
[0.623s] -- Symlinking: /home/gavin/minimec/install/mini_mec_bringup/share/mini_mec_bringup/local_setup.dsv
[0.637s] -- Symlinking: /home/gavin/minimec/install/mini_mec_bringup/share/mini_mec_bringup/package.dsv
[0.650s] -- Symlinking: /home/gavin/minimec/install/mini_mec_bringup/share/ament_index/resource_index/packages/mini_mec_bringup
[0.664s] -- Symlinking: /home/gavin/minimec/install/mini_mec_bringup/share/mini_mec_bringup/cmake/mini_mec_bringupConfig.cmake
[0.678s] -- Symlinking: /home/gavin/minimec/install/mini_mec_bringup/share/mini_mec_bringup/cmake/mini_mec_bringupConfig-version.cmake
[0.698s] -- Symlinking: /home/gavin/minimec/install/mini_mec_bringup/share/mini_mec_bringup/package.xml
[0.725s] Invoked command in '/home/gavin/minimec/build/mini_mec_bringup' returned '0': CMAKE_PREFIX_PATH=${CMAKE_PREFIX_PATH}:/opt/ros/humble /usr/bin/cmake --install /home/gavin/minimec/build/mini_mec_bringup
