[0.021s] Invoking command in '/home/gavin/minimec/build/mini_mec_bringup': CMAKE_PREFIX_PATH=${CMAKE_PREFIX_PATH}:/opt/ros/humble /usr/bin/cmake --build /home/gavin/minimec/build/mini_mec_bringup -- -j8 -l8
[0.075s] Invoked command in '/home/gavin/minimec/build/mini_mec_bringup' returned '0': CMAKE_PREFIX_PATH=${CMAKE_PREFIX_PATH}:/opt/ros/humble /usr/bin/cmake --build /home/gavin/minimec/build/mini_mec_bringup -- -j8 -l8
[0.123s] Invoking command in '/home/gavin/minimec/build/mini_mec_bringup': CMAKE_PREFIX_PATH=${CMAKE_PREFIX_PATH}:/opt/ros/humble /usr/bin/cmake --install /home/gavin/minimec/build/mini_mec_bringup
[0.134s] -- Install configuration: ""
[0.134s] -- Up-to-date: /home/gavin/minimec/install/mini_mec_bringup/share/mini_mec_bringup//launch
[0.134s] -- Up-to-date: /home/gavin/minimec/install/mini_mec_bringup/share/ament_index/resource_index/package_run_dependencies/mini_mec_bringup
[0.135s] -- Up-to-date: /home/gavin/minimec/install/mini_mec_bringup/share/ament_index/resource_index/parent_prefix_path/mini_mec_bringup
[0.135s] -- Up-to-date: /home/gavin/minimec/install/mini_mec_bringup/share/mini_mec_bringup/environment/ament_prefix_path.sh
[0.135s] -- Up-to-date: /home/gavin/minimec/install/mini_mec_bringup/share/mini_mec_bringup/environment/ament_prefix_path.dsv
[0.135s] -- Up-to-date: /home/gavin/minimec/install/mini_mec_bringup/share/mini_mec_bringup/environment/path.sh
[0.135s] -- Up-to-date: /home/gavin/minimec/install/mini_mec_bringup/share/mini_mec_bringup/environment/path.dsv
[0.135s] -- Up-to-date: /home/gavin/minimec/install/mini_mec_bringup/share/mini_mec_bringup/local_setup.bash
[0.136s] -- Up-to-date: /home/gavin/minimec/install/mini_mec_bringup/share/mini_mec_bringup/local_setup.sh
[0.136s] -- Up-to-date: /home/gavin/minimec/install/mini_mec_bringup/share/mini_mec_bringup/local_setup.zsh
[0.136s] -- Up-to-date: /home/gavin/minimec/install/mini_mec_bringup/share/mini_mec_bringup/local_setup.dsv
[0.136s] -- Installing: /home/gavin/minimec/install/mini_mec_bringup/share/mini_mec_bringup/package.dsv
[0.136s] -- Up-to-date: /home/gavin/minimec/install/mini_mec_bringup/share/ament_index/resource_index/packages/mini_mec_bringup
[0.136s] -- Up-to-date: /home/gavin/minimec/install/mini_mec_bringup/share/mini_mec_bringup/cmake/mini_mec_bringupConfig.cmake
[0.136s] -- Up-to-date: /home/gavin/minimec/install/mini_mec_bringup/share/mini_mec_bringup/cmake/mini_mec_bringupConfig-version.cmake
[0.136s] -- Up-to-date: /home/gavin/minimec/install/mini_mec_bringup/share/mini_mec_bringup/package.xml
[0.139s] Invoked command in '/home/gavin/minimec/build/mini_mec_bringup' returned '0': CMAKE_PREFIX_PATH=${CMAKE_PREFIX_PATH}:/opt/ros/humble /usr/bin/cmake --install /home/gavin/minimec/build/mini_mec_bringup
