[0.016s] Invoking command in '/home/gavin/minimec/build/mini_mec_description': CMAKE_PREFIX_PATH=${CMAKE_PREFIX_PATH}:/opt/ros/humble /usr/bin/cmake /home/gavin/minimec/src/mini_mec_description -DCMAKE_INSTALL_PREFIX=/home/gavin/minimec/install/mini_mec_description
[0.031s] -- Found ament_cmake: 1.3.10 (/opt/ros/humble/share/ament_cmake/cmake)
[0.199s] -- Override CMake install command with custom implementation using symlinks instead of copying resources
[0.329s] -- Configuring done
[0.334s] -- Generating done
[0.336s] -- Build files have been written to: /home/gavin/minimec/build/mini_mec_description
[0.342s] Invoked command in '/home/gavin/minimec/build/mini_mec_description' returned '0': CMAKE_PREFIX_PATH=${CMAKE_PREFIX_PATH}:/opt/ros/humble /usr/bin/cmake /home/gavin/minimec/src/mini_mec_description -DCMAKE_INSTALL_PREFIX=/home/gavin/minimec/install/mini_mec_description
[0.343s] Invoking command in '/home/gavin/minimec/build/mini_mec_description': CMAKE_PREFIX_PATH=${CMAKE_PREFIX_PATH}:/opt/ros/humble /usr/bin/cmake --build /home/gavin/minimec/build/mini_mec_description -- -j8 -l8
[0.396s] Invoked command in '/home/gavin/minimec/build/mini_mec_description' returned '0': CMAKE_PREFIX_PATH=${CMAKE_PREFIX_PATH}:/opt/ros/humble /usr/bin/cmake --build /home/gavin/minimec/build/mini_mec_description -- -j8 -l8
[0.441s] Invoking command in '/home/gavin/minimec/build/mini_mec_description': CMAKE_PREFIX_PATH=${CMAKE_PREFIX_PATH}:/opt/ros/humble /usr/bin/cmake --install /home/gavin/minimec/build/mini_mec_description
[0.452s] -- Install configuration: ""
[0.453s] -- Execute custom install script
[0.453s] -- Symlinking: /home/gavin/minimec/install/mini_mec_description/share/mini_mec_description//urdf/common_properties.xacro
[0.468s] -- Up-to-date symlink: /home/gavin/minimec/install/mini_mec_description/share/mini_mec_description//urdf/mini_mec_robot.urdf.xacro
[0.469s] -- Up-to-date symlink: /home/gavin/minimec/install/mini_mec_description/share/mini_mec_description//launch/display.launch.xml
[0.469s] -- Up-to-date symlink: /home/gavin/minimec/install/mini_mec_description/share/mini_mec_description//rviz/urdf_config.rviz
[0.469s] -- Up-to-date symlink: /home/gavin/minimec/install/mini_mec_description/share/ament_index/resource_index/package_run_dependencies/mini_mec_description
[0.469s] -- Up-to-date symlink: /home/gavin/minimec/install/mini_mec_description/share/ament_index/resource_index/parent_prefix_path/mini_mec_description
[0.470s] -- Up-to-date symlink: /home/gavin/minimec/install/mini_mec_description/share/mini_mec_description/environment/ament_prefix_path.sh
[0.470s] -- Up-to-date symlink: /home/gavin/minimec/install/mini_mec_description/share/mini_mec_description/environment/ament_prefix_path.dsv
[0.470s] -- Up-to-date symlink: /home/gavin/minimec/install/mini_mec_description/share/mini_mec_description/environment/path.sh
[0.471s] -- Up-to-date symlink: /home/gavin/minimec/install/mini_mec_description/share/mini_mec_description/environment/path.dsv
[0.471s] -- Up-to-date symlink: /home/gavin/minimec/install/mini_mec_description/share/mini_mec_description/local_setup.bash
[0.471s] -- Up-to-date symlink: /home/gavin/minimec/install/mini_mec_description/share/mini_mec_description/local_setup.sh
[0.471s] -- Up-to-date symlink: /home/gavin/minimec/install/mini_mec_description/share/mini_mec_description/local_setup.zsh
[0.472s] -- Up-to-date symlink: /home/gavin/minimec/install/mini_mec_description/share/mini_mec_description/local_setup.dsv
[0.472s] -- Symlinking: /home/gavin/minimec/install/mini_mec_description/share/mini_mec_description/package.dsv
[0.485s] -- Up-to-date symlink: /home/gavin/minimec/install/mini_mec_description/share/ament_index/resource_index/packages/mini_mec_description
[0.486s] -- Up-to-date symlink: /home/gavin/minimec/install/mini_mec_description/share/mini_mec_description/cmake/mini_mec_descriptionConfig.cmake
[0.486s] -- Up-to-date symlink: /home/gavin/minimec/install/mini_mec_description/share/mini_mec_description/cmake/mini_mec_descriptionConfig-version.cmake
[0.486s] -- Up-to-date symlink: /home/gavin/minimec/install/mini_mec_description/share/mini_mec_description/package.xml
[0.489s] Invoked command in '/home/gavin/minimec/build/mini_mec_description' returned '0': CMAKE_PREFIX_PATH=${CMAKE_PREFIX_PATH}:/opt/ros/humble /usr/bin/cmake --install /home/gavin/minimec/build/mini_mec_description
