[0.017s] Invoking command in '/home/gavin/minimec/build/mini_mec_description': CMAKE_PREFIX_PATH=${CMAKE_PREFIX_PATH}:/opt/ros/humble /usr/bin/cmake --build /home/gavin/minimec/build/mini_mec_description -- -j8 -l8
[0.053s] -- Found ament_cmake: 1.3.10 (/opt/ros/humble/share/ament_cmake/cmake)
[0.370s] -- Configuring done
[0.373s] -- Generating done
[0.375s] -- Build files have been written to: /home/gavin/minimec/build/mini_mec_description
[0.407s] Invoked command in '/home/gavin/minimec/build/mini_mec_description' returned '0': CMAKE_PREFIX_PATH=${CMAKE_PREFIX_PATH}:/opt/ros/humble /usr/bin/cmake --build /home/gavin/minimec/build/mini_mec_description -- -j8 -l8
[0.453s] Invoking command in '/home/gavin/minimec/build/mini_mec_description': CMAKE_PREFIX_PATH=${CMAKE_PREFIX_PATH}:/opt/ros/humble /usr/bin/cmake --install /home/gavin/minimec/build/mini_mec_description
[0.464s] -- Install configuration: ""
[0.464s] -- Up-to-date: /home/gavin/minimec/install/mini_mec_description/share/mini_mec_description//urdf
[0.464s] -- Up-to-date: /home/gavin/minimec/install/mini_mec_description/share/mini_mec_description//urdf/mini_mec_robot.urdf
[0.464s] -- Up-to-date: /home/gavin/minimec/install/mini_mec_description/share/mini_mec_description//launch
[0.464s] -- Installing: /home/gavin/minimec/install/mini_mec_description/share/mini_mec_description//launch/display.launch.xml
[0.464s] -- Installing: /home/gavin/minimec/install/mini_mec_description/share/mini_mec_description//rviz
[0.465s] -- Installing: /home/gavin/minimec/install/mini_mec_description/share/mini_mec_description//rviz/urdf_config.rviz
[0.465s] -- Up-to-date: /home/gavin/minimec/install/mini_mec_description/share/ament_index/resource_index/package_run_dependencies/mini_mec_description
[0.465s] -- Installing: /home/gavin/minimec/install/mini_mec_description/share/ament_index/resource_index/parent_prefix_path/mini_mec_description
[0.465s] -- Up-to-date: /home/gavin/minimec/install/mini_mec_description/share/mini_mec_description/environment/ament_prefix_path.sh
[0.465s] -- Installing: /home/gavin/minimec/install/mini_mec_description/share/mini_mec_description/environment/ament_prefix_path.dsv
[0.466s] -- Up-to-date: /home/gavin/minimec/install/mini_mec_description/share/mini_mec_description/environment/path.sh
[0.466s] -- Installing: /home/gavin/minimec/install/mini_mec_description/share/mini_mec_description/environment/path.dsv
[0.467s] -- Up-to-date: /home/gavin/minimec/install/mini_mec_description/share/mini_mec_description/local_setup.bash
[0.467s] -- Up-to-date: /home/gavin/minimec/install/mini_mec_description/share/mini_mec_description/local_setup.sh
[0.467s] -- Up-to-date: /home/gavin/minimec/install/mini_mec_description/share/mini_mec_description/local_setup.zsh
[0.467s] -- Installing: /home/gavin/minimec/install/mini_mec_description/share/mini_mec_description/local_setup.dsv
[0.467s] -- Installing: /home/gavin/minimec/install/mini_mec_description/share/mini_mec_description/package.dsv
[0.468s] -- Up-to-date: /home/gavin/minimec/install/mini_mec_description/share/ament_index/resource_index/packages/mini_mec_description
[0.468s] -- Up-to-date: /home/gavin/minimec/install/mini_mec_description/share/mini_mec_description/cmake/mini_mec_descriptionConfig.cmake
[0.468s] -- Up-to-date: /home/gavin/minimec/install/mini_mec_description/share/mini_mec_description/cmake/mini_mec_descriptionConfig-version.cmake
[0.468s] -- Up-to-date: /home/gavin/minimec/install/mini_mec_description/share/mini_mec_description/package.xml
[0.470s] Invoked command in '/home/gavin/minimec/build/mini_mec_description' returned '0': CMAKE_PREFIX_PATH=${CMAKE_PREFIX_PATH}:/opt/ros/humble /usr/bin/cmake --install /home/gavin/minimec/build/mini_mec_description
