[0.023s] Invoking command in '/home/gavin/minimec/build/mini_mec_description': CMAKE_PREFIX_PATH=${CMAKE_PREFIX_PATH}:/home/gavin/minimec/install/wheeltec_control:/opt/ros/humble /usr/bin/cmake --build /home/gavin/minimec/build/mini_mec_description -- -j8 -l8
[0.080s] -- Found ament_cmake: 1.3.10 (/opt/ros/humble/share/ament_cmake/cmake)
[0.263s] -- Override CMake install command with custom implementation using symlinks instead of copying resources
[0.420s] -- Configuring done
[0.431s] -- Generating done
[0.433s] -- Build files have been written to: /home/gavin/minimec/build/mini_mec_description
[0.467s] Invoked command in '/home/gavin/minimec/build/mini_mec_description' returned '0': CMAKE_PREFIX_PATH=${CMAKE_PREFIX_PATH}:/home/gavin/minimec/install/wheeltec_control:/opt/ros/humble /usr/bin/cmake --build /home/gavin/minimec/build/mini_mec_description -- -j8 -l8
[0.516s] Invoking command in '/home/gavin/minimec/build/mini_mec_description': CMAKE_PREFIX_PATH=${CMAKE_PREFIX_PATH}:/home/gavin/minimec/install/wheeltec_control:/opt/ros/humble /usr/bin/cmake --install /home/gavin/minimec/build/mini_mec_description
[0.527s] -- Install configuration: ""
[0.527s] -- Execute custom install script
[0.528s] -- Up-to-date symlink: /home/gavin/minimec/install/mini_mec_description/share/mini_mec_description//urdf/common_properties.xacro
[0.528s] -- Up-to-date symlink: /home/gavin/minimec/install/mini_mec_description/share/mini_mec_description//urdf/mini_mec_robot.urdf.xacro
[0.528s] -- Up-to-date symlink: /home/gavin/minimec/install/mini_mec_description/share/mini_mec_description//urdf/mobile_base_gazebo.xacro
[0.528s] -- Up-to-date symlink: /home/gavin/minimec/install/mini_mec_description/share/mini_mec_description//launch/display.launch.xml
[0.529s] -- Up-to-date symlink: /home/gavin/minimec/install/mini_mec_description/share/mini_mec_description//rviz/urdf_config.rviz
[0.529s] -- Symlinking: /home/gavin/minimec/install/mini_mec_description/share/mini_mec_description//meshes/base_link.STL
[0.543s] -- Symlinking: /home/gavin/minimec/install/mini_mec_description/share/mini_mec_description//meshes/wheel.STL
[0.557s] -- Up-to-date symlink: /home/gavin/minimec/install/mini_mec_description/share/ament_index/resource_index/package_run_dependencies/mini_mec_description
[0.558s] -- Up-to-date symlink: /home/gavin/minimec/install/mini_mec_description/share/ament_index/resource_index/parent_prefix_path/mini_mec_description
[0.558s] -- Up-to-date symlink: /home/gavin/minimec/install/mini_mec_description/share/mini_mec_description/environment/ament_prefix_path.sh
[0.558s] -- Up-to-date symlink: /home/gavin/minimec/install/mini_mec_description/share/mini_mec_description/environment/ament_prefix_path.dsv
[0.558s] -- Up-to-date symlink: /home/gavin/minimec/install/mini_mec_description/share/mini_mec_description/environment/path.sh
[0.558s] -- Up-to-date symlink: /home/gavin/minimec/install/mini_mec_description/share/mini_mec_description/environment/path.dsv
[0.559s] -- Up-to-date symlink: /home/gavin/minimec/install/mini_mec_description/share/mini_mec_description/local_setup.bash
[0.559s] -- Up-to-date symlink: /home/gavin/minimec/install/mini_mec_description/share/mini_mec_description/local_setup.sh
[0.559s] -- Up-to-date symlink: /home/gavin/minimec/install/mini_mec_description/share/mini_mec_description/local_setup.zsh
[0.559s] -- Up-to-date symlink: /home/gavin/minimec/install/mini_mec_description/share/mini_mec_description/local_setup.dsv
[0.560s] -- Symlinking: /home/gavin/minimec/install/mini_mec_description/share/mini_mec_description/package.dsv
[0.574s] -- Up-to-date symlink: /home/gavin/minimec/install/mini_mec_description/share/ament_index/resource_index/packages/mini_mec_description
[0.574s] -- Up-to-date symlink: /home/gavin/minimec/install/mini_mec_description/share/mini_mec_description/cmake/mini_mec_descriptionConfig.cmake
[0.574s] -- Up-to-date symlink: /home/gavin/minimec/install/mini_mec_description/share/mini_mec_description/cmake/mini_mec_descriptionConfig-version.cmake
[0.574s] -- Up-to-date symlink: /home/gavin/minimec/install/mini_mec_description/share/mini_mec_description/package.xml
[0.578s] Invoked command in '/home/gavin/minimec/build/mini_mec_description' returned '0': CMAKE_PREFIX_PATH=${CMAKE_PREFIX_PATH}:/home/gavin/minimec/install/wheeltec_control:/opt/ros/humble /usr/bin/cmake --install /home/gavin/minimec/build/mini_mec_description
