[0.145s] DEBUG:colcon:Command line arguments: ['/usr/bin/colcon', 'build', '--symlink-install']
[0.145s] DEBUG:colcon:Parsed command line arguments: Namespace(log_base=None, log_level=None, verb_name='build', build_base='build', install_base='install', merge_install=False, symlink_install=True, test_result_base=None, continue_on_error=False, executor='parallel', parallel_workers=8, event_handlers=None, ignore_user_meta=False, metas=['./colcon.meta'], base_paths=['.'], packages_ignore=None, packages_ignore_regex=None, paths=None, packages_up_to=None, packages_up_to_regex=None, packages_above=None, packages_above_and_dependencies=None, packages_above_depth=None, packages_select_by_dep=None, packages_skip_by_dep=None, packages_skip_up_to=None, packages_select_build_failed=False, packages_skip_build_finished=False, packages_select_test_failures=False, packages_skip_test_passed=False, packages_select=None, packages_skip=None, packages_select_regex=None, packages_skip_regex=None, packages_start=None, packages_end=None, allow_overriding=[], cmake_args=None, cmake_target=None, cmake_target_skip_unavailable=False, cmake_clean_cache=False, cmake_clean_first=False, cmake_force_configure=False, ament_cmake_args=None, catkin_cmake_args=None, catkin_skip_building_tests=False, mixin_files=None, mixin=None, verb_parser=<colcon_mixin.mixin.mixin_argument.MixinArgumentDecorator object at 0x75c54fd37790>, verb_extension=<colcon_core.verb.build.BuildVerb object at 0x75c54fd371f0>, main=<bound method BuildVerb.main of <colcon_core.verb.build.BuildVerb object at 0x75c54fd371f0>>, mixin_verb=('build',))
[0.367s] Level 1:colcon.colcon_core.package_discovery:discover_packages(colcon_meta) check parameters
[0.367s] Level 1:colcon.colcon_core.package_discovery:discover_packages(recursive) check parameters
[0.367s] Level 1:colcon.colcon_core.package_discovery:discover_packages(ignore) check parameters
[0.367s] Level 1:colcon.colcon_core.package_discovery:discover_packages(path) check parameters
[0.367s] Level 1:colcon.colcon_core.package_discovery:discover_packages(colcon_meta) discover
[0.367s] Level 1:colcon.colcon_core.package_discovery:discover_packages(recursive) discover
[0.367s] INFO:colcon.colcon_core.package_discovery:Crawling recursively for packages in '/home/gavin/minimec'
[0.367s] Level 1:colcon.colcon_core.package_identification:_identify(.) by extensions ['ignore', 'ignore_ament_install']
[0.367s] Level 1:colcon.colcon_core.package_identification:_identify(.) by extension 'ignore'
[0.367s] Level 1:colcon.colcon_core.package_identification:_identify(.) by extension 'ignore_ament_install'
[0.367s] Level 1:colcon.colcon_core.package_identification:_identify(.) by extensions ['colcon_pkg']
[0.368s] Level 1:colcon.colcon_core.package_identification:_identify(.) by extension 'colcon_pkg'
[0.368s] Level 1:colcon.colcon_core.package_identification:_identify(.) by extensions ['colcon_meta']
[0.368s] Level 1:colcon.colcon_core.package_identification:_identify(.) by extension 'colcon_meta'
[0.368s] Level 1:colcon.colcon_core.package_identification:_identify(.) by extensions ['ros']
[0.368s] Level 1:colcon.colcon_core.package_identification:_identify(.) by extension 'ros'
[0.379s] Level 1:colcon.colcon_core.package_identification:_identify(.) by extensions ['cmake', 'python']
[0.379s] Level 1:colcon.colcon_core.package_identification:_identify(.) by extension 'cmake'
[0.379s] Level 1:colcon.colcon_core.package_identification:_identify(.) by extension 'python'
[0.379s] Level 1:colcon.colcon_core.package_identification:_identify(.) by extensions ['python_setup_py']
[0.379s] Level 1:colcon.colcon_core.package_identification:_identify(.) by extension 'python_setup_py'
[0.379s] Level 1:colcon.colcon_core.package_identification:_identify(build) by extensions ['ignore', 'ignore_ament_install']
[0.379s] Level 1:colcon.colcon_core.package_identification:_identify(build) by extension 'ignore'
[0.379s] Level 1:colcon.colcon_core.package_identification:_identify(build) ignored
[0.380s] Level 1:colcon.colcon_core.package_identification:_identify(install) by extensions ['ignore', 'ignore_ament_install']
[0.380s] Level 1:colcon.colcon_core.package_identification:_identify(install) by extension 'ignore'
[0.380s] Level 1:colcon.colcon_core.package_identification:_identify(install) ignored
[0.380s] Level 1:colcon.colcon_core.package_identification:_identify(log) by extensions ['ignore', 'ignore_ament_install']
[0.380s] Level 1:colcon.colcon_core.package_identification:_identify(log) by extension 'ignore'
[0.380s] Level 1:colcon.colcon_core.package_identification:_identify(log) ignored
[0.380s] Level 1:colcon.colcon_core.package_identification:_identify(src) by extensions ['ignore', 'ignore_ament_install']
[0.380s] Level 1:colcon.colcon_core.package_identification:_identify(src) by extension 'ignore'
[0.380s] Level 1:colcon.colcon_core.package_identification:_identify(src) by extension 'ignore_ament_install'
[0.380s] Level 1:colcon.colcon_core.package_identification:_identify(src) by extensions ['colcon_pkg']
[0.380s] Level 1:colcon.colcon_core.package_identification:_identify(src) by extension 'colcon_pkg'
[0.380s] Level 1:colcon.colcon_core.package_identification:_identify(src) by extensions ['colcon_meta']
[0.380s] Level 1:colcon.colcon_core.package_identification:_identify(src) by extension 'colcon_meta'
[0.380s] Level 1:colcon.colcon_core.package_identification:_identify(src) by extensions ['ros']
[0.380s] Level 1:colcon.colcon_core.package_identification:_identify(src) by extension 'ros'
[0.381s] Level 1:colcon.colcon_core.package_identification:_identify(src) by extensions ['cmake', 'python']
[0.381s] Level 1:colcon.colcon_core.package_identification:_identify(src) by extension 'cmake'
[0.381s] Level 1:colcon.colcon_core.package_identification:_identify(src) by extension 'python'
[0.381s] Level 1:colcon.colcon_core.package_identification:_identify(src) by extensions ['python_setup_py']
[0.381s] Level 1:colcon.colcon_core.package_identification:_identify(src) by extension 'python_setup_py'
[0.381s] Level 1:colcon.colcon_core.package_identification:_identify(src/mini_mec_bringup) by extensions ['ignore', 'ignore_ament_install']
[0.381s] Level 1:colcon.colcon_core.package_identification:_identify(src/mini_mec_bringup) by extension 'ignore'
[0.381s] Level 1:colcon.colcon_core.package_identification:_identify(src/mini_mec_bringup) by extension 'ignore_ament_install'
[0.381s] Level 1:colcon.colcon_core.package_identification:_identify(src/mini_mec_bringup) by extensions ['colcon_pkg']
[0.381s] Level 1:colcon.colcon_core.package_identification:_identify(src/mini_mec_bringup) by extension 'colcon_pkg'
[0.381s] Level 1:colcon.colcon_core.package_identification:_identify(src/mini_mec_bringup) by extensions ['colcon_meta']
[0.381s] Level 1:colcon.colcon_core.package_identification:_identify(src/mini_mec_bringup) by extension 'colcon_meta'
[0.381s] Level 1:colcon.colcon_core.package_identification:_identify(src/mini_mec_bringup) by extensions ['ros']
[0.381s] Level 1:colcon.colcon_core.package_identification:_identify(src/mini_mec_bringup) by extension 'ros'
[0.384s] DEBUG:colcon.colcon_core.package_identification:Package 'src/mini_mec_bringup' with type 'ros.ament_cmake' and name 'mini_mec_bringup'
[0.384s] Level 1:colcon.colcon_core.package_identification:_identify(src/mini_mec_description) by extensions ['ignore', 'ignore_ament_install']
[0.384s] Level 1:colcon.colcon_core.package_identification:_identify(src/mini_mec_description) by extension 'ignore'
[0.384s] Level 1:colcon.colcon_core.package_identification:_identify(src/mini_mec_description) by extension 'ignore_ament_install'
[0.384s] Level 1:colcon.colcon_core.package_identification:_identify(src/mini_mec_description) by extensions ['colcon_pkg']
[0.384s] Level 1:colcon.colcon_core.package_identification:_identify(src/mini_mec_description) by extension 'colcon_pkg'
[0.384s] Level 1:colcon.colcon_core.package_identification:_identify(src/mini_mec_description) by extensions ['colcon_meta']
[0.384s] Level 1:colcon.colcon_core.package_identification:_identify(src/mini_mec_description) by extension 'colcon_meta'
[0.384s] Level 1:colcon.colcon_core.package_identification:_identify(src/mini_mec_description) by extensions ['ros']
[0.384s] Level 1:colcon.colcon_core.package_identification:_identify(src/mini_mec_description) by extension 'ros'
[0.385s] DEBUG:colcon.colcon_core.package_identification:Package 'src/mini_mec_description' with type 'ros.ament_cmake' and name 'mini_mec_description'
[0.385s] Level 1:colcon.colcon_core.package_identification:_identify(src/wheeltec_control) by extensions ['ignore', 'ignore_ament_install']
[0.385s] Level 1:colcon.colcon_core.package_identification:_identify(src/wheeltec_control) by extension 'ignore'
[0.385s] Level 1:colcon.colcon_core.package_identification:_identify(src/wheeltec_control) by extension 'ignore_ament_install'
[0.385s] Level 1:colcon.colcon_core.package_identification:_identify(src/wheeltec_control) by extensions ['colcon_pkg']
[0.385s] Level 1:colcon.colcon_core.package_identification:_identify(src/wheeltec_control) by extension 'colcon_pkg'
[0.386s] Level 1:colcon.colcon_core.package_identification:_identify(src/wheeltec_control) by extensions ['colcon_meta']
[0.386s] Level 1:colcon.colcon_core.package_identification:_identify(src/wheeltec_control) by extension 'colcon_meta'
[0.386s] Level 1:colcon.colcon_core.package_identification:_identify(src/wheeltec_control) by extensions ['ros']
[0.386s] Level 1:colcon.colcon_core.package_identification:_identify(src/wheeltec_control) by extension 'ros'
[0.386s] DEBUG:colcon.colcon_core.package_identification:Package 'src/wheeltec_control' with type 'ros.ament_python' and name 'wheeltec_control'
[0.386s] Level 1:colcon.colcon_core.package_discovery:discover_packages(recursive) using defaults
[0.387s] Level 1:colcon.colcon_core.package_discovery:discover_packages(ignore) discover
[0.387s] Level 1:colcon.colcon_core.package_discovery:discover_packages(ignore) using defaults
[0.387s] Level 1:colcon.colcon_core.package_discovery:discover_packages(path) discover
[0.387s] Level 1:colcon.colcon_core.package_discovery:discover_packages(path) using defaults
[0.421s] Level 1:colcon.colcon_core.package_discovery:discover_packages(prefix_path) check parameters
[0.421s] Level 1:colcon.colcon_core.package_discovery:discover_packages(prefix_path) discover
[0.423s] DEBUG:colcon.colcon_installed_package_information.package_discovery:Found 3 installed packages in /home/gavin/minimec/install
[0.425s] DEBUG:colcon.colcon_installed_package_information.package_discovery:Found 341 installed packages in /opt/ros/humble
[0.427s] Level 1:colcon.colcon_core.package_discovery:discover_packages(prefix_path) using defaults
[0.474s] Level 5:colcon.colcon_core.verb:set package 'mini_mec_description' build argument 'cmake_args' from command line to 'None'
[0.474s] Level 5:colcon.colcon_core.verb:set package 'mini_mec_description' build argument 'cmake_target' from command line to 'None'
[0.474s] Level 5:colcon.colcon_core.verb:set package 'mini_mec_description' build argument 'cmake_target_skip_unavailable' from command line to 'False'
[0.474s] Level 5:colcon.colcon_core.verb:set package 'mini_mec_description' build argument 'cmake_clean_cache' from command line to 'False'
[0.474s] Level 5:colcon.colcon_core.verb:set package 'mini_mec_description' build argument 'cmake_clean_first' from command line to 'False'
[0.474s] Level 5:colcon.colcon_core.verb:set package 'mini_mec_description' build argument 'cmake_force_configure' from command line to 'False'
[0.474s] Level 5:colcon.colcon_core.verb:set package 'mini_mec_description' build argument 'ament_cmake_args' from command line to 'None'
[0.474s] Level 5:colcon.colcon_core.verb:set package 'mini_mec_description' build argument 'catkin_cmake_args' from command line to 'None'
[0.474s] Level 5:colcon.colcon_core.verb:set package 'mini_mec_description' build argument 'catkin_skip_building_tests' from command line to 'False'
[0.474s] DEBUG:colcon.colcon_core.verb:Building package 'mini_mec_description' with the following arguments: {'ament_cmake_args': None, 'build_base': '/home/gavin/minimec/build/mini_mec_description', 'catkin_cmake_args': None, 'catkin_skip_building_tests': False, 'cmake_args': None, 'cmake_clean_cache': False, 'cmake_clean_first': False, 'cmake_force_configure': False, 'cmake_target': None, 'cmake_target_skip_unavailable': False, 'install_base': '/home/gavin/minimec/install/mini_mec_description', 'merge_install': False, 'path': '/home/gavin/minimec/src/mini_mec_description', 'symlink_install': True, 'test_result_base': None}
[0.475s] Level 5:colcon.colcon_core.verb:set package 'wheeltec_control' build argument 'cmake_args' from command line to 'None'
[0.475s] Level 5:colcon.colcon_core.verb:set package 'wheeltec_control' build argument 'cmake_target' from command line to 'None'
[0.475s] Level 5:colcon.colcon_core.verb:set package 'wheeltec_control' build argument 'cmake_target_skip_unavailable' from command line to 'False'
[0.475s] Level 5:colcon.colcon_core.verb:set package 'wheeltec_control' build argument 'cmake_clean_cache' from command line to 'False'
[0.475s] Level 5:colcon.colcon_core.verb:set package 'wheeltec_control' build argument 'cmake_clean_first' from command line to 'False'
[0.475s] Level 5:colcon.colcon_core.verb:set package 'wheeltec_control' build argument 'cmake_force_configure' from command line to 'False'
[0.475s] Level 5:colcon.colcon_core.verb:set package 'wheeltec_control' build argument 'ament_cmake_args' from command line to 'None'
[0.475s] Level 5:colcon.colcon_core.verb:set package 'wheeltec_control' build argument 'catkin_cmake_args' from command line to 'None'
[0.475s] Level 5:colcon.colcon_core.verb:set package 'wheeltec_control' build argument 'catkin_skip_building_tests' from command line to 'False'
[0.475s] DEBUG:colcon.colcon_core.verb:Building package 'wheeltec_control' with the following arguments: {'ament_cmake_args': None, 'build_base': '/home/gavin/minimec/build/wheeltec_control', 'catkin_cmake_args': None, 'catkin_skip_building_tests': False, 'cmake_args': None, 'cmake_clean_cache': False, 'cmake_clean_first': False, 'cmake_force_configure': False, 'cmake_target': None, 'cmake_target_skip_unavailable': False, 'install_base': '/home/gavin/minimec/install/wheeltec_control', 'merge_install': False, 'path': '/home/gavin/minimec/src/wheeltec_control', 'symlink_install': True, 'test_result_base': None}
[0.475s] Level 5:colcon.colcon_core.verb:set package 'mini_mec_bringup' build argument 'cmake_args' from command line to 'None'
[0.475s] Level 5:colcon.colcon_core.verb:set package 'mini_mec_bringup' build argument 'cmake_target' from command line to 'None'
[0.475s] Level 5:colcon.colcon_core.verb:set package 'mini_mec_bringup' build argument 'cmake_target_skip_unavailable' from command line to 'False'
[0.475s] Level 5:colcon.colcon_core.verb:set package 'mini_mec_bringup' build argument 'cmake_clean_cache' from command line to 'False'
[0.475s] Level 5:colcon.colcon_core.verb:set package 'mini_mec_bringup' build argument 'cmake_clean_first' from command line to 'False'
[0.476s] Level 5:colcon.colcon_core.verb:set package 'mini_mec_bringup' build argument 'cmake_force_configure' from command line to 'False'
[0.476s] Level 5:colcon.colcon_core.verb:set package 'mini_mec_bringup' build argument 'ament_cmake_args' from command line to 'None'
[0.476s] Level 5:colcon.colcon_core.verb:set package 'mini_mec_bringup' build argument 'catkin_cmake_args' from command line to 'None'
[0.476s] Level 5:colcon.colcon_core.verb:set package 'mini_mec_bringup' build argument 'catkin_skip_building_tests' from command line to 'False'
[0.476s] DEBUG:colcon.colcon_core.verb:Building package 'mini_mec_bringup' with the following arguments: {'ament_cmake_args': None, 'build_base': '/home/gavin/minimec/build/mini_mec_bringup', 'catkin_cmake_args': None, 'catkin_skip_building_tests': False, 'cmake_args': None, 'cmake_clean_cache': False, 'cmake_clean_first': False, 'cmake_force_configure': False, 'cmake_target': None, 'cmake_target_skip_unavailable': False, 'install_base': '/home/gavin/minimec/install/mini_mec_bringup', 'merge_install': False, 'path': '/home/gavin/minimec/src/mini_mec_bringup', 'symlink_install': True, 'test_result_base': None}
[0.476s] INFO:colcon.colcon_core.executor:Executing jobs using 'parallel' executor
[0.477s] DEBUG:colcon.colcon_parallel_executor.executor.parallel:run_until_complete
[0.477s] INFO:colcon.colcon_ros.task.ament_cmake.build:Building ROS package in '/home/gavin/minimec/src/mini_mec_description' with build type 'ament_cmake'
[0.477s] INFO:colcon.colcon_cmake.task.cmake.build:Building CMake package in '/home/gavin/minimec/src/mini_mec_description'
[0.480s] INFO:colcon.colcon_core.plugin_system:Skipping extension 'colcon_core.shell.bat': Not used on non-Windows systems
[0.480s] INFO:colcon.colcon_core.shell:Skip shell extension 'powershell' for command environment: Not usable outside of PowerShell
[0.480s] DEBUG:colcon.colcon_core.shell:Skip shell extension 'dsv' for command environment
[0.484s] INFO:colcon.colcon_ros.task.ament_python.build:Building ROS package in '/home/gavin/minimec/src/wheeltec_control' with build type 'ament_python'
[0.485s] Level 1:colcon.colcon_core.shell:create_environment_hook('wheeltec_control', 'ament_prefix_path')
[0.485s] INFO:colcon.colcon_core.shell:Creating environment hook '/home/gavin/minimec/install/wheeltec_control/share/wheeltec_control/hook/ament_prefix_path.ps1'
[0.486s] INFO:colcon.colcon_core.shell:Creating environment descriptor '/home/gavin/minimec/install/wheeltec_control/share/wheeltec_control/hook/ament_prefix_path.dsv'
[0.487s] INFO:colcon.colcon_core.shell:Creating environment hook '/home/gavin/minimec/install/wheeltec_control/share/wheeltec_control/hook/ament_prefix_path.sh'
[0.488s] INFO:colcon.colcon_core.shell:Skip shell extension 'powershell' for command environment: Not usable outside of PowerShell
[0.489s] DEBUG:colcon.colcon_core.shell:Skip shell extension 'dsv' for command environment
[0.501s] DEBUG:colcon.colcon_core.event_handler.log_command:Invoking command in '/home/gavin/minimec/build/mini_mec_description': CMAKE_PREFIX_PATH=${CMAKE_PREFIX_PATH}:/home/gavin/minimec/install/wheeltec_control:/opt/ros/humble /usr/bin/cmake --build /home/gavin/minimec/build/mini_mec_description -- -j8 -l8
[0.821s] INFO:colcon.colcon_core.task.python.build:Building Python package in '/home/gavin/minimec/src/wheeltec_control'
[0.822s] INFO:colcon.colcon_core.shell:Skip shell extension 'powershell' for command environment: Not usable outside of PowerShell
[0.822s] DEBUG:colcon.colcon_core.shell:Skip shell extension 'dsv' for command environment
[0.830s] DEBUG:colcon.colcon_core.event_handler.log_command:Invoked command in '/home/gavin/minimec/build/mini_mec_description' returned '0': CMAKE_PREFIX_PATH=${CMAKE_PREFIX_PATH}:/home/gavin/minimec/install/wheeltec_control:/opt/ros/humble /usr/bin/cmake --build /home/gavin/minimec/build/mini_mec_description -- -j8 -l8
[0.874s] DEBUG:colcon.colcon_core.event_handler.log_command:Invoking command in '/home/gavin/minimec/build/mini_mec_description': CMAKE_PREFIX_PATH=${CMAKE_PREFIX_PATH}:/home/gavin/minimec/install/wheeltec_control:/opt/ros/humble /usr/bin/cmake --install /home/gavin/minimec/build/mini_mec_description
[0.906s] Level 1:colcon.colcon_core.environment:create_environment_scripts_only(mini_mec_description)
[0.907s] DEBUG:colcon.colcon_core.event_handler.log_command:Invoked command in '/home/gavin/minimec/build/mini_mec_description' returned '0': CMAKE_PREFIX_PATH=${CMAKE_PREFIX_PATH}:/home/gavin/minimec/install/wheeltec_control:/opt/ros/humble /usr/bin/cmake --install /home/gavin/minimec/build/mini_mec_description
[0.912s] Level 1:colcon.colcon_core.environment:checking '/home/gavin/minimec/install/mini_mec_description' for CMake module files
[0.914s] Level 1:colcon.colcon_core.environment:checking '/home/gavin/minimec/install/mini_mec_description' for CMake config files
[0.915s] Level 1:colcon.colcon_core.shell:create_environment_hook('mini_mec_description', 'cmake_prefix_path')
[0.915s] INFO:colcon.colcon_core.shell:Creating environment hook '/home/gavin/minimec/install/mini_mec_description/share/mini_mec_description/hook/cmake_prefix_path.ps1'
[0.916s] INFO:colcon.colcon_core.shell:Creating environment descriptor '/home/gavin/minimec/install/mini_mec_description/share/mini_mec_description/hook/cmake_prefix_path.dsv'
[0.917s] INFO:colcon.colcon_core.shell:Creating environment hook '/home/gavin/minimec/install/mini_mec_description/share/mini_mec_description/hook/cmake_prefix_path.sh'
[0.919s] Level 1:colcon.colcon_core.environment:checking '/home/gavin/minimec/install/mini_mec_description/bin'
[0.920s] Level 1:colcon.colcon_core.environment:checking '/home/gavin/minimec/install/mini_mec_description/lib/pkgconfig/mini_mec_description.pc'
[0.920s] Level 1:colcon.colcon_core.environment:checking '/home/gavin/minimec/install/mini_mec_description/lib/python3.10/site-packages'
[0.921s] Level 1:colcon.colcon_core.environment:checking '/home/gavin/minimec/install/mini_mec_description/bin'
[0.921s] INFO:colcon.colcon_core.shell:Creating package script '/home/gavin/minimec/install/mini_mec_description/share/mini_mec_description/package.ps1'
[0.923s] INFO:colcon.colcon_core.shell:Creating package descriptor '/home/gavin/minimec/install/mini_mec_description/share/mini_mec_description/package.dsv'
[0.925s] INFO:colcon.colcon_core.shell:Creating package script '/home/gavin/minimec/install/mini_mec_description/share/mini_mec_description/package.sh'
[0.927s] INFO:colcon.colcon_core.shell:Creating package script '/home/gavin/minimec/install/mini_mec_description/share/mini_mec_description/package.bash'
[0.929s] INFO:colcon.colcon_core.shell:Creating package script '/home/gavin/minimec/install/mini_mec_description/share/mini_mec_description/package.zsh'
[0.930s] Level 1:colcon.colcon_core.environment:create_file_with_runtime_dependencies(/home/gavin/minimec/install/mini_mec_description/share/colcon-core/packages/mini_mec_description)
[0.969s] Level 1:colcon.colcon_core.environment:create_environment_scripts_only(mini_mec_description)
[0.969s] Level 1:colcon.colcon_core.environment:checking '/home/gavin/minimec/install/mini_mec_description' for CMake module files
[0.970s] Level 1:colcon.colcon_core.environment:checking '/home/gavin/minimec/install/mini_mec_description' for CMake config files
[0.970s] Level 1:colcon.colcon_core.shell:create_environment_hook('mini_mec_description', 'cmake_prefix_path')
[0.971s] INFO:colcon.colcon_core.shell:Creating environment hook '/home/gavin/minimec/install/mini_mec_description/share/mini_mec_description/hook/cmake_prefix_path.ps1'
[0.971s] INFO:colcon.colcon_core.shell:Creating environment descriptor '/home/gavin/minimec/install/mini_mec_description/share/mini_mec_description/hook/cmake_prefix_path.dsv'
[0.972s] INFO:colcon.colcon_core.shell:Creating environment hook '/home/gavin/minimec/install/mini_mec_description/share/mini_mec_description/hook/cmake_prefix_path.sh'
[0.973s] Level 1:colcon.colcon_core.environment:checking '/home/gavin/minimec/install/mini_mec_description/bin'
[0.973s] Level 1:colcon.colcon_core.environment:checking '/home/gavin/minimec/install/mini_mec_description/lib/pkgconfig/mini_mec_description.pc'
[0.973s] Level 1:colcon.colcon_core.environment:checking '/home/gavin/minimec/install/mini_mec_description/lib/python3.10/site-packages'
[0.973s] Level 1:colcon.colcon_core.environment:checking '/home/gavin/minimec/install/mini_mec_description/bin'
[0.974s] INFO:colcon.colcon_core.shell:Creating package script '/home/gavin/minimec/install/mini_mec_description/share/mini_mec_description/package.ps1'
[0.974s] INFO:colcon.colcon_core.shell:Creating package descriptor '/home/gavin/minimec/install/mini_mec_description/share/mini_mec_description/package.dsv'
[0.975s] INFO:colcon.colcon_core.shell:Creating package script '/home/gavin/minimec/install/mini_mec_description/share/mini_mec_description/package.sh'
[0.975s] INFO:colcon.colcon_core.shell:Creating package script '/home/gavin/minimec/install/mini_mec_description/share/mini_mec_description/package.bash'
[0.976s] INFO:colcon.colcon_core.shell:Creating package script '/home/gavin/minimec/install/mini_mec_description/share/mini_mec_description/package.zsh'
[0.976s] Level 1:colcon.colcon_core.environment:create_file_with_runtime_dependencies(/home/gavin/minimec/install/mini_mec_description/share/colcon-core/packages/mini_mec_description)
[0.977s] INFO:colcon.colcon_ros.task.ament_cmake.build:Building ROS package in '/home/gavin/minimec/src/mini_mec_bringup' with build type 'ament_cmake'
[0.977s] INFO:colcon.colcon_cmake.task.cmake.build:Building CMake package in '/home/gavin/minimec/src/mini_mec_bringup'
[0.977s] INFO:colcon.colcon_core.shell:Skip shell extension 'powershell' for command environment: Not usable outside of PowerShell
[0.977s] DEBUG:colcon.colcon_core.shell:Skip shell extension 'dsv' for command environment
[0.992s] DEBUG:colcon.colcon_core.event_handler.log_command:Invoking command in '/home/gavin/minimec/build/mini_mec_bringup': CMAKE_PREFIX_PATH=/home/gavin/minimec/install/mini_mec_description:/home/gavin/minimec/install/mini_mec_bringup:/home/gavin/minimec/install/wheeltec_control:/opt/ros/humble /usr/bin/cmake --build /home/gavin/minimec/build/mini_mec_bringup -- -j8 -l8
[1.046s] DEBUG:colcon.colcon_core.event_handler.log_command:Invoked command in '/home/gavin/minimec/build/mini_mec_bringup' returned '0': CMAKE_PREFIX_PATH=/home/gavin/minimec/install/mini_mec_description:/home/gavin/minimec/install/mini_mec_bringup:/home/gavin/minimec/install/wheeltec_control:/opt/ros/humble /usr/bin/cmake --build /home/gavin/minimec/build/mini_mec_bringup -- -j8 -l8
[1.076s] DEBUG:colcon.colcon_core.event_handler.log_command:Invoking command in '/home/gavin/minimec/build/mini_mec_bringup': CMAKE_PREFIX_PATH=/home/gavin/minimec/install/mini_mec_description:/home/gavin/minimec/install/mini_mec_bringup:/home/gavin/minimec/install/wheeltec_control:/opt/ros/humble /usr/bin/cmake --install /home/gavin/minimec/build/mini_mec_bringup
[1.110s] Level 1:colcon.colcon_core.environment:create_environment_scripts_only(mini_mec_bringup)
[1.111s] Level 1:colcon.colcon_core.environment:checking '/home/gavin/minimec/install/mini_mec_bringup' for CMake module files
[1.112s] DEBUG:colcon.colcon_core.event_handler.log_command:Invoked command in '/home/gavin/minimec/build/mini_mec_bringup' returned '0': CMAKE_PREFIX_PATH=/home/gavin/minimec/install/mini_mec_description:/home/gavin/minimec/install/mini_mec_bringup:/home/gavin/minimec/install/wheeltec_control:/opt/ros/humble /usr/bin/cmake --install /home/gavin/minimec/build/mini_mec_bringup
[1.113s] Level 1:colcon.colcon_core.environment:checking '/home/gavin/minimec/install/mini_mec_bringup' for CMake config files
[1.114s] Level 1:colcon.colcon_core.shell:create_environment_hook('mini_mec_bringup', 'cmake_prefix_path')
[1.114s] INFO:colcon.colcon_core.shell:Creating environment hook '/home/gavin/minimec/install/mini_mec_bringup/share/mini_mec_bringup/hook/cmake_prefix_path.ps1'
[1.115s] INFO:colcon.colcon_core.shell:Creating environment descriptor '/home/gavin/minimec/install/mini_mec_bringup/share/mini_mec_bringup/hook/cmake_prefix_path.dsv'
[1.115s] INFO:colcon.colcon_core.shell:Creating environment hook '/home/gavin/minimec/install/mini_mec_bringup/share/mini_mec_bringup/hook/cmake_prefix_path.sh'
[1.116s] Level 1:colcon.colcon_core.environment:checking '/home/gavin/minimec/install/mini_mec_bringup/bin'
[1.116s] Level 1:colcon.colcon_core.environment:checking '/home/gavin/minimec/install/mini_mec_bringup/lib/pkgconfig/mini_mec_bringup.pc'
[1.116s] Level 1:colcon.colcon_core.environment:checking '/home/gavin/minimec/install/mini_mec_bringup/lib/python3.10/site-packages'
[1.117s] Level 1:colcon.colcon_core.environment:checking '/home/gavin/minimec/install/mini_mec_bringup/bin'
[1.117s] INFO:colcon.colcon_core.shell:Creating package script '/home/gavin/minimec/install/mini_mec_bringup/share/mini_mec_bringup/package.ps1'
[1.118s] INFO:colcon.colcon_core.shell:Creating package descriptor '/home/gavin/minimec/install/mini_mec_bringup/share/mini_mec_bringup/package.dsv'
[1.119s] INFO:colcon.colcon_core.shell:Creating package script '/home/gavin/minimec/install/mini_mec_bringup/share/mini_mec_bringup/package.sh'
[1.119s] INFO:colcon.colcon_core.shell:Creating package script '/home/gavin/minimec/install/mini_mec_bringup/share/mini_mec_bringup/package.bash'
[1.120s] INFO:colcon.colcon_core.shell:Creating package script '/home/gavin/minimec/install/mini_mec_bringup/share/mini_mec_bringup/package.zsh'
[1.121s] Level 1:colcon.colcon_core.environment:create_file_with_runtime_dependencies(/home/gavin/minimec/install/mini_mec_bringup/share/colcon-core/packages/mini_mec_bringup)
[1.161s] Level 1:colcon.colcon_core.environment:create_environment_scripts_only(mini_mec_bringup)
[1.161s] Level 1:colcon.colcon_core.environment:checking '/home/gavin/minimec/install/mini_mec_bringup' for CMake module files
[1.162s] Level 1:colcon.colcon_core.environment:checking '/home/gavin/minimec/install/mini_mec_bringup' for CMake config files
[1.162s] Level 1:colcon.colcon_core.shell:create_environment_hook('mini_mec_bringup', 'cmake_prefix_path')
[1.163s] INFO:colcon.colcon_core.shell:Creating environment hook '/home/gavin/minimec/install/mini_mec_bringup/share/mini_mec_bringup/hook/cmake_prefix_path.ps1'
[1.163s] INFO:colcon.colcon_core.shell:Creating environment descriptor '/home/gavin/minimec/install/mini_mec_bringup/share/mini_mec_bringup/hook/cmake_prefix_path.dsv'
[1.164s] INFO:colcon.colcon_core.shell:Creating environment hook '/home/gavin/minimec/install/mini_mec_bringup/share/mini_mec_bringup/hook/cmake_prefix_path.sh'
[1.164s] Level 1:colcon.colcon_core.environment:checking '/home/gavin/minimec/install/mini_mec_bringup/bin'
[1.164s] Level 1:colcon.colcon_core.environment:checking '/home/gavin/minimec/install/mini_mec_bringup/lib/pkgconfig/mini_mec_bringup.pc'
[1.165s] Level 1:colcon.colcon_core.environment:checking '/home/gavin/minimec/install/mini_mec_bringup/lib/python3.10/site-packages'
[1.165s] Level 1:colcon.colcon_core.environment:checking '/home/gavin/minimec/install/mini_mec_bringup/bin'
[1.165s] INFO:colcon.colcon_core.shell:Creating package script '/home/gavin/minimec/install/mini_mec_bringup/share/mini_mec_bringup/package.ps1'
[1.166s] INFO:colcon.colcon_core.shell:Creating package descriptor '/home/gavin/minimec/install/mini_mec_bringup/share/mini_mec_bringup/package.dsv'
[1.166s] INFO:colcon.colcon_core.shell:Creating package script '/home/gavin/minimec/install/mini_mec_bringup/share/mini_mec_bringup/package.sh'
[1.167s] INFO:colcon.colcon_core.shell:Creating package script '/home/gavin/minimec/install/mini_mec_bringup/share/mini_mec_bringup/package.bash'
[1.167s] INFO:colcon.colcon_core.shell:Creating package script '/home/gavin/minimec/install/mini_mec_bringup/share/mini_mec_bringup/package.zsh'
[1.168s] Level 1:colcon.colcon_core.environment:create_file_with_runtime_dependencies(/home/gavin/minimec/install/mini_mec_bringup/share/colcon-core/packages/mini_mec_bringup)
[1.307s] DEBUG:colcon.colcon_core.event_handler.log_command:Invoking command in '/home/gavin/minimec/build/wheeltec_control': PYTHONPATH=/home/gavin/minimec/build/wheeltec_control/prefix_override:/usr/lib/python3/dist-packages/colcon_core/task/python/colcon_distutils_commands:/home/gavin/minimec/install/wheeltec_control/lib/python3.10/site-packages:${PYTHONPATH} /usr/bin/python3 -W ignore:setup.py install is deprecated setup.py develop --editable --build-directory /home/gavin/minimec/build/wheeltec_control/build --no-deps symlink_data
[1.841s] Level 1:colcon.colcon_core.shell:create_environment_hook('wheeltec_control', 'pythonpath_develop')
[1.841s] INFO:colcon.colcon_core.shell:Creating environment hook '/home/gavin/minimec/build/wheeltec_control/share/wheeltec_control/hook/pythonpath_develop.ps1'
[1.842s] DEBUG:colcon.colcon_core.event_handler.log_command:Invoked command in '/home/gavin/minimec/build/wheeltec_control' returned '0': PYTHONPATH=/home/gavin/minimec/build/wheeltec_control/prefix_override:/usr/lib/python3/dist-packages/colcon_core/task/python/colcon_distutils_commands:/home/gavin/minimec/install/wheeltec_control/lib/python3.10/site-packages:${PYTHONPATH} /usr/bin/python3 -W ignore:setup.py install is deprecated setup.py develop --editable --build-directory /home/gavin/minimec/build/wheeltec_control/build --no-deps symlink_data
[1.843s] INFO:colcon.colcon_core.shell:Creating environment descriptor '/home/gavin/minimec/build/wheeltec_control/share/wheeltec_control/hook/pythonpath_develop.dsv'
[1.843s] INFO:colcon.colcon_core.shell:Creating environment hook '/home/gavin/minimec/build/wheeltec_control/share/wheeltec_control/hook/pythonpath_develop.sh'
[1.844s] Level 1:colcon.colcon_core.environment:checking '/home/gavin/minimec/install/wheeltec_control' for CMake module files
[1.844s] Level 1:colcon.colcon_core.environment:checking '/home/gavin/minimec/install/wheeltec_control' for CMake config files
[1.845s] Level 1:colcon.colcon_core.environment:checking '/home/gavin/minimec/install/wheeltec_control/lib'
[1.845s] Level 1:colcon.colcon_core.environment:checking '/home/gavin/minimec/install/wheeltec_control/bin'
[1.845s] Level 1:colcon.colcon_core.environment:checking '/home/gavin/minimec/install/wheeltec_control/lib/pkgconfig/wheeltec_control.pc'
[1.845s] Level 1:colcon.colcon_core.environment:checking '/home/gavin/minimec/install/wheeltec_control/lib/python3.10/site-packages'
[1.845s] Level 1:colcon.colcon_core.shell:create_environment_hook('wheeltec_control', 'pythonpath')
[1.846s] INFO:colcon.colcon_core.shell:Creating environment hook '/home/gavin/minimec/install/wheeltec_control/share/wheeltec_control/hook/pythonpath.ps1'
[1.846s] INFO:colcon.colcon_core.shell:Creating environment descriptor '/home/gavin/minimec/install/wheeltec_control/share/wheeltec_control/hook/pythonpath.dsv'
[1.846s] INFO:colcon.colcon_core.shell:Creating environment hook '/home/gavin/minimec/install/wheeltec_control/share/wheeltec_control/hook/pythonpath.sh'
[1.847s] Level 1:colcon.colcon_core.environment:checking '/home/gavin/minimec/install/wheeltec_control/bin'
[1.847s] Level 1:colcon.colcon_core.environment:create_environment_scripts_only(wheeltec_control)
[1.848s] INFO:colcon.colcon_core.shell:Creating package script '/home/gavin/minimec/install/wheeltec_control/share/wheeltec_control/package.ps1'
[1.848s] INFO:colcon.colcon_core.shell:Creating package descriptor '/home/gavin/minimec/install/wheeltec_control/share/wheeltec_control/package.dsv'
[1.849s] INFO:colcon.colcon_core.shell:Creating package script '/home/gavin/minimec/install/wheeltec_control/share/wheeltec_control/package.sh'
[1.849s] INFO:colcon.colcon_core.shell:Creating package script '/home/gavin/minimec/install/wheeltec_control/share/wheeltec_control/package.bash'
[1.849s] INFO:colcon.colcon_core.shell:Creating package script '/home/gavin/minimec/install/wheeltec_control/share/wheeltec_control/package.zsh'
[1.850s] Level 1:colcon.colcon_core.environment:create_file_with_runtime_dependencies(/home/gavin/minimec/install/wheeltec_control/share/colcon-core/packages/wheeltec_control)
[1.850s] DEBUG:colcon.colcon_parallel_executor.executor.parallel:closing loop
[1.850s] DEBUG:colcon.colcon_parallel_executor.executor.parallel:loop closed
[1.851s] DEBUG:colcon.colcon_parallel_executor.executor.parallel:run_until_complete finished with '0'
[1.851s] DEBUG:colcon.colcon_core.event_reactor:joining thread
[1.864s] INFO:colcon.colcon_core.plugin_system:Skipping extension 'colcon_notification.desktop_notification.terminal_notifier': Not used on non-Darwin systems
[1.864s] INFO:colcon.colcon_core.plugin_system:Skipping extension 'colcon_notification.desktop_notification.win32': Not used on non-Windows systems
[1.864s] INFO:colcon.colcon_notification.desktop_notification:Sending desktop notification using 'notify2'
[1.890s] DEBUG:colcon.colcon_core.event_reactor:joined thread
[1.891s] INFO:colcon.colcon_core.shell:Creating prefix script '/home/gavin/minimec/install/local_setup.ps1'
[1.893s] INFO:colcon.colcon_core.shell:Creating prefix util module '/home/gavin/minimec/install/_local_setup_util_ps1.py'
[1.897s] INFO:colcon.colcon_core.shell:Creating prefix chain script '/home/gavin/minimec/install/setup.ps1'
[1.900s] INFO:colcon.colcon_core.shell:Creating prefix script '/home/gavin/minimec/install/local_setup.sh'
[1.902s] INFO:colcon.colcon_core.shell:Creating prefix util module '/home/gavin/minimec/install/_local_setup_util_sh.py'
[1.904s] INFO:colcon.colcon_core.shell:Creating prefix chain script '/home/gavin/minimec/install/setup.sh'
[1.907s] INFO:colcon.colcon_core.shell:Creating prefix script '/home/gavin/minimec/install/local_setup.bash'
[1.908s] INFO:colcon.colcon_core.shell:Creating prefix chain script '/home/gavin/minimec/install/setup.bash'
[1.911s] INFO:colcon.colcon_core.shell:Creating prefix script '/home/gavin/minimec/install/local_setup.zsh'
[1.913s] INFO:colcon.colcon_core.shell:Creating prefix chain script '/home/gavin/minimec/install/setup.zsh'
