running egg_info
writing ../../build/wheeltec_control/wheeltec_control.egg-info/PKG-INFO
writing dependency_links to ../../build/wheeltec_control/wheeltec_control.egg-info/dependency_links.txt
writing entry points to ../../build/wheeltec_control/wheeltec_control.egg-info/entry_points.txt
writing requirements to ../../build/wheeltec_control/wheeltec_control.egg-info/requires.txt
writing top-level names to ../../build/wheeltec_control/wheeltec_control.egg-info/top_level.txt
reading manifest file '../../build/wheeltec_control/wheeltec_control.egg-info/SOURCES.txt'
writing manifest file '../../build/wheeltec_control/wheeltec_control.egg-info/SOURCES.txt'
running build
running build_py
copying wheeltec_control/wheeltec_keyboard.py -> /home/gavin/minimec/build/wheeltec_control/build/lib/wheeltec_control
copying wheeltec_control/__init__.py -> /home/gavin/minimec/build/wheeltec_control/build/lib/wheeltec_control
running install
running install_lib
copying /home/gavin/minimec/build/wheeltec_control/build/lib/wheeltec_control/wheeltec_keyboard.py -> /home/gavin/minimec/install/wheeltec_control/lib/python3.10/site-packages/wheeltec_control
copying /home/gavin/minimec/build/wheeltec_control/build/lib/wheeltec_control/__init__.py -> /home/gavin/minimec/install/wheeltec_control/lib/python3.10/site-packages/wheeltec_control
byte-compiling /home/gavin/minimec/install/wheeltec_control/lib/python3.10/site-packages/wheeltec_control/wheeltec_keyboard.py to wheeltec_keyboard.cpython-310.pyc
byte-compiling /home/gavin/minimec/install/wheeltec_control/lib/python3.10/site-packages/wheeltec_control/__init__.py to __init__.cpython-310.pyc
running install_data
copying resource/wheeltec_control -> /home/gavin/minimec/install/wheeltec_control/share/ament_index/resource_index/packages
copying package.xml -> /home/gavin/minimec/install/wheeltec_control/share/wheeltec_control
running install_egg_info
removing '/home/gavin/minimec/install/wheeltec_control/lib/python3.10/site-packages/wheeltec_control-0.0.0-py3.10.egg-info' (and everything under it)
Copying ../../build/wheeltec_control/wheeltec_control.egg-info to /home/gavin/minimec/install/wheeltec_control/lib/python3.10/site-packages/wheeltec_control-0.0.0-py3.10.egg-info
running install_scripts
Installing wheeltec_keyboard script to /home/gavin/minimec/install/wheeltec_control/lib/wheeltec_control
writing list of installed files to '/home/gavin/minimec/build/wheeltec_control/install.log'
