[0.159s] DEBUG:colcon:Command line arguments: ['/usr/bin/colcon', 'build']
[0.159s] DEBUG:colcon:Parsed command line arguments: Namespace(log_base=None, log_level=None, verb_name='build', build_base='build', install_base='install', merge_install=False, symlink_install=False, test_result_base=None, continue_on_error=False, executor='parallel', parallel_workers=8, event_handlers=None, ignore_user_meta=False, metas=['./colcon.meta'], base_paths=['.'], packages_ignore=None, packages_ignore_regex=None, paths=None, packages_up_to=None, packages_up_to_regex=None, packages_above=None, packages_above_and_dependencies=None, packages_above_depth=None, packages_select_by_dep=None, packages_skip_by_dep=None, packages_skip_up_to=None, packages_select_build_failed=False, packages_skip_build_finished=False, packages_select_test_failures=False, packages_skip_test_passed=False, packages_select=None, packages_skip=None, packages_select_regex=None, packages_skip_regex=None, packages_start=None, packages_end=None, allow_overriding=[], cmake_args=None, cmake_target=None, cmake_target_skip_unavailable=False, cmake_clean_cache=False, cmake_clean_first=False, cmake_force_configure=False, ament_cmake_args=None, catkin_cmake_args=None, catkin_skip_building_tests=False, mixin_files=None, mixin=None, verb_parser=<colcon_mixin.mixin.mixin_argument.MixinArgumentDecorator object at 0x70d069837820>, verb_extension=<colcon_core.verb.build.BuildVerb object at 0x70d069837280>, main=<bound method BuildVerb.main of <colcon_core.verb.build.BuildVerb object at 0x70d069837280>>, mixin_verb=('build',))
[0.435s] Level 1:colcon.colcon_core.package_discovery:discover_packages(colcon_meta) check parameters
[0.436s] Level 1:colcon.colcon_core.package_discovery:discover_packages(recursive) check parameters
[0.436s] Level 1:colcon.colcon_core.package_discovery:discover_packages(ignore) check parameters
[0.436s] Level 1:colcon.colcon_core.package_discovery:discover_packages(path) check parameters
[0.436s] Level 1:colcon.colcon_core.package_discovery:discover_packages(colcon_meta) discover
[0.436s] Level 1:colcon.colcon_core.package_discovery:discover_packages(recursive) discover
[0.436s] INFO:colcon.colcon_core.package_discovery:Crawling recursively for packages in '/home/gavin/minimec'
[0.436s] Level 1:colcon.colcon_core.package_identification:_identify(.) by extensions ['ignore', 'ignore_ament_install']
[0.436s] Level 1:colcon.colcon_core.package_identification:_identify(.) by extension 'ignore'
[0.436s] Level 1:colcon.colcon_core.package_identification:_identify(.) by extension 'ignore_ament_install'
[0.437s] Level 1:colcon.colcon_core.package_identification:_identify(.) by extensions ['colcon_pkg']
[0.437s] Level 1:colcon.colcon_core.package_identification:_identify(.) by extension 'colcon_pkg'
[0.437s] Level 1:colcon.colcon_core.package_identification:_identify(.) by extensions ['colcon_meta']
[0.437s] Level 1:colcon.colcon_core.package_identification:_identify(.) by extension 'colcon_meta'
[0.437s] Level 1:colcon.colcon_core.package_identification:_identify(.) by extensions ['ros']
[0.437s] Level 1:colcon.colcon_core.package_identification:_identify(.) by extension 'ros'
[0.453s] Level 1:colcon.colcon_core.package_identification:_identify(.) by extensions ['cmake', 'python']
[0.453s] Level 1:colcon.colcon_core.package_identification:_identify(.) by extension 'cmake'
[0.453s] Level 1:colcon.colcon_core.package_identification:_identify(.) by extension 'python'
[0.453s] Level 1:colcon.colcon_core.package_identification:_identify(.) by extensions ['python_setup_py']
[0.453s] Level 1:colcon.colcon_core.package_identification:_identify(.) by extension 'python_setup_py'
[0.453s] Level 1:colcon.colcon_core.package_identification:_identify(build) by extensions ['ignore', 'ignore_ament_install']
[0.454s] Level 1:colcon.colcon_core.package_identification:_identify(build) by extension 'ignore'
[0.454s] Level 1:colcon.colcon_core.package_identification:_identify(build) ignored
[0.454s] Level 1:colcon.colcon_core.package_identification:_identify(install) by extensions ['ignore', 'ignore_ament_install']
[0.454s] Level 1:colcon.colcon_core.package_identification:_identify(install) by extension 'ignore'
[0.454s] Level 1:colcon.colcon_core.package_identification:_identify(install) ignored
[0.454s] Level 1:colcon.colcon_core.package_identification:_identify(log) by extensions ['ignore', 'ignore_ament_install']
[0.455s] Level 1:colcon.colcon_core.package_identification:_identify(log) by extension 'ignore'
[0.455s] Level 1:colcon.colcon_core.package_identification:_identify(log) ignored
[0.455s] Level 1:colcon.colcon_core.package_identification:_identify(src) by extensions ['ignore', 'ignore_ament_install']
[0.455s] Level 1:colcon.colcon_core.package_identification:_identify(src) by extension 'ignore'
[0.455s] Level 1:colcon.colcon_core.package_identification:_identify(src) by extension 'ignore_ament_install'
[0.455s] Level 1:colcon.colcon_core.package_identification:_identify(src) by extensions ['colcon_pkg']
[0.455s] Level 1:colcon.colcon_core.package_identification:_identify(src) by extension 'colcon_pkg'
[0.455s] Level 1:colcon.colcon_core.package_identification:_identify(src) by extensions ['colcon_meta']
[0.455s] Level 1:colcon.colcon_core.package_identification:_identify(src) by extension 'colcon_meta'
[0.455s] Level 1:colcon.colcon_core.package_identification:_identify(src) by extensions ['ros']
[0.455s] Level 1:colcon.colcon_core.package_identification:_identify(src) by extension 'ros'
[0.456s] Level 1:colcon.colcon_core.package_identification:_identify(src) by extensions ['cmake', 'python']
[0.456s] Level 1:colcon.colcon_core.package_identification:_identify(src) by extension 'cmake'
[0.456s] Level 1:colcon.colcon_core.package_identification:_identify(src) by extension 'python'
[0.456s] Level 1:colcon.colcon_core.package_identification:_identify(src) by extensions ['python_setup_py']
[0.456s] Level 1:colcon.colcon_core.package_identification:_identify(src) by extension 'python_setup_py'
[0.456s] Level 1:colcon.colcon_core.package_identification:_identify(src/mini_mec_bringup) by extensions ['ignore', 'ignore_ament_install']
[0.456s] Level 1:colcon.colcon_core.package_identification:_identify(src/mini_mec_bringup) by extension 'ignore'
[0.456s] Level 1:colcon.colcon_core.package_identification:_identify(src/mini_mec_bringup) by extension 'ignore_ament_install'
[0.456s] Level 1:colcon.colcon_core.package_identification:_identify(src/mini_mec_bringup) by extensions ['colcon_pkg']
[0.456s] Level 1:colcon.colcon_core.package_identification:_identify(src/mini_mec_bringup) by extension 'colcon_pkg'
[0.456s] Level 1:colcon.colcon_core.package_identification:_identify(src/mini_mec_bringup) by extensions ['colcon_meta']
[0.456s] Level 1:colcon.colcon_core.package_identification:_identify(src/mini_mec_bringup) by extension 'colcon_meta'
[0.457s] Level 1:colcon.colcon_core.package_identification:_identify(src/mini_mec_bringup) by extensions ['ros']
[0.457s] Level 1:colcon.colcon_core.package_identification:_identify(src/mini_mec_bringup) by extension 'ros'
[0.461s] DEBUG:colcon.colcon_core.package_identification:Package 'src/mini_mec_bringup' with type 'ros.ament_cmake' and name 'mini_mec_bringup'
[0.461s] Level 1:colcon.colcon_core.package_identification:_identify(src/mini_mec_description) by extensions ['ignore', 'ignore_ament_install']
[0.461s] Level 1:colcon.colcon_core.package_identification:_identify(src/mini_mec_description) by extension 'ignore'
[0.461s] Level 1:colcon.colcon_core.package_identification:_identify(src/mini_mec_description) by extension 'ignore_ament_install'
[0.461s] Level 1:colcon.colcon_core.package_identification:_identify(src/mini_mec_description) by extensions ['colcon_pkg']
[0.461s] Level 1:colcon.colcon_core.package_identification:_identify(src/mini_mec_description) by extension 'colcon_pkg'
[0.461s] Level 1:colcon.colcon_core.package_identification:_identify(src/mini_mec_description) by extensions ['colcon_meta']
[0.462s] Level 1:colcon.colcon_core.package_identification:_identify(src/mini_mec_description) by extension 'colcon_meta'
[0.462s] Level 1:colcon.colcon_core.package_identification:_identify(src/mini_mec_description) by extensions ['ros']
[0.462s] Level 1:colcon.colcon_core.package_identification:_identify(src/mini_mec_description) by extension 'ros'
[0.462s] DEBUG:colcon.colcon_core.package_identification:Package 'src/mini_mec_description' with type 'ros.ament_cmake' and name 'mini_mec_description'
[0.463s] Level 1:colcon.colcon_core.package_identification:_identify(src/wheeltec_control) by extensions ['ignore', 'ignore_ament_install']
[0.463s] Level 1:colcon.colcon_core.package_identification:_identify(src/wheeltec_control) by extension 'ignore'
[0.463s] Level 1:colcon.colcon_core.package_identification:_identify(src/wheeltec_control) by extension 'ignore_ament_install'
[0.463s] Level 1:colcon.colcon_core.package_identification:_identify(src/wheeltec_control) by extensions ['colcon_pkg']
[0.463s] Level 1:colcon.colcon_core.package_identification:_identify(src/wheeltec_control) by extension 'colcon_pkg'
[0.463s] Level 1:colcon.colcon_core.package_identification:_identify(src/wheeltec_control) by extensions ['colcon_meta']
[0.463s] Level 1:colcon.colcon_core.package_identification:_identify(src/wheeltec_control) by extension 'colcon_meta'
[0.463s] Level 1:colcon.colcon_core.package_identification:_identify(src/wheeltec_control) by extensions ['ros']
[0.463s] Level 1:colcon.colcon_core.package_identification:_identify(src/wheeltec_control) by extension 'ros'
[0.464s] DEBUG:colcon.colcon_core.package_identification:Package 'src/wheeltec_control' with type 'ros.ament_python' and name 'wheeltec_control'
[0.464s] Level 1:colcon.colcon_core.package_discovery:discover_packages(recursive) using defaults
[0.464s] Level 1:colcon.colcon_core.package_discovery:discover_packages(ignore) discover
[0.464s] Level 1:colcon.colcon_core.package_discovery:discover_packages(ignore) using defaults
[0.464s] Level 1:colcon.colcon_core.package_discovery:discover_packages(path) discover
[0.464s] Level 1:colcon.colcon_core.package_discovery:discover_packages(path) using defaults
[0.509s] Level 1:colcon.colcon_core.package_discovery:discover_packages(prefix_path) check parameters
[0.509s] Level 1:colcon.colcon_core.package_discovery:discover_packages(prefix_path) discover
[0.511s] DEBUG:colcon.colcon_installed_package_information.package_discovery:Found 3 installed packages in /home/gavin/minimec/install
[0.514s] DEBUG:colcon.colcon_installed_package_information.package_discovery:Found 341 installed packages in /opt/ros/humble
[0.517s] Level 1:colcon.colcon_core.package_discovery:discover_packages(prefix_path) using defaults
[0.585s] Level 5:colcon.colcon_core.verb:set package 'mini_mec_description' build argument 'cmake_args' from command line to 'None'
[0.586s] Level 5:colcon.colcon_core.verb:set package 'mini_mec_description' build argument 'cmake_target' from command line to 'None'
[0.586s] Level 5:colcon.colcon_core.verb:set package 'mini_mec_description' build argument 'cmake_target_skip_unavailable' from command line to 'False'
[0.586s] Level 5:colcon.colcon_core.verb:set package 'mini_mec_description' build argument 'cmake_clean_cache' from command line to 'False'
[0.586s] Level 5:colcon.colcon_core.verb:set package 'mini_mec_description' build argument 'cmake_clean_first' from command line to 'False'
[0.586s] Level 5:colcon.colcon_core.verb:set package 'mini_mec_description' build argument 'cmake_force_configure' from command line to 'False'
[0.586s] Level 5:colcon.colcon_core.verb:set package 'mini_mec_description' build argument 'ament_cmake_args' from command line to 'None'
[0.586s] Level 5:colcon.colcon_core.verb:set package 'mini_mec_description' build argument 'catkin_cmake_args' from command line to 'None'
[0.586s] Level 5:colcon.colcon_core.verb:set package 'mini_mec_description' build argument 'catkin_skip_building_tests' from command line to 'False'
[0.586s] DEBUG:colcon.colcon_core.verb:Building package 'mini_mec_description' with the following arguments: {'ament_cmake_args': None, 'build_base': '/home/gavin/minimec/build/mini_mec_description', 'catkin_cmake_args': None, 'catkin_skip_building_tests': False, 'cmake_args': None, 'cmake_clean_cache': False, 'cmake_clean_first': False, 'cmake_force_configure': False, 'cmake_target': None, 'cmake_target_skip_unavailable': False, 'install_base': '/home/gavin/minimec/install/mini_mec_description', 'merge_install': False, 'path': '/home/gavin/minimec/src/mini_mec_description', 'symlink_install': False, 'test_result_base': None}
[0.587s] Level 5:colcon.colcon_core.verb:set package 'wheeltec_control' build argument 'cmake_args' from command line to 'None'
[0.587s] Level 5:colcon.colcon_core.verb:set package 'wheeltec_control' build argument 'cmake_target' from command line to 'None'
[0.587s] Level 5:colcon.colcon_core.verb:set package 'wheeltec_control' build argument 'cmake_target_skip_unavailable' from command line to 'False'
[0.587s] Level 5:colcon.colcon_core.verb:set package 'wheeltec_control' build argument 'cmake_clean_cache' from command line to 'False'
[0.587s] Level 5:colcon.colcon_core.verb:set package 'wheeltec_control' build argument 'cmake_clean_first' from command line to 'False'
[0.587s] Level 5:colcon.colcon_core.verb:set package 'wheeltec_control' build argument 'cmake_force_configure' from command line to 'False'
[0.587s] Level 5:colcon.colcon_core.verb:set package 'wheeltec_control' build argument 'ament_cmake_args' from command line to 'None'
[0.587s] Level 5:colcon.colcon_core.verb:set package 'wheeltec_control' build argument 'catkin_cmake_args' from command line to 'None'
[0.587s] Level 5:colcon.colcon_core.verb:set package 'wheeltec_control' build argument 'catkin_skip_building_tests' from command line to 'False'
[0.587s] DEBUG:colcon.colcon_core.verb:Building package 'wheeltec_control' with the following arguments: {'ament_cmake_args': None, 'build_base': '/home/gavin/minimec/build/wheeltec_control', 'catkin_cmake_args': None, 'catkin_skip_building_tests': False, 'cmake_args': None, 'cmake_clean_cache': False, 'cmake_clean_first': False, 'cmake_force_configure': False, 'cmake_target': None, 'cmake_target_skip_unavailable': False, 'install_base': '/home/gavin/minimec/install/wheeltec_control', 'merge_install': False, 'path': '/home/gavin/minimec/src/wheeltec_control', 'symlink_install': False, 'test_result_base': None}
[0.588s] Level 5:colcon.colcon_core.verb:set package 'mini_mec_bringup' build argument 'cmake_args' from command line to 'None'
[0.588s] Level 5:colcon.colcon_core.verb:set package 'mini_mec_bringup' build argument 'cmake_target' from command line to 'None'
[0.588s] Level 5:colcon.colcon_core.verb:set package 'mini_mec_bringup' build argument 'cmake_target_skip_unavailable' from command line to 'False'
[0.588s] Level 5:colcon.colcon_core.verb:set package 'mini_mec_bringup' build argument 'cmake_clean_cache' from command line to 'False'
[0.588s] Level 5:colcon.colcon_core.verb:set package 'mini_mec_bringup' build argument 'cmake_clean_first' from command line to 'False'
[0.588s] Level 5:colcon.colcon_core.verb:set package 'mini_mec_bringup' build argument 'cmake_force_configure' from command line to 'False'
[0.588s] Level 5:colcon.colcon_core.verb:set package 'mini_mec_bringup' build argument 'ament_cmake_args' from command line to 'None'
[0.588s] Level 5:colcon.colcon_core.verb:set package 'mini_mec_bringup' build argument 'catkin_cmake_args' from command line to 'None'
[0.588s] Level 5:colcon.colcon_core.verb:set package 'mini_mec_bringup' build argument 'catkin_skip_building_tests' from command line to 'False'
[0.589s] DEBUG:colcon.colcon_core.verb:Building package 'mini_mec_bringup' with the following arguments: {'ament_cmake_args': None, 'build_base': '/home/gavin/minimec/build/mini_mec_bringup', 'catkin_cmake_args': None, 'catkin_skip_building_tests': False, 'cmake_args': None, 'cmake_clean_cache': False, 'cmake_clean_first': False, 'cmake_force_configure': False, 'cmake_target': None, 'cmake_target_skip_unavailable': False, 'install_base': '/home/gavin/minimec/install/mini_mec_bringup', 'merge_install': False, 'path': '/home/gavin/minimec/src/mini_mec_bringup', 'symlink_install': False, 'test_result_base': None}
[0.589s] INFO:colcon.colcon_core.executor:Executing jobs using 'parallel' executor
[0.590s] DEBUG:colcon.colcon_parallel_executor.executor.parallel:run_until_complete
[0.591s] INFO:colcon.colcon_ros.task.ament_cmake.build:Building ROS package in '/home/gavin/minimec/src/mini_mec_description' with build type 'ament_cmake'
[0.591s] INFO:colcon.colcon_cmake.task.cmake.build:Building CMake package in '/home/gavin/minimec/src/mini_mec_description'
[0.594s] INFO:colcon.colcon_core.plugin_system:Skipping extension 'colcon_core.shell.bat': Not used on non-Windows systems
[0.595s] INFO:colcon.colcon_core.shell:Skip shell extension 'powershell' for command environment: Not usable outside of PowerShell
[0.595s] DEBUG:colcon.colcon_core.shell:Skip shell extension 'dsv' for command environment
[0.601s] INFO:colcon.colcon_ros.task.ament_python.build:Building ROS package in '/home/gavin/minimec/src/wheeltec_control' with build type 'ament_python'
[0.601s] Level 1:colcon.colcon_core.shell:create_environment_hook('wheeltec_control', 'ament_prefix_path')
[0.602s] INFO:colcon.colcon_core.shell:Creating environment hook '/home/gavin/minimec/install/wheeltec_control/share/wheeltec_control/hook/ament_prefix_path.ps1'
[0.603s] INFO:colcon.colcon_core.shell:Creating environment descriptor '/home/gavin/minimec/install/wheeltec_control/share/wheeltec_control/hook/ament_prefix_path.dsv'
[0.604s] INFO:colcon.colcon_core.shell:Creating environment hook '/home/gavin/minimec/install/wheeltec_control/share/wheeltec_control/hook/ament_prefix_path.sh'
[0.605s] INFO:colcon.colcon_core.shell:Skip shell extension 'powershell' for command environment: Not usable outside of PowerShell
[0.605s] DEBUG:colcon.colcon_core.shell:Skip shell extension 'dsv' for command environment
[0.620s] DEBUG:colcon.colcon_core.event_handler.log_command:Invoking command in '/home/gavin/minimec/build/mini_mec_description': CMAKE_PREFIX_PATH=${CMAKE_PREFIX_PATH}:/home/gavin/minimec/install/wheeltec_control:/opt/ros/humble /usr/bin/cmake --build /home/gavin/minimec/build/mini_mec_description -- -j8 -l8
[1.001s] INFO:colcon.colcon_core.task.python.build:Building Python package in '/home/gavin/minimec/src/wheeltec_control'
[1.001s] INFO:colcon.colcon_core.shell:Skip shell extension 'powershell' for command environment: Not usable outside of PowerShell
[1.001s] DEBUG:colcon.colcon_core.shell:Skip shell extension 'dsv' for command environment
[1.010s] DEBUG:colcon.colcon_core.event_handler.log_command:Invoked command in '/home/gavin/minimec/build/mini_mec_description' returned '0': CMAKE_PREFIX_PATH=${CMAKE_PREFIX_PATH}:/home/gavin/minimec/install/wheeltec_control:/opt/ros/humble /usr/bin/cmake --build /home/gavin/minimec/build/mini_mec_description -- -j8 -l8
[1.055s] DEBUG:colcon.colcon_core.event_handler.log_command:Invoking command in '/home/gavin/minimec/build/mini_mec_description': CMAKE_PREFIX_PATH=${CMAKE_PREFIX_PATH}:/home/gavin/minimec/install/wheeltec_control:/opt/ros/humble /usr/bin/cmake --install /home/gavin/minimec/build/mini_mec_description
[1.087s] Level 1:colcon.colcon_core.environment:create_environment_scripts_only(mini_mec_description)
[1.089s] DEBUG:colcon.colcon_core.event_handler.log_command:Invoked command in '/home/gavin/minimec/build/mini_mec_description' returned '0': CMAKE_PREFIX_PATH=${CMAKE_PREFIX_PATH}:/home/gavin/minimec/install/wheeltec_control:/opt/ros/humble /usr/bin/cmake --install /home/gavin/minimec/build/mini_mec_description
[1.092s] Level 1:colcon.colcon_core.environment:checking '/home/gavin/minimec/install/mini_mec_description' for CMake module files
[1.093s] Level 1:colcon.colcon_core.environment:checking '/home/gavin/minimec/install/mini_mec_description' for CMake config files
[1.093s] Level 1:colcon.colcon_core.shell:create_environment_hook('mini_mec_description', 'cmake_prefix_path')
[1.094s] INFO:colcon.colcon_core.shell:Creating environment hook '/home/gavin/minimec/install/mini_mec_description/share/mini_mec_description/hook/cmake_prefix_path.ps1'
[1.094s] INFO:colcon.colcon_core.shell:Creating environment descriptor '/home/gavin/minimec/install/mini_mec_description/share/mini_mec_description/hook/cmake_prefix_path.dsv'
[1.095s] INFO:colcon.colcon_core.shell:Creating environment hook '/home/gavin/minimec/install/mini_mec_description/share/mini_mec_description/hook/cmake_prefix_path.sh'
[1.096s] Level 1:colcon.colcon_core.environment:checking '/home/gavin/minimec/install/mini_mec_description/bin'
[1.096s] Level 1:colcon.colcon_core.environment:checking '/home/gavin/minimec/install/mini_mec_description/lib/pkgconfig/mini_mec_description.pc'
[1.097s] Level 1:colcon.colcon_core.environment:checking '/home/gavin/minimec/install/mini_mec_description/lib/python3.10/site-packages'
[1.097s] Level 1:colcon.colcon_core.environment:checking '/home/gavin/minimec/install/mini_mec_description/bin'
[1.097s] INFO:colcon.colcon_core.shell:Creating package script '/home/gavin/minimec/install/mini_mec_description/share/mini_mec_description/package.ps1'
[1.098s] INFO:colcon.colcon_core.shell:Creating package descriptor '/home/gavin/minimec/install/mini_mec_description/share/mini_mec_description/package.dsv'
[1.099s] INFO:colcon.colcon_core.shell:Creating package script '/home/gavin/minimec/install/mini_mec_description/share/mini_mec_description/package.sh'
[1.100s] INFO:colcon.colcon_core.shell:Creating package script '/home/gavin/minimec/install/mini_mec_description/share/mini_mec_description/package.bash'
[1.101s] INFO:colcon.colcon_core.shell:Creating package script '/home/gavin/minimec/install/mini_mec_description/share/mini_mec_description/package.zsh'
[1.102s] Level 1:colcon.colcon_core.environment:create_file_with_runtime_dependencies(/home/gavin/minimec/install/mini_mec_description/share/colcon-core/packages/mini_mec_description)
[1.135s] Level 1:colcon.colcon_core.environment:create_environment_scripts_only(mini_mec_description)
[1.136s] Level 1:colcon.colcon_core.environment:checking '/home/gavin/minimec/install/mini_mec_description' for CMake module files
[1.137s] Level 1:colcon.colcon_core.environment:checking '/home/gavin/minimec/install/mini_mec_description' for CMake config files
[1.137s] Level 1:colcon.colcon_core.shell:create_environment_hook('mini_mec_description', 'cmake_prefix_path')
[1.137s] INFO:colcon.colcon_core.shell:Creating environment hook '/home/gavin/minimec/install/mini_mec_description/share/mini_mec_description/hook/cmake_prefix_path.ps1'
[1.138s] INFO:colcon.colcon_core.shell:Creating environment descriptor '/home/gavin/minimec/install/mini_mec_description/share/mini_mec_description/hook/cmake_prefix_path.dsv'
[1.138s] INFO:colcon.colcon_core.shell:Creating environment hook '/home/gavin/minimec/install/mini_mec_description/share/mini_mec_description/hook/cmake_prefix_path.sh'
[1.139s] Level 1:colcon.colcon_core.environment:checking '/home/gavin/minimec/install/mini_mec_description/bin'
[1.139s] Level 1:colcon.colcon_core.environment:checking '/home/gavin/minimec/install/mini_mec_description/lib/pkgconfig/mini_mec_description.pc'
[1.139s] Level 1:colcon.colcon_core.environment:checking '/home/gavin/minimec/install/mini_mec_description/lib/python3.10/site-packages'
[1.140s] Level 1:colcon.colcon_core.environment:checking '/home/gavin/minimec/install/mini_mec_description/bin'
[1.140s] INFO:colcon.colcon_core.shell:Creating package script '/home/gavin/minimec/install/mini_mec_description/share/mini_mec_description/package.ps1'
[1.141s] INFO:colcon.colcon_core.shell:Creating package descriptor '/home/gavin/minimec/install/mini_mec_description/share/mini_mec_description/package.dsv'
[1.141s] INFO:colcon.colcon_core.shell:Creating package script '/home/gavin/minimec/install/mini_mec_description/share/mini_mec_description/package.sh'
[1.142s] INFO:colcon.colcon_core.shell:Creating package script '/home/gavin/minimec/install/mini_mec_description/share/mini_mec_description/package.bash'
[1.142s] INFO:colcon.colcon_core.shell:Creating package script '/home/gavin/minimec/install/mini_mec_description/share/mini_mec_description/package.zsh'
[1.143s] Level 1:colcon.colcon_core.environment:create_file_with_runtime_dependencies(/home/gavin/minimec/install/mini_mec_description/share/colcon-core/packages/mini_mec_description)
[1.143s] INFO:colcon.colcon_ros.task.ament_cmake.build:Building ROS package in '/home/gavin/minimec/src/mini_mec_bringup' with build type 'ament_cmake'
[1.144s] INFO:colcon.colcon_cmake.task.cmake.build:Building CMake package in '/home/gavin/minimec/src/mini_mec_bringup'
[1.144s] INFO:colcon.colcon_core.shell:Skip shell extension 'powershell' for command environment: Not usable outside of PowerShell
[1.144s] DEBUG:colcon.colcon_core.shell:Skip shell extension 'dsv' for command environment
[1.157s] DEBUG:colcon.colcon_core.event_handler.log_command:Invoking command in '/home/gavin/minimec/build/mini_mec_bringup': CMAKE_PREFIX_PATH=/home/gavin/minimec/install/mini_mec_description:/home/gavin/minimec/install/mini_mec_bringup:/home/gavin/minimec/install/wheeltec_control:/opt/ros/humble /usr/bin/cmake --build /home/gavin/minimec/build/mini_mec_bringup -- -j8 -l8
[1.209s] DEBUG:colcon.colcon_core.event_handler.log_command:Invoked command in '/home/gavin/minimec/build/mini_mec_bringup' returned '0': CMAKE_PREFIX_PATH=/home/gavin/minimec/install/mini_mec_description:/home/gavin/minimec/install/mini_mec_bringup:/home/gavin/minimec/install/wheeltec_control:/opt/ros/humble /usr/bin/cmake --build /home/gavin/minimec/build/mini_mec_bringup -- -j8 -l8
[1.243s] DEBUG:colcon.colcon_core.event_handler.log_command:Invoking command in '/home/gavin/minimec/build/mini_mec_bringup': CMAKE_PREFIX_PATH=/home/gavin/minimec/install/mini_mec_description:/home/gavin/minimec/install/mini_mec_bringup:/home/gavin/minimec/install/wheeltec_control:/opt/ros/humble /usr/bin/cmake --install /home/gavin/minimec/build/mini_mec_bringup
[1.274s] Level 1:colcon.colcon_core.environment:create_environment_scripts_only(mini_mec_bringup)
[1.275s] Level 1:colcon.colcon_core.environment:checking '/home/gavin/minimec/install/mini_mec_bringup' for CMake module files
[1.276s] DEBUG:colcon.colcon_core.event_handler.log_command:Invoked command in '/home/gavin/minimec/build/mini_mec_bringup' returned '0': CMAKE_PREFIX_PATH=/home/gavin/minimec/install/mini_mec_description:/home/gavin/minimec/install/mini_mec_bringup:/home/gavin/minimec/install/wheeltec_control:/opt/ros/humble /usr/bin/cmake --install /home/gavin/minimec/build/mini_mec_bringup
[1.276s] Level 1:colcon.colcon_core.environment:checking '/home/gavin/minimec/install/mini_mec_bringup' for CMake config files
[1.277s] Level 1:colcon.colcon_core.shell:create_environment_hook('mini_mec_bringup', 'cmake_prefix_path')
[1.278s] INFO:colcon.colcon_core.shell:Creating environment hook '/home/gavin/minimec/install/mini_mec_bringup/share/mini_mec_bringup/hook/cmake_prefix_path.ps1'
[1.278s] INFO:colcon.colcon_core.shell:Creating environment descriptor '/home/gavin/minimec/install/mini_mec_bringup/share/mini_mec_bringup/hook/cmake_prefix_path.dsv'
[1.279s] INFO:colcon.colcon_core.shell:Creating environment hook '/home/gavin/minimec/install/mini_mec_bringup/share/mini_mec_bringup/hook/cmake_prefix_path.sh'
[1.280s] Level 1:colcon.colcon_core.environment:checking '/home/gavin/minimec/install/mini_mec_bringup/bin'
[1.280s] Level 1:colcon.colcon_core.environment:checking '/home/gavin/minimec/install/mini_mec_bringup/lib/pkgconfig/mini_mec_bringup.pc'
[1.280s] Level 1:colcon.colcon_core.environment:checking '/home/gavin/minimec/install/mini_mec_bringup/lib/python3.10/site-packages'
[1.280s] Level 1:colcon.colcon_core.environment:checking '/home/gavin/minimec/install/mini_mec_bringup/bin'
[1.281s] INFO:colcon.colcon_core.shell:Creating package script '/home/gavin/minimec/install/mini_mec_bringup/share/mini_mec_bringup/package.ps1'
[1.282s] INFO:colcon.colcon_core.shell:Creating package descriptor '/home/gavin/minimec/install/mini_mec_bringup/share/mini_mec_bringup/package.dsv'
[1.282s] INFO:colcon.colcon_core.shell:Creating package script '/home/gavin/minimec/install/mini_mec_bringup/share/mini_mec_bringup/package.sh'
[1.283s] INFO:colcon.colcon_core.shell:Creating package script '/home/gavin/minimec/install/mini_mec_bringup/share/mini_mec_bringup/package.bash'
[1.283s] INFO:colcon.colcon_core.shell:Creating package script '/home/gavin/minimec/install/mini_mec_bringup/share/mini_mec_bringup/package.zsh'
[1.284s] Level 1:colcon.colcon_core.environment:create_file_with_runtime_dependencies(/home/gavin/minimec/install/mini_mec_bringup/share/colcon-core/packages/mini_mec_bringup)
[1.327s] Level 1:colcon.colcon_core.environment:create_environment_scripts_only(mini_mec_bringup)
[1.328s] Level 1:colcon.colcon_core.environment:checking '/home/gavin/minimec/install/mini_mec_bringup' for CMake module files
[1.329s] Level 1:colcon.colcon_core.environment:checking '/home/gavin/minimec/install/mini_mec_bringup' for CMake config files
[1.329s] Level 1:colcon.colcon_core.shell:create_environment_hook('mini_mec_bringup', 'cmake_prefix_path')
[1.330s] INFO:colcon.colcon_core.shell:Creating environment hook '/home/gavin/minimec/install/mini_mec_bringup/share/mini_mec_bringup/hook/cmake_prefix_path.ps1'
[1.330s] INFO:colcon.colcon_core.shell:Creating environment descriptor '/home/gavin/minimec/install/mini_mec_bringup/share/mini_mec_bringup/hook/cmake_prefix_path.dsv'
[1.331s] INFO:colcon.colcon_core.shell:Creating environment hook '/home/gavin/minimec/install/mini_mec_bringup/share/mini_mec_bringup/hook/cmake_prefix_path.sh'
[1.332s] Level 1:colcon.colcon_core.environment:checking '/home/gavin/minimec/install/mini_mec_bringup/bin'
[1.332s] Level 1:colcon.colcon_core.environment:checking '/home/gavin/minimec/install/mini_mec_bringup/lib/pkgconfig/mini_mec_bringup.pc'
[1.332s] Level 1:colcon.colcon_core.environment:checking '/home/gavin/minimec/install/mini_mec_bringup/lib/python3.10/site-packages'
[1.333s] Level 1:colcon.colcon_core.environment:checking '/home/gavin/minimec/install/mini_mec_bringup/bin'
[1.333s] INFO:colcon.colcon_core.shell:Creating package script '/home/gavin/minimec/install/mini_mec_bringup/share/mini_mec_bringup/package.ps1'
[1.334s] INFO:colcon.colcon_core.shell:Creating package descriptor '/home/gavin/minimec/install/mini_mec_bringup/share/mini_mec_bringup/package.dsv'
[1.335s] INFO:colcon.colcon_core.shell:Creating package script '/home/gavin/minimec/install/mini_mec_bringup/share/mini_mec_bringup/package.sh'
[1.336s] INFO:colcon.colcon_core.shell:Creating package script '/home/gavin/minimec/install/mini_mec_bringup/share/mini_mec_bringup/package.bash'
[1.336s] INFO:colcon.colcon_core.shell:Creating package script '/home/gavin/minimec/install/mini_mec_bringup/share/mini_mec_bringup/package.zsh'
[1.337s] Level 1:colcon.colcon_core.environment:create_file_with_runtime_dependencies(/home/gavin/minimec/install/mini_mec_bringup/share/colcon-core/packages/mini_mec_bringup)
[1.536s] DEBUG:colcon.colcon_core.event_handler.log_command:Invoking command in '/home/gavin/minimec/src/wheeltec_control': PYTHONPATH=/home/gavin/minimec/build/wheeltec_control/prefix_override:/usr/lib/python3/dist-packages/colcon_core/task/python/colcon_distutils_commands:/home/gavin/minimec/install/wheeltec_control/lib/python3.10/site-packages:${PYTHONPATH} /usr/bin/python3 -W ignore:setup.py install is deprecated setup.py egg_info --egg-base ../../build/wheeltec_control build --build-base /home/gavin/minimec/build/wheeltec_control/build install --record /home/gavin/minimec/build/wheeltec_control/install.log --single-version-externally-managed install_data
[1.937s] Level 1:colcon.colcon_core.environment:checking '/home/gavin/minimec/install/wheeltec_control' for CMake module files
[1.938s] DEBUG:colcon.colcon_core.event_handler.log_command:Invoked command in '/home/gavin/minimec/src/wheeltec_control' returned '0': PYTHONPATH=/home/gavin/minimec/build/wheeltec_control/prefix_override:/usr/lib/python3/dist-packages/colcon_core/task/python/colcon_distutils_commands:/home/gavin/minimec/install/wheeltec_control/lib/python3.10/site-packages:${PYTHONPATH} /usr/bin/python3 -W ignore:setup.py install is deprecated setup.py egg_info --egg-base ../../build/wheeltec_control build --build-base /home/gavin/minimec/build/wheeltec_control/build install --record /home/gavin/minimec/build/wheeltec_control/install.log --single-version-externally-managed install_data
[1.939s] Level 1:colcon.colcon_core.environment:checking '/home/gavin/minimec/install/wheeltec_control' for CMake config files
[1.940s] Level 1:colcon.colcon_core.environment:checking '/home/gavin/minimec/install/wheeltec_control/lib'
[1.940s] Level 1:colcon.colcon_core.environment:checking '/home/gavin/minimec/install/wheeltec_control/bin'
[1.940s] Level 1:colcon.colcon_core.environment:checking '/home/gavin/minimec/install/wheeltec_control/lib/pkgconfig/wheeltec_control.pc'
[1.941s] Level 1:colcon.colcon_core.environment:checking '/home/gavin/minimec/install/wheeltec_control/lib/python3.10/site-packages'
[1.941s] Level 1:colcon.colcon_core.shell:create_environment_hook('wheeltec_control', 'pythonpath')
[1.941s] INFO:colcon.colcon_core.shell:Creating environment hook '/home/gavin/minimec/install/wheeltec_control/share/wheeltec_control/hook/pythonpath.ps1'
[1.941s] INFO:colcon.colcon_core.shell:Creating environment descriptor '/home/gavin/minimec/install/wheeltec_control/share/wheeltec_control/hook/pythonpath.dsv'
[1.942s] INFO:colcon.colcon_core.shell:Creating environment hook '/home/gavin/minimec/install/wheeltec_control/share/wheeltec_control/hook/pythonpath.sh'
[1.942s] Level 1:colcon.colcon_core.environment:checking '/home/gavin/minimec/install/wheeltec_control/bin'
[1.943s] Level 1:colcon.colcon_core.environment:create_environment_scripts_only(wheeltec_control)
[1.943s] INFO:colcon.colcon_core.shell:Creating package script '/home/gavin/minimec/install/wheeltec_control/share/wheeltec_control/package.ps1'
[1.944s] INFO:colcon.colcon_core.shell:Creating package descriptor '/home/gavin/minimec/install/wheeltec_control/share/wheeltec_control/package.dsv'
[1.945s] INFO:colcon.colcon_core.shell:Creating package script '/home/gavin/minimec/install/wheeltec_control/share/wheeltec_control/package.sh'
[1.945s] INFO:colcon.colcon_core.shell:Creating package script '/home/gavin/minimec/install/wheeltec_control/share/wheeltec_control/package.bash'
[1.946s] INFO:colcon.colcon_core.shell:Creating package script '/home/gavin/minimec/install/wheeltec_control/share/wheeltec_control/package.zsh'
[1.946s] Level 1:colcon.colcon_core.environment:create_file_with_runtime_dependencies(/home/gavin/minimec/install/wheeltec_control/share/colcon-core/packages/wheeltec_control)
[1.946s] DEBUG:colcon.colcon_parallel_executor.executor.parallel:closing loop
[1.947s] DEBUG:colcon.colcon_parallel_executor.executor.parallel:loop closed
[1.947s] DEBUG:colcon.colcon_parallel_executor.executor.parallel:run_until_complete finished with '0'
[1.947s] DEBUG:colcon.colcon_core.event_reactor:joining thread
[1.953s] INFO:colcon.colcon_core.plugin_system:Skipping extension 'colcon_notification.desktop_notification.terminal_notifier': Not used on non-Darwin systems
[1.953s] INFO:colcon.colcon_core.plugin_system:Skipping extension 'colcon_notification.desktop_notification.win32': Not used on non-Windows systems
[1.953s] INFO:colcon.colcon_notification.desktop_notification:Sending desktop notification using 'notify2'
[1.973s] DEBUG:colcon.colcon_core.event_reactor:joined thread
[1.974s] INFO:colcon.colcon_core.shell:Creating prefix script '/home/gavin/minimec/install/local_setup.ps1'
[1.977s] INFO:colcon.colcon_core.shell:Creating prefix util module '/home/gavin/minimec/install/_local_setup_util_ps1.py'
[1.982s] INFO:colcon.colcon_core.shell:Creating prefix chain script '/home/gavin/minimec/install/setup.ps1'
[1.986s] INFO:colcon.colcon_core.shell:Creating prefix script '/home/gavin/minimec/install/local_setup.sh'
[1.987s] INFO:colcon.colcon_core.shell:Creating prefix util module '/home/gavin/minimec/install/_local_setup_util_sh.py'
[1.989s] INFO:colcon.colcon_core.shell:Creating prefix chain script '/home/gavin/minimec/install/setup.sh'
[1.992s] INFO:colcon.colcon_core.shell:Creating prefix script '/home/gavin/minimec/install/local_setup.bash'
[1.994s] INFO:colcon.colcon_core.shell:Creating prefix chain script '/home/gavin/minimec/install/setup.bash'
[1.997s] INFO:colcon.colcon_core.shell:Creating prefix script '/home/gavin/minimec/install/local_setup.zsh'
[1.999s] INFO:colcon.colcon_core.shell:Creating prefix chain script '/home/gavin/minimec/install/setup.zsh'
