[0.975s] Invoking command in '/home/gavin/minimec/src/wheeltec_control': PYTHONPATH=/home/gavin/minimec/build/wheeltec_control/prefix_override:/usr/lib/python3/dist-packages/colcon_core/task/python/colcon_distutils_commands:/home/gavin/minimec/install/wheeltec_control/lib/python3.10/site-packages:${PYTHONPATH} /usr/bin/python3 -W ignore:setup.py install is deprecated setup.py egg_info --egg-base ../../build/wheeltec_control build --build-base /home/gavin/minimec/build/wheeltec_control/build install --record /home/gavin/minimec/build/wheeltec_control/install.log --single-version-externally-managed install_data
[1.252s] running egg_info
[1.253s] writing ../../build/wheeltec_control/wheeltec_control.egg-info/PKG-INFO
[1.254s] writing dependency_links to ../../build/wheeltec_control/wheeltec_control.egg-info/dependency_links.txt
[1.254s] writing entry points to ../../build/wheeltec_control/wheeltec_control.egg-info/entry_points.txt
[1.254s] writing requirements to ../../build/wheeltec_control/wheeltec_control.egg-info/requires.txt
[1.254s] writing top-level names to ../../build/wheeltec_control/wheeltec_control.egg-info/top_level.txt
[1.257s] reading manifest file '../../build/wheeltec_control/wheeltec_control.egg-info/SOURCES.txt'
[1.259s] writing manifest file '../../build/wheeltec_control/wheeltec_control.egg-info/SOURCES.txt'
[1.259s] running build
[1.259s] running build_py
[1.260s] running install
[1.260s] running install_lib
[1.262s] running install_data
[1.262s] running install_egg_info
[1.264s] removing '/home/gavin/minimec/install/wheeltec_control/lib/python3.10/site-packages/wheeltec_control-0.0.0-py3.10.egg-info' (and everything under it)
[1.264s] Copying ../../build/wheeltec_control/wheeltec_control.egg-info to /home/gavin/minimec/install/wheeltec_control/lib/python3.10/site-packages/wheeltec_control-0.0.0-py3.10.egg-info
[1.266s] running install_scripts
[1.288s] Installing wheeltec_keyboard script to /home/gavin/minimec/install/wheeltec_control/lib/wheeltec_control
[1.288s] writing list of installed files to '/home/gavin/minimec/build/wheeltec_control/install.log'
[1.323s] Invoked command in '/home/gavin/minimec/src/wheeltec_control' returned '0': PYTHONPATH=/home/gavin/minimec/build/wheeltec_control/prefix_override:/usr/lib/python3/dist-packages/colcon_core/task/python/colcon_distutils_commands:/home/gavin/minimec/install/wheeltec_control/lib/python3.10/site-packages:${PYTHONPATH} /usr/bin/python3 -W ignore:setup.py install is deprecated setup.py egg_info --egg-base ../../build/wheeltec_control build --build-base /home/gavin/minimec/build/wheeltec_control/build install --record /home/gavin/minimec/build/wheeltec_control/install.log --single-version-externally-managed install_data
