[0.011s] Invoking command in '/home/gavin/minimec/build/mini_mec_bringup': CMAKE_PREFIX_PATH=/home/gavin/minimec/install/mini_mec_description:/home/gavin/minimec/install/mini_mec_bringup:/home/gavin/minimec/install/wheeltec_control:/opt/ros/humble /usr/bin/cmake /home/gavin/minimec/src/mini_mec_bringup -DCMAKE_INSTALL_PREFIX=/home/gavin/minimec/install/mini_mec_bringup
[0.027s] -- Found ament_cmake: 1.3.10 (/opt/ros/humble/share/ament_cmake/cmake)
[0.171s] -- Override CMake install command with custom implementation using symlinks instead of copying resources
[0.290s] -- Configuring done
[0.301s] -- Generating done
[0.303s] -- Build files have been written to: /home/gavin/minimec/build/mini_mec_bringup
[0.310s] Invoked command in '/home/gavin/minimec/build/mini_mec_bringup' returned '0': CMAKE_PREFIX_PATH=/home/gavin/minimec/install/mini_mec_description:/home/gavin/minimec/install/mini_mec_bringup:/home/gavin/minimec/install/wheeltec_control:/opt/ros/humble /usr/bin/cmake /home/gavin/minimec/src/mini_mec_bringup -DCMAKE_INSTALL_PREFIX=/home/gavin/minimec/install/mini_mec_bringup
[0.313s] Invoking command in '/home/gavin/minimec/build/mini_mec_bringup': CMAKE_PREFIX_PATH=/home/gavin/minimec/install/mini_mec_description:/home/gavin/minimec/install/mini_mec_bringup:/home/gavin/minimec/install/wheeltec_control:/opt/ros/humble /usr/bin/cmake --build /home/gavin/minimec/build/mini_mec_bringup -- -j8 -l8
[0.370s] Invoked command in '/home/gavin/minimec/build/mini_mec_bringup' returned '0': CMAKE_PREFIX_PATH=/home/gavin/minimec/install/mini_mec_description:/home/gavin/minimec/install/mini_mec_bringup:/home/gavin/minimec/install/wheeltec_control:/opt/ros/humble /usr/bin/cmake --build /home/gavin/minimec/build/mini_mec_bringup -- -j8 -l8
[0.405s] Invoking command in '/home/gavin/minimec/build/mini_mec_bringup': CMAKE_PREFIX_PATH=/home/gavin/minimec/install/mini_mec_description:/home/gavin/minimec/install/mini_mec_bringup:/home/gavin/minimec/install/wheeltec_control:/opt/ros/humble /usr/bin/cmake --install /home/gavin/minimec/build/mini_mec_bringup
[0.415s] -- Install configuration: ""
[0.416s] -- Execute custom install script
[0.416s] -- Up-to-date symlink: /home/gavin/minimec/install/mini_mec_bringup/share/mini_mec_bringup/launch/mini_mec_gazebo.launch.xml
[0.416s] -- Up-to-date symlink: /home/gavin/minimec/install/mini_mec_bringup/share/mini_mec_bringup/rviz/urdf_config.rviz
[0.417s] -- Up-to-date symlink: /home/gavin/minimec/install/mini_mec_bringup/share/ament_index/resource_index/package_run_dependencies/mini_mec_bringup
[0.417s] -- Up-to-date symlink: /home/gavin/minimec/install/mini_mec_bringup/share/ament_index/resource_index/parent_prefix_path/mini_mec_bringup
[0.417s] -- Up-to-date symlink: /home/gavin/minimec/install/mini_mec_bringup/share/mini_mec_bringup/environment/ament_prefix_path.sh
[0.417s] -- Up-to-date symlink: /home/gavin/minimec/install/mini_mec_bringup/share/mini_mec_bringup/environment/ament_prefix_path.dsv
[0.417s] -- Up-to-date symlink: /home/gavin/minimec/install/mini_mec_bringup/share/mini_mec_bringup/environment/path.sh
[0.418s] -- Up-to-date symlink: /home/gavin/minimec/install/mini_mec_bringup/share/mini_mec_bringup/environment/path.dsv
[0.418s] -- Up-to-date symlink: /home/gavin/minimec/install/mini_mec_bringup/share/mini_mec_bringup/local_setup.bash
[0.418s] -- Up-to-date symlink: /home/gavin/minimec/install/mini_mec_bringup/share/mini_mec_bringup/local_setup.sh
[0.418s] -- Up-to-date symlink: /home/gavin/minimec/install/mini_mec_bringup/share/mini_mec_bringup/local_setup.zsh
[0.418s] -- Up-to-date symlink: /home/gavin/minimec/install/mini_mec_bringup/share/mini_mec_bringup/local_setup.dsv
[0.419s] -- Symlinking: /home/gavin/minimec/install/mini_mec_bringup/share/mini_mec_bringup/package.dsv
[0.432s] -- Up-to-date symlink: /home/gavin/minimec/install/mini_mec_bringup/share/ament_index/resource_index/packages/mini_mec_bringup
[0.432s] -- Up-to-date symlink: /home/gavin/minimec/install/mini_mec_bringup/share/mini_mec_bringup/cmake/mini_mec_bringupConfig.cmake
[0.432s] -- Up-to-date symlink: /home/gavin/minimec/install/mini_mec_bringup/share/mini_mec_bringup/cmake/mini_mec_bringupConfig-version.cmake
[0.432s] -- Up-to-date symlink: /home/gavin/minimec/install/mini_mec_bringup/share/mini_mec_bringup/package.xml
[0.435s] Invoked command in '/home/gavin/minimec/build/mini_mec_bringup' returned '0': CMAKE_PREFIX_PATH=/home/gavin/minimec/install/mini_mec_description:/home/gavin/minimec/install/mini_mec_bringup:/home/gavin/minimec/install/wheeltec_control:/opt/ros/humble /usr/bin/cmake --install /home/gavin/minimec/build/mini_mec_bringup
