[0.126s] DEBUG:colcon:Command line arguments: ['/usr/bin/colcon', 'build']
[0.127s] DEBUG:colcon:Parsed command line arguments: Namespace(log_base=None, log_level=None, verb_name='build', build_base='build', install_base='install', merge_install=False, symlink_install=False, test_result_base=None, continue_on_error=False, executor='parallel', parallel_workers=8, event_handlers=None, ignore_user_meta=False, metas=['./colcon.meta'], base_paths=['.'], packages_ignore=None, packages_ignore_regex=None, paths=None, packages_up_to=None, packages_up_to_regex=None, packages_above=None, packages_above_and_dependencies=None, packages_above_depth=None, packages_select_by_dep=None, packages_skip_by_dep=None, packages_skip_up_to=None, packages_select_build_failed=False, packages_skip_build_finished=False, packages_select_test_failures=False, packages_skip_test_passed=False, packages_select=None, packages_skip=None, packages_select_regex=None, packages_skip_regex=None, packages_start=None, packages_end=None, allow_overriding=[], cmake_args=None, cmake_target=None, cmake_target_skip_unavailable=False, cmake_clean_cache=False, cmake_clean_first=False, cmake_force_configure=False, ament_cmake_args=None, catkin_cmake_args=None, catkin_skip_building_tests=False, mixin_files=None, mixin=None, verb_parser=<colcon_mixin.mixin.mixin_argument.MixinArgumentDecorator object at 0x737125d43820>, verb_extension=<colcon_core.verb.build.BuildVerb object at 0x737125d43280>, main=<bound method BuildVerb.main of <colcon_core.verb.build.BuildVerb object at 0x737125d43280>>, mixin_verb=('build',))
[0.340s] Level 1:colcon.colcon_core.package_discovery:discover_packages(colcon_meta) check parameters
[0.340s] Level 1:colcon.colcon_core.package_discovery:discover_packages(recursive) check parameters
[0.340s] Level 1:colcon.colcon_core.package_discovery:discover_packages(ignore) check parameters
[0.340s] Level 1:colcon.colcon_core.package_discovery:discover_packages(path) check parameters
[0.340s] Level 1:colcon.colcon_core.package_discovery:discover_packages(colcon_meta) discover
[0.340s] Level 1:colcon.colcon_core.package_discovery:discover_packages(recursive) discover
[0.340s] INFO:colcon.colcon_core.package_discovery:Crawling recursively for packages in '/home/gavin/minimec'
[0.340s] Level 1:colcon.colcon_core.package_identification:_identify(.) by extensions ['ignore', 'ignore_ament_install']
[0.341s] Level 1:colcon.colcon_core.package_identification:_identify(.) by extension 'ignore'
[0.341s] Level 1:colcon.colcon_core.package_identification:_identify(.) by extension 'ignore_ament_install'
[0.341s] Level 1:colcon.colcon_core.package_identification:_identify(.) by extensions ['colcon_pkg']
[0.341s] Level 1:colcon.colcon_core.package_identification:_identify(.) by extension 'colcon_pkg'
[0.341s] Level 1:colcon.colcon_core.package_identification:_identify(.) by extensions ['colcon_meta']
[0.341s] Level 1:colcon.colcon_core.package_identification:_identify(.) by extension 'colcon_meta'
[0.341s] Level 1:colcon.colcon_core.package_identification:_identify(.) by extensions ['ros']
[0.341s] Level 1:colcon.colcon_core.package_identification:_identify(.) by extension 'ros'
[0.354s] Level 1:colcon.colcon_core.package_identification:_identify(.) by extensions ['cmake', 'python']
[0.354s] Level 1:colcon.colcon_core.package_identification:_identify(.) by extension 'cmake'
[0.354s] Level 1:colcon.colcon_core.package_identification:_identify(.) by extension 'python'
[0.354s] Level 1:colcon.colcon_core.package_identification:_identify(.) by extensions ['python_setup_py']
[0.354s] Level 1:colcon.colcon_core.package_identification:_identify(.) by extension 'python_setup_py'
[0.355s] Level 1:colcon.colcon_core.package_identification:_identify(build) by extensions ['ignore', 'ignore_ament_install']
[0.355s] Level 1:colcon.colcon_core.package_identification:_identify(build) by extension 'ignore'
[0.355s] Level 1:colcon.colcon_core.package_identification:_identify(build) ignored
[0.355s] Level 1:colcon.colcon_core.package_identification:_identify(install) by extensions ['ignore', 'ignore_ament_install']
[0.355s] Level 1:colcon.colcon_core.package_identification:_identify(install) by extension 'ignore'
[0.355s] Level 1:colcon.colcon_core.package_identification:_identify(install) ignored
[0.355s] Level 1:colcon.colcon_core.package_identification:_identify(log) by extensions ['ignore', 'ignore_ament_install']
[0.355s] Level 1:colcon.colcon_core.package_identification:_identify(log) by extension 'ignore'
[0.355s] Level 1:colcon.colcon_core.package_identification:_identify(log) ignored
[0.356s] Level 1:colcon.colcon_core.package_identification:_identify(src) by extensions ['ignore', 'ignore_ament_install']
[0.356s] Level 1:colcon.colcon_core.package_identification:_identify(src) by extension 'ignore'
[0.356s] Level 1:colcon.colcon_core.package_identification:_identify(src) by extension 'ignore_ament_install'
[0.356s] Level 1:colcon.colcon_core.package_identification:_identify(src) by extensions ['colcon_pkg']
[0.356s] Level 1:colcon.colcon_core.package_identification:_identify(src) by extension 'colcon_pkg'
[0.356s] Level 1:colcon.colcon_core.package_identification:_identify(src) by extensions ['colcon_meta']
[0.356s] Level 1:colcon.colcon_core.package_identification:_identify(src) by extension 'colcon_meta'
[0.356s] Level 1:colcon.colcon_core.package_identification:_identify(src) by extensions ['ros']
[0.356s] Level 1:colcon.colcon_core.package_identification:_identify(src) by extension 'ros'
[0.356s] Level 1:colcon.colcon_core.package_identification:_identify(src) by extensions ['cmake', 'python']
[0.356s] Level 1:colcon.colcon_core.package_identification:_identify(src) by extension 'cmake'
[0.356s] Level 1:colcon.colcon_core.package_identification:_identify(src) by extension 'python'
[0.356s] Level 1:colcon.colcon_core.package_identification:_identify(src) by extensions ['python_setup_py']
[0.356s] Level 1:colcon.colcon_core.package_identification:_identify(src) by extension 'python_setup_py'
[0.356s] Level 1:colcon.colcon_core.package_identification:_identify(src/mini_mec_bringup) by extensions ['ignore', 'ignore_ament_install']
[0.356s] Level 1:colcon.colcon_core.package_identification:_identify(src/mini_mec_bringup) by extension 'ignore'
[0.356s] Level 1:colcon.colcon_core.package_identification:_identify(src/mini_mec_bringup) by extension 'ignore_ament_install'
[0.357s] Level 1:colcon.colcon_core.package_identification:_identify(src/mini_mec_bringup) by extensions ['colcon_pkg']
[0.357s] Level 1:colcon.colcon_core.package_identification:_identify(src/mini_mec_bringup) by extension 'colcon_pkg'
[0.357s] Level 1:colcon.colcon_core.package_identification:_identify(src/mini_mec_bringup) by extensions ['colcon_meta']
[0.357s] Level 1:colcon.colcon_core.package_identification:_identify(src/mini_mec_bringup) by extension 'colcon_meta'
[0.357s] Level 1:colcon.colcon_core.package_identification:_identify(src/mini_mec_bringup) by extensions ['ros']
[0.357s] Level 1:colcon.colcon_core.package_identification:_identify(src/mini_mec_bringup) by extension 'ros'
[0.360s] DEBUG:colcon.colcon_core.package_identification:Package 'src/mini_mec_bringup' with type 'ros.ament_cmake' and name 'mini_mec_bringup'
[0.360s] Level 1:colcon.colcon_core.package_identification:_identify(src/mini_mec_description) by extensions ['ignore', 'ignore_ament_install']
[0.360s] Level 1:colcon.colcon_core.package_identification:_identify(src/mini_mec_description) by extension 'ignore'
[0.360s] Level 1:colcon.colcon_core.package_identification:_identify(src/mini_mec_description) by extension 'ignore_ament_install'
[0.360s] Level 1:colcon.colcon_core.package_identification:_identify(src/mini_mec_description) by extensions ['colcon_pkg']
[0.360s] Level 1:colcon.colcon_core.package_identification:_identify(src/mini_mec_description) by extension 'colcon_pkg'
[0.361s] Level 1:colcon.colcon_core.package_identification:_identify(src/mini_mec_description) by extensions ['colcon_meta']
[0.361s] Level 1:colcon.colcon_core.package_identification:_identify(src/mini_mec_description) by extension 'colcon_meta'
[0.361s] Level 1:colcon.colcon_core.package_identification:_identify(src/mini_mec_description) by extensions ['ros']
[0.361s] Level 1:colcon.colcon_core.package_identification:_identify(src/mini_mec_description) by extension 'ros'
[0.361s] DEBUG:colcon.colcon_core.package_identification:Package 'src/mini_mec_description' with type 'ros.ament_cmake' and name 'mini_mec_description'
[0.361s] Level 1:colcon.colcon_core.package_identification:_identify(src/wheeltec_control) by extensions ['ignore', 'ignore_ament_install']
[0.362s] Level 1:colcon.colcon_core.package_identification:_identify(src/wheeltec_control) by extension 'ignore'
[0.362s] Level 1:colcon.colcon_core.package_identification:_identify(src/wheeltec_control) by extension 'ignore_ament_install'
[0.362s] Level 1:colcon.colcon_core.package_identification:_identify(src/wheeltec_control) by extensions ['colcon_pkg']
[0.362s] Level 1:colcon.colcon_core.package_identification:_identify(src/wheeltec_control) by extension 'colcon_pkg'
[0.362s] Level 1:colcon.colcon_core.package_identification:_identify(src/wheeltec_control) by extensions ['colcon_meta']
[0.362s] Level 1:colcon.colcon_core.package_identification:_identify(src/wheeltec_control) by extension 'colcon_meta'
[0.362s] Level 1:colcon.colcon_core.package_identification:_identify(src/wheeltec_control) by extensions ['ros']
[0.362s] Level 1:colcon.colcon_core.package_identification:_identify(src/wheeltec_control) by extension 'ros'
[0.363s] DEBUG:colcon.colcon_core.package_identification:Package 'src/wheeltec_control' with type 'ros.ament_python' and name 'wheeltec_control'
[0.363s] Level 1:colcon.colcon_core.package_discovery:discover_packages(recursive) using defaults
[0.363s] Level 1:colcon.colcon_core.package_discovery:discover_packages(ignore) discover
[0.363s] Level 1:colcon.colcon_core.package_discovery:discover_packages(ignore) using defaults
[0.363s] Level 1:colcon.colcon_core.package_discovery:discover_packages(path) discover
[0.363s] Level 1:colcon.colcon_core.package_discovery:discover_packages(path) using defaults
[0.404s] Level 1:colcon.colcon_core.package_discovery:discover_packages(prefix_path) check parameters
[0.404s] Level 1:colcon.colcon_core.package_discovery:discover_packages(prefix_path) discover
[0.407s] DEBUG:colcon.colcon_installed_package_information.package_discovery:Found 3 installed packages in /home/gavin/minimec/install
[0.409s] DEBUG:colcon.colcon_installed_package_information.package_discovery:Found 341 installed packages in /opt/ros/humble
[0.411s] Level 1:colcon.colcon_core.package_discovery:discover_packages(prefix_path) using defaults
[0.462s] Level 5:colcon.colcon_core.verb:set package 'mini_mec_description' build argument 'cmake_args' from command line to 'None'
[0.462s] Level 5:colcon.colcon_core.verb:set package 'mini_mec_description' build argument 'cmake_target' from command line to 'None'
[0.462s] Level 5:colcon.colcon_core.verb:set package 'mini_mec_description' build argument 'cmake_target_skip_unavailable' from command line to 'False'
[0.462s] Level 5:colcon.colcon_core.verb:set package 'mini_mec_description' build argument 'cmake_clean_cache' from command line to 'False'
[0.462s] Level 5:colcon.colcon_core.verb:set package 'mini_mec_description' build argument 'cmake_clean_first' from command line to 'False'
[0.462s] Level 5:colcon.colcon_core.verb:set package 'mini_mec_description' build argument 'cmake_force_configure' from command line to 'False'
[0.462s] Level 5:colcon.colcon_core.verb:set package 'mini_mec_description' build argument 'ament_cmake_args' from command line to 'None'
[0.462s] Level 5:colcon.colcon_core.verb:set package 'mini_mec_description' build argument 'catkin_cmake_args' from command line to 'None'
[0.462s] Level 5:colcon.colcon_core.verb:set package 'mini_mec_description' build argument 'catkin_skip_building_tests' from command line to 'False'
[0.462s] DEBUG:colcon.colcon_core.verb:Building package 'mini_mec_description' with the following arguments: {'ament_cmake_args': None, 'build_base': '/home/gavin/minimec/build/mini_mec_description', 'catkin_cmake_args': None, 'catkin_skip_building_tests': False, 'cmake_args': None, 'cmake_clean_cache': False, 'cmake_clean_first': False, 'cmake_force_configure': False, 'cmake_target': None, 'cmake_target_skip_unavailable': False, 'install_base': '/home/gavin/minimec/install/mini_mec_description', 'merge_install': False, 'path': '/home/gavin/minimec/src/mini_mec_description', 'symlink_install': False, 'test_result_base': None}
[0.463s] Level 5:colcon.colcon_core.verb:set package 'wheeltec_control' build argument 'cmake_args' from command line to 'None'
[0.463s] Level 5:colcon.colcon_core.verb:set package 'wheeltec_control' build argument 'cmake_target' from command line to 'None'
[0.463s] Level 5:colcon.colcon_core.verb:set package 'wheeltec_control' build argument 'cmake_target_skip_unavailable' from command line to 'False'
[0.463s] Level 5:colcon.colcon_core.verb:set package 'wheeltec_control' build argument 'cmake_clean_cache' from command line to 'False'
[0.463s] Level 5:colcon.colcon_core.verb:set package 'wheeltec_control' build argument 'cmake_clean_first' from command line to 'False'
[0.463s] Level 5:colcon.colcon_core.verb:set package 'wheeltec_control' build argument 'cmake_force_configure' from command line to 'False'
[0.463s] Level 5:colcon.colcon_core.verb:set package 'wheeltec_control' build argument 'ament_cmake_args' from command line to 'None'
[0.463s] Level 5:colcon.colcon_core.verb:set package 'wheeltec_control' build argument 'catkin_cmake_args' from command line to 'None'
[0.463s] Level 5:colcon.colcon_core.verb:set package 'wheeltec_control' build argument 'catkin_skip_building_tests' from command line to 'False'
[0.463s] DEBUG:colcon.colcon_core.verb:Building package 'wheeltec_control' with the following arguments: {'ament_cmake_args': None, 'build_base': '/home/gavin/minimec/build/wheeltec_control', 'catkin_cmake_args': None, 'catkin_skip_building_tests': False, 'cmake_args': None, 'cmake_clean_cache': False, 'cmake_clean_first': False, 'cmake_force_configure': False, 'cmake_target': None, 'cmake_target_skip_unavailable': False, 'install_base': '/home/gavin/minimec/install/wheeltec_control', 'merge_install': False, 'path': '/home/gavin/minimec/src/wheeltec_control', 'symlink_install': False, 'test_result_base': None}
[0.463s] Level 5:colcon.colcon_core.verb:set package 'mini_mec_bringup' build argument 'cmake_args' from command line to 'None'
[0.463s] Level 5:colcon.colcon_core.verb:set package 'mini_mec_bringup' build argument 'cmake_target' from command line to 'None'
[0.463s] Level 5:colcon.colcon_core.verb:set package 'mini_mec_bringup' build argument 'cmake_target_skip_unavailable' from command line to 'False'
[0.464s] Level 5:colcon.colcon_core.verb:set package 'mini_mec_bringup' build argument 'cmake_clean_cache' from command line to 'False'
[0.464s] Level 5:colcon.colcon_core.verb:set package 'mini_mec_bringup' build argument 'cmake_clean_first' from command line to 'False'
[0.464s] Level 5:colcon.colcon_core.verb:set package 'mini_mec_bringup' build argument 'cmake_force_configure' from command line to 'False'
[0.464s] Level 5:colcon.colcon_core.verb:set package 'mini_mec_bringup' build argument 'ament_cmake_args' from command line to 'None'
[0.464s] Level 5:colcon.colcon_core.verb:set package 'mini_mec_bringup' build argument 'catkin_cmake_args' from command line to 'None'
[0.464s] Level 5:colcon.colcon_core.verb:set package 'mini_mec_bringup' build argument 'catkin_skip_building_tests' from command line to 'False'
[0.464s] DEBUG:colcon.colcon_core.verb:Building package 'mini_mec_bringup' with the following arguments: {'ament_cmake_args': None, 'build_base': '/home/gavin/minimec/build/mini_mec_bringup', 'catkin_cmake_args': None, 'catkin_skip_building_tests': False, 'cmake_args': None, 'cmake_clean_cache': False, 'cmake_clean_first': False, 'cmake_force_configure': False, 'cmake_target': None, 'cmake_target_skip_unavailable': False, 'install_base': '/home/gavin/minimec/install/mini_mec_bringup', 'merge_install': False, 'path': '/home/gavin/minimec/src/mini_mec_bringup', 'symlink_install': False, 'test_result_base': None}
[0.464s] INFO:colcon.colcon_core.executor:Executing jobs using 'parallel' executor
[0.465s] DEBUG:colcon.colcon_parallel_executor.executor.parallel:run_until_complete
[0.465s] INFO:colcon.colcon_ros.task.ament_cmake.build:Building ROS package in '/home/gavin/minimec/src/mini_mec_description' with build type 'ament_cmake'
[0.465s] INFO:colcon.colcon_cmake.task.cmake.build:Building CMake package in '/home/gavin/minimec/src/mini_mec_description'
[0.468s] INFO:colcon.colcon_core.plugin_system:Skipping extension 'colcon_core.shell.bat': Not used on non-Windows systems
[0.469s] INFO:colcon.colcon_core.shell:Skip shell extension 'powershell' for command environment: Not usable outside of PowerShell
[0.469s] DEBUG:colcon.colcon_core.shell:Skip shell extension 'dsv' for command environment
[0.474s] INFO:colcon.colcon_ros.task.ament_python.build:Building ROS package in '/home/gavin/minimec/src/wheeltec_control' with build type 'ament_python'
[0.474s] Level 1:colcon.colcon_core.shell:create_environment_hook('wheeltec_control', 'ament_prefix_path')
[0.475s] INFO:colcon.colcon_core.shell:Creating environment hook '/home/gavin/minimec/install/wheeltec_control/share/wheeltec_control/hook/ament_prefix_path.ps1'
[0.476s] INFO:colcon.colcon_core.shell:Creating environment descriptor '/home/gavin/minimec/install/wheeltec_control/share/wheeltec_control/hook/ament_prefix_path.dsv'
[0.477s] INFO:colcon.colcon_core.shell:Creating environment hook '/home/gavin/minimec/install/wheeltec_control/share/wheeltec_control/hook/ament_prefix_path.sh'
[0.478s] INFO:colcon.colcon_core.shell:Skip shell extension 'powershell' for command environment: Not usable outside of PowerShell
[0.478s] DEBUG:colcon.colcon_core.shell:Skip shell extension 'dsv' for command environment
[0.492s] DEBUG:colcon.colcon_core.event_handler.log_command:Invoking command in '/home/gavin/minimec/build/mini_mec_description': CMAKE_PREFIX_PATH=${CMAKE_PREFIX_PATH}:/home/gavin/minimec/install/wheeltec_control:/opt/ros/humble /usr/bin/cmake --build /home/gavin/minimec/build/mini_mec_description -- -j8 -l8
[0.828s] INFO:colcon.colcon_core.task.python.build:Building Python package in '/home/gavin/minimec/src/wheeltec_control'
[0.828s] INFO:colcon.colcon_core.shell:Skip shell extension 'powershell' for command environment: Not usable outside of PowerShell
[0.828s] DEBUG:colcon.colcon_core.shell:Skip shell extension 'dsv' for command environment
[0.834s] DEBUG:colcon.colcon_core.event_handler.log_command:Invoked command in '/home/gavin/minimec/build/mini_mec_description' returned '0': CMAKE_PREFIX_PATH=${CMAKE_PREFIX_PATH}:/home/gavin/minimec/install/wheeltec_control:/opt/ros/humble /usr/bin/cmake --build /home/gavin/minimec/build/mini_mec_description -- -j8 -l8
[0.884s] DEBUG:colcon.colcon_core.event_handler.log_command:Invoking command in '/home/gavin/minimec/build/mini_mec_description': CMAKE_PREFIX_PATH=${CMAKE_PREFIX_PATH}:/home/gavin/minimec/install/wheeltec_control:/opt/ros/humble /usr/bin/cmake --install /home/gavin/minimec/build/mini_mec_description
[0.917s] Level 1:colcon.colcon_core.environment:create_environment_scripts_only(mini_mec_description)
[0.918s] DEBUG:colcon.colcon_core.event_handler.log_command:Invoked command in '/home/gavin/minimec/build/mini_mec_description' returned '0': CMAKE_PREFIX_PATH=${CMAKE_PREFIX_PATH}:/home/gavin/minimec/install/wheeltec_control:/opt/ros/humble /usr/bin/cmake --install /home/gavin/minimec/build/mini_mec_description
[0.921s] Level 1:colcon.colcon_core.environment:checking '/home/gavin/minimec/install/mini_mec_description' for CMake module files
[0.921s] Level 1:colcon.colcon_core.environment:checking '/home/gavin/minimec/install/mini_mec_description' for CMake config files
[0.922s] Level 1:colcon.colcon_core.shell:create_environment_hook('mini_mec_description', 'cmake_prefix_path')
[0.922s] INFO:colcon.colcon_core.shell:Creating environment hook '/home/gavin/minimec/install/mini_mec_description/share/mini_mec_description/hook/cmake_prefix_path.ps1'
[0.923s] INFO:colcon.colcon_core.shell:Creating environment descriptor '/home/gavin/minimec/install/mini_mec_description/share/mini_mec_description/hook/cmake_prefix_path.dsv'
[0.924s] INFO:colcon.colcon_core.shell:Creating environment hook '/home/gavin/minimec/install/mini_mec_description/share/mini_mec_description/hook/cmake_prefix_path.sh'
[0.925s] Level 1:colcon.colcon_core.environment:checking '/home/gavin/minimec/install/mini_mec_description/bin'
[0.925s] Level 1:colcon.colcon_core.environment:checking '/home/gavin/minimec/install/mini_mec_description/lib/pkgconfig/mini_mec_description.pc'
[0.925s] Level 1:colcon.colcon_core.environment:checking '/home/gavin/minimec/install/mini_mec_description/lib/python3.10/site-packages'
[0.925s] Level 1:colcon.colcon_core.environment:checking '/home/gavin/minimec/install/mini_mec_description/bin'
[0.925s] INFO:colcon.colcon_core.shell:Creating package script '/home/gavin/minimec/install/mini_mec_description/share/mini_mec_description/package.ps1'
[0.927s] INFO:colcon.colcon_core.shell:Creating package descriptor '/home/gavin/minimec/install/mini_mec_description/share/mini_mec_description/package.dsv'
[0.927s] INFO:colcon.colcon_core.shell:Creating package script '/home/gavin/minimec/install/mini_mec_description/share/mini_mec_description/package.sh'
[0.929s] INFO:colcon.colcon_core.shell:Creating package script '/home/gavin/minimec/install/mini_mec_description/share/mini_mec_description/package.bash'
[0.930s] INFO:colcon.colcon_core.shell:Creating package script '/home/gavin/minimec/install/mini_mec_description/share/mini_mec_description/package.zsh'
[0.931s] Level 1:colcon.colcon_core.environment:create_file_with_runtime_dependencies(/home/gavin/minimec/install/mini_mec_description/share/colcon-core/packages/mini_mec_description)
[0.961s] Level 1:colcon.colcon_core.environment:create_environment_scripts_only(mini_mec_description)
[0.962s] Level 1:colcon.colcon_core.environment:checking '/home/gavin/minimec/install/mini_mec_description' for CMake module files
[0.962s] Level 1:colcon.colcon_core.environment:checking '/home/gavin/minimec/install/mini_mec_description' for CMake config files
[0.963s] Level 1:colcon.colcon_core.shell:create_environment_hook('mini_mec_description', 'cmake_prefix_path')
[0.963s] INFO:colcon.colcon_core.shell:Creating environment hook '/home/gavin/minimec/install/mini_mec_description/share/mini_mec_description/hook/cmake_prefix_path.ps1'
[0.964s] INFO:colcon.colcon_core.shell:Creating environment descriptor '/home/gavin/minimec/install/mini_mec_description/share/mini_mec_description/hook/cmake_prefix_path.dsv'
[0.964s] INFO:colcon.colcon_core.shell:Creating environment hook '/home/gavin/minimec/install/mini_mec_description/share/mini_mec_description/hook/cmake_prefix_path.sh'
[0.965s] Level 1:colcon.colcon_core.environment:checking '/home/gavin/minimec/install/mini_mec_description/bin'
[0.965s] Level 1:colcon.colcon_core.environment:checking '/home/gavin/minimec/install/mini_mec_description/lib/pkgconfig/mini_mec_description.pc'
[0.965s] Level 1:colcon.colcon_core.environment:checking '/home/gavin/minimec/install/mini_mec_description/lib/python3.10/site-packages'
[0.965s] Level 1:colcon.colcon_core.environment:checking '/home/gavin/minimec/install/mini_mec_description/bin'
[0.966s] INFO:colcon.colcon_core.shell:Creating package script '/home/gavin/minimec/install/mini_mec_description/share/mini_mec_description/package.ps1'
[0.967s] INFO:colcon.colcon_core.shell:Creating package descriptor '/home/gavin/minimec/install/mini_mec_description/share/mini_mec_description/package.dsv'
[0.967s] INFO:colcon.colcon_core.shell:Creating package script '/home/gavin/minimec/install/mini_mec_description/share/mini_mec_description/package.sh'
[0.968s] INFO:colcon.colcon_core.shell:Creating package script '/home/gavin/minimec/install/mini_mec_description/share/mini_mec_description/package.bash'
[0.969s] INFO:colcon.colcon_core.shell:Creating package script '/home/gavin/minimec/install/mini_mec_description/share/mini_mec_description/package.zsh'
[0.969s] Level 1:colcon.colcon_core.environment:create_file_with_runtime_dependencies(/home/gavin/minimec/install/mini_mec_description/share/colcon-core/packages/mini_mec_description)
[0.969s] INFO:colcon.colcon_ros.task.ament_cmake.build:Building ROS package in '/home/gavin/minimec/src/mini_mec_bringup' with build type 'ament_cmake'
[0.970s] INFO:colcon.colcon_cmake.task.cmake.build:Building CMake package in '/home/gavin/minimec/src/mini_mec_bringup'
[0.970s] INFO:colcon.colcon_core.shell:Skip shell extension 'powershell' for command environment: Not usable outside of PowerShell
[0.970s] DEBUG:colcon.colcon_core.shell:Skip shell extension 'dsv' for command environment
[0.983s] DEBUG:colcon.colcon_core.event_handler.log_command:Invoking command in '/home/gavin/minimec/build/mini_mec_bringup': CMAKE_PREFIX_PATH=/home/gavin/minimec/install/mini_mec_description:/home/gavin/minimec/install/mini_mec_bringup:/home/gavin/minimec/install/wheeltec_control:/opt/ros/humble /usr/bin/cmake --build /home/gavin/minimec/build/mini_mec_bringup -- -j8 -l8
[1.038s] DEBUG:colcon.colcon_core.event_handler.log_command:Invoked command in '/home/gavin/minimec/build/mini_mec_bringup' returned '0': CMAKE_PREFIX_PATH=/home/gavin/minimec/install/mini_mec_description:/home/gavin/minimec/install/mini_mec_bringup:/home/gavin/minimec/install/wheeltec_control:/opt/ros/humble /usr/bin/cmake --build /home/gavin/minimec/build/mini_mec_bringup -- -j8 -l8
[1.078s] DEBUG:colcon.colcon_core.event_handler.log_command:Invoking command in '/home/gavin/minimec/build/mini_mec_bringup': CMAKE_PREFIX_PATH=/home/gavin/minimec/install/mini_mec_description:/home/gavin/minimec/install/mini_mec_bringup:/home/gavin/minimec/install/wheeltec_control:/opt/ros/humble /usr/bin/cmake --install /home/gavin/minimec/build/mini_mec_bringup
[1.109s] Level 1:colcon.colcon_core.environment:create_environment_scripts_only(mini_mec_bringup)
[1.109s] DEBUG:colcon.colcon_core.event_handler.log_command:Invoked command in '/home/gavin/minimec/build/mini_mec_bringup' returned '0': CMAKE_PREFIX_PATH=/home/gavin/minimec/install/mini_mec_description:/home/gavin/minimec/install/mini_mec_bringup:/home/gavin/minimec/install/wheeltec_control:/opt/ros/humble /usr/bin/cmake --install /home/gavin/minimec/build/mini_mec_bringup
[1.110s] Level 1:colcon.colcon_core.environment:checking '/home/gavin/minimec/install/mini_mec_bringup' for CMake module files
[1.111s] Level 1:colcon.colcon_core.environment:checking '/home/gavin/minimec/install/mini_mec_bringup' for CMake config files
[1.111s] Level 1:colcon.colcon_core.shell:create_environment_hook('mini_mec_bringup', 'cmake_prefix_path')
[1.112s] INFO:colcon.colcon_core.shell:Creating environment hook '/home/gavin/minimec/install/mini_mec_bringup/share/mini_mec_bringup/hook/cmake_prefix_path.ps1'
[1.112s] INFO:colcon.colcon_core.shell:Creating environment descriptor '/home/gavin/minimec/install/mini_mec_bringup/share/mini_mec_bringup/hook/cmake_prefix_path.dsv'
[1.113s] INFO:colcon.colcon_core.shell:Creating environment hook '/home/gavin/minimec/install/mini_mec_bringup/share/mini_mec_bringup/hook/cmake_prefix_path.sh'
[1.113s] Level 1:colcon.colcon_core.environment:checking '/home/gavin/minimec/install/mini_mec_bringup/bin'
[1.114s] Level 1:colcon.colcon_core.environment:checking '/home/gavin/minimec/install/mini_mec_bringup/lib/pkgconfig/mini_mec_bringup.pc'
[1.114s] Level 1:colcon.colcon_core.environment:checking '/home/gavin/minimec/install/mini_mec_bringup/lib/python3.10/site-packages'
[1.114s] Level 1:colcon.colcon_core.environment:checking '/home/gavin/minimec/install/mini_mec_bringup/bin'
[1.115s] INFO:colcon.colcon_core.shell:Creating package script '/home/gavin/minimec/install/mini_mec_bringup/share/mini_mec_bringup/package.ps1'
[1.116s] INFO:colcon.colcon_core.shell:Creating package descriptor '/home/gavin/minimec/install/mini_mec_bringup/share/mini_mec_bringup/package.dsv'
[1.116s] INFO:colcon.colcon_core.shell:Creating package script '/home/gavin/minimec/install/mini_mec_bringup/share/mini_mec_bringup/package.sh'
[1.117s] INFO:colcon.colcon_core.shell:Creating package script '/home/gavin/minimec/install/mini_mec_bringup/share/mini_mec_bringup/package.bash'
[1.118s] INFO:colcon.colcon_core.shell:Creating package script '/home/gavin/minimec/install/mini_mec_bringup/share/mini_mec_bringup/package.zsh'
[1.118s] Level 1:colcon.colcon_core.environment:create_file_with_runtime_dependencies(/home/gavin/minimec/install/mini_mec_bringup/share/colcon-core/packages/mini_mec_bringup)
[1.150s] Level 1:colcon.colcon_core.environment:create_environment_scripts_only(mini_mec_bringup)
[1.151s] Level 1:colcon.colcon_core.environment:checking '/home/gavin/minimec/install/mini_mec_bringup' for CMake module files
[1.151s] Level 1:colcon.colcon_core.environment:checking '/home/gavin/minimec/install/mini_mec_bringup' for CMake config files
[1.152s] Level 1:colcon.colcon_core.shell:create_environment_hook('mini_mec_bringup', 'cmake_prefix_path')
[1.152s] INFO:colcon.colcon_core.shell:Creating environment hook '/home/gavin/minimec/install/mini_mec_bringup/share/mini_mec_bringup/hook/cmake_prefix_path.ps1'
[1.153s] INFO:colcon.colcon_core.shell:Creating environment descriptor '/home/gavin/minimec/install/mini_mec_bringup/share/mini_mec_bringup/hook/cmake_prefix_path.dsv'
[1.153s] INFO:colcon.colcon_core.shell:Creating environment hook '/home/gavin/minimec/install/mini_mec_bringup/share/mini_mec_bringup/hook/cmake_prefix_path.sh'
[1.154s] Level 1:colcon.colcon_core.environment:checking '/home/gavin/minimec/install/mini_mec_bringup/bin'
[1.154s] Level 1:colcon.colcon_core.environment:checking '/home/gavin/minimec/install/mini_mec_bringup/lib/pkgconfig/mini_mec_bringup.pc'
[1.154s] Level 1:colcon.colcon_core.environment:checking '/home/gavin/minimec/install/mini_mec_bringup/lib/python3.10/site-packages'
[1.154s] Level 1:colcon.colcon_core.environment:checking '/home/gavin/minimec/install/mini_mec_bringup/bin'
[1.155s] INFO:colcon.colcon_core.shell:Creating package script '/home/gavin/minimec/install/mini_mec_bringup/share/mini_mec_bringup/package.ps1'
[1.155s] INFO:colcon.colcon_core.shell:Creating package descriptor '/home/gavin/minimec/install/mini_mec_bringup/share/mini_mec_bringup/package.dsv'
[1.156s] INFO:colcon.colcon_core.shell:Creating package script '/home/gavin/minimec/install/mini_mec_bringup/share/mini_mec_bringup/package.sh'
[1.156s] INFO:colcon.colcon_core.shell:Creating package script '/home/gavin/minimec/install/mini_mec_bringup/share/mini_mec_bringup/package.bash'
[1.157s] INFO:colcon.colcon_core.shell:Creating package script '/home/gavin/minimec/install/mini_mec_bringup/share/mini_mec_bringup/package.zsh'
[1.157s] Level 1:colcon.colcon_core.environment:create_file_with_runtime_dependencies(/home/gavin/minimec/install/mini_mec_bringup/share/colcon-core/packages/mini_mec_bringup)
[1.362s] DEBUG:colcon.colcon_core.event_handler.log_command:Invoking command in '/home/gavin/minimec/src/wheeltec_control': PYTHONPATH=/home/gavin/minimec/build/wheeltec_control/prefix_override:/usr/lib/python3/dist-packages/colcon_core/task/python/colcon_distutils_commands:/home/gavin/minimec/install/wheeltec_control/lib/python3.10/site-packages:${PYTHONPATH} /usr/bin/python3 -W ignore:setup.py install is deprecated setup.py egg_info --egg-base ../../build/wheeltec_control build --build-base /home/gavin/minimec/build/wheeltec_control/build install --record /home/gavin/minimec/build/wheeltec_control/install.log --single-version-externally-managed install_data
[1.754s] Level 1:colcon.colcon_core.environment:checking '/home/gavin/minimec/install/wheeltec_control' for CMake module files
[1.756s] DEBUG:colcon.colcon_core.event_handler.log_command:Invoked command in '/home/gavin/minimec/src/wheeltec_control' returned '0': PYTHONPATH=/home/gavin/minimec/build/wheeltec_control/prefix_override:/usr/lib/python3/dist-packages/colcon_core/task/python/colcon_distutils_commands:/home/gavin/minimec/install/wheeltec_control/lib/python3.10/site-packages:${PYTHONPATH} /usr/bin/python3 -W ignore:setup.py install is deprecated setup.py egg_info --egg-base ../../build/wheeltec_control build --build-base /home/gavin/minimec/build/wheeltec_control/build install --record /home/gavin/minimec/build/wheeltec_control/install.log --single-version-externally-managed install_data
[1.757s] Level 1:colcon.colcon_core.environment:checking '/home/gavin/minimec/install/wheeltec_control' for CMake config files
[1.758s] Level 1:colcon.colcon_core.environment:checking '/home/gavin/minimec/install/wheeltec_control/lib'
[1.759s] Level 1:colcon.colcon_core.environment:checking '/home/gavin/minimec/install/wheeltec_control/bin'
[1.759s] Level 1:colcon.colcon_core.environment:checking '/home/gavin/minimec/install/wheeltec_control/lib/pkgconfig/wheeltec_control.pc'
[1.759s] Level 1:colcon.colcon_core.environment:checking '/home/gavin/minimec/install/wheeltec_control/lib/python3.10/site-packages'
[1.759s] Level 1:colcon.colcon_core.shell:create_environment_hook('wheeltec_control', 'pythonpath')
[1.760s] INFO:colcon.colcon_core.shell:Creating environment hook '/home/gavin/minimec/install/wheeltec_control/share/wheeltec_control/hook/pythonpath.ps1'
[1.761s] INFO:colcon.colcon_core.shell:Creating environment descriptor '/home/gavin/minimec/install/wheeltec_control/share/wheeltec_control/hook/pythonpath.dsv'
[1.762s] INFO:colcon.colcon_core.shell:Creating environment hook '/home/gavin/minimec/install/wheeltec_control/share/wheeltec_control/hook/pythonpath.sh'
[1.763s] Level 1:colcon.colcon_core.environment:checking '/home/gavin/minimec/install/wheeltec_control/bin'
[1.764s] Level 1:colcon.colcon_core.environment:create_environment_scripts_only(wheeltec_control)
[1.764s] INFO:colcon.colcon_core.shell:Creating package script '/home/gavin/minimec/install/wheeltec_control/share/wheeltec_control/package.ps1'
[1.766s] INFO:colcon.colcon_core.shell:Creating package descriptor '/home/gavin/minimec/install/wheeltec_control/share/wheeltec_control/package.dsv'
[1.767s] INFO:colcon.colcon_core.shell:Creating package script '/home/gavin/minimec/install/wheeltec_control/share/wheeltec_control/package.sh'
[1.769s] INFO:colcon.colcon_core.shell:Creating package script '/home/gavin/minimec/install/wheeltec_control/share/wheeltec_control/package.bash'
[1.770s] INFO:colcon.colcon_core.shell:Creating package script '/home/gavin/minimec/install/wheeltec_control/share/wheeltec_control/package.zsh'
[1.771s] Level 1:colcon.colcon_core.environment:create_file_with_runtime_dependencies(/home/gavin/minimec/install/wheeltec_control/share/colcon-core/packages/wheeltec_control)
[1.771s] DEBUG:colcon.colcon_parallel_executor.executor.parallel:closing loop
[1.772s] DEBUG:colcon.colcon_parallel_executor.executor.parallel:loop closed
[1.772s] DEBUG:colcon.colcon_parallel_executor.executor.parallel:run_until_complete finished with '0'
[1.772s] DEBUG:colcon.colcon_core.event_reactor:joining thread
[1.778s] INFO:colcon.colcon_core.plugin_system:Skipping extension 'colcon_notification.desktop_notification.terminal_notifier': Not used on non-Darwin systems
[1.778s] INFO:colcon.colcon_core.plugin_system:Skipping extension 'colcon_notification.desktop_notification.win32': Not used on non-Windows systems
[1.778s] INFO:colcon.colcon_notification.desktop_notification:Sending desktop notification using 'notify2'
[1.810s] DEBUG:colcon.colcon_core.event_reactor:joined thread
[1.811s] INFO:colcon.colcon_core.shell:Creating prefix script '/home/gavin/minimec/install/local_setup.ps1'
[1.813s] INFO:colcon.colcon_core.shell:Creating prefix util module '/home/gavin/minimec/install/_local_setup_util_ps1.py'
[1.817s] INFO:colcon.colcon_core.shell:Creating prefix chain script '/home/gavin/minimec/install/setup.ps1'
[1.819s] INFO:colcon.colcon_core.shell:Creating prefix script '/home/gavin/minimec/install/local_setup.sh'
[1.821s] INFO:colcon.colcon_core.shell:Creating prefix util module '/home/gavin/minimec/install/_local_setup_util_sh.py'
[1.822s] INFO:colcon.colcon_core.shell:Creating prefix chain script '/home/gavin/minimec/install/setup.sh'
[1.825s] INFO:colcon.colcon_core.shell:Creating prefix script '/home/gavin/minimec/install/local_setup.bash'
[1.827s] INFO:colcon.colcon_core.shell:Creating prefix chain script '/home/gavin/minimec/install/setup.bash'
[1.830s] INFO:colcon.colcon_core.shell:Creating prefix script '/home/gavin/minimec/install/local_setup.zsh'
[1.831s] INFO:colcon.colcon_core.shell:Creating prefix chain script '/home/gavin/minimec/install/setup.zsh'
