[0.016s] Invoking command in '/home/gavin/minimec/build/mini_mec_description': CMAKE_PREFIX_PATH=/opt/ros/humble /usr/bin/cmake --build /home/gavin/minimec/build/mini_mec_description -- -j8 -l8
[0.054s] -- Found ament_cmake: 1.3.10 (/opt/ros/humble/share/ament_cmake/cmake)
[0.288s] -- Configuring done
[0.296s] -- Generating done
[0.299s] -- Build files have been written to: /home/gavin/minimec/build/mini_mec_description
[0.339s] Invoked command in '/home/gavin/minimec/build/mini_mec_description' returned '0': CMAKE_PREFIX_PATH=/opt/ros/humble /usr/bin/cmake --build /home/gavin/minimec/build/mini_mec_description -- -j8 -l8
[0.382s] Invoking command in '/home/gavin/minimec/build/mini_mec_description': CMAKE_PREFIX_PATH=/opt/ros/humble /usr/bin/cmake --install /home/gavin/minimec/build/mini_mec_description
[0.391s] -- Install configuration: ""
[0.391s] -- Up-to-date: /home/gavin/minimec/install/mini_mec_description/share/mini_mec_description//urdf
[0.391s] -- Up-to-date: /home/gavin/minimec/install/mini_mec_description/share/mini_mec_description//urdf/mini_mec_robot.urdf
[0.392s] -- Installing: /home/gavin/minimec/install/mini_mec_description/share/mini_mec_description//launch
[0.392s] -- Installing: /home/gavin/minimec/install/mini_mec_description/share/mini_mec_description//launch/display.launch.xml
[0.392s] -- Up-to-date: /home/gavin/minimec/install/mini_mec_description/share/ament_index/resource_index/package_run_dependencies/mini_mec_description
[0.392s] -- Up-to-date: /home/gavin/minimec/install/mini_mec_description/share/ament_index/resource_index/parent_prefix_path/mini_mec_description
[0.392s] -- Up-to-date: /home/gavin/minimec/install/mini_mec_description/share/mini_mec_description/environment/ament_prefix_path.sh
[0.392s] -- Installing: /home/gavin/minimec/install/mini_mec_description/share/mini_mec_description/environment/ament_prefix_path.dsv
[0.392s] -- Up-to-date: /home/gavin/minimec/install/mini_mec_description/share/mini_mec_description/environment/path.sh
[0.393s] -- Installing: /home/gavin/minimec/install/mini_mec_description/share/mini_mec_description/environment/path.dsv
[0.393s] -- Up-to-date: /home/gavin/minimec/install/mini_mec_description/share/mini_mec_description/local_setup.bash
[0.393s] -- Up-to-date: /home/gavin/minimec/install/mini_mec_description/share/mini_mec_description/local_setup.sh
[0.393s] -- Up-to-date: /home/gavin/minimec/install/mini_mec_description/share/mini_mec_description/local_setup.zsh
[0.393s] -- Installing: /home/gavin/minimec/install/mini_mec_description/share/mini_mec_description/local_setup.dsv
[0.393s] -- Installing: /home/gavin/minimec/install/mini_mec_description/share/mini_mec_description/package.dsv
[0.393s] -- Up-to-date: /home/gavin/minimec/install/mini_mec_description/share/ament_index/resource_index/packages/mini_mec_description
[0.393s] -- Up-to-date: /home/gavin/minimec/install/mini_mec_description/share/mini_mec_description/cmake/mini_mec_descriptionConfig.cmake
[0.394s] -- Up-to-date: /home/gavin/minimec/install/mini_mec_description/share/mini_mec_description/cmake/mini_mec_descriptionConfig-version.cmake
[0.394s] -- Up-to-date: /home/gavin/minimec/install/mini_mec_description/share/mini_mec_description/package.xml
[0.397s] Invoked command in '/home/gavin/minimec/build/mini_mec_description' returned '0': CMAKE_PREFIX_PATH=/opt/ros/humble /usr/bin/cmake --install /home/gavin/minimec/build/mini_mec_description
