[1.092s] Invoking command in '/home/gavin/minimec/wheeltec_control': PYTHONPATH=/home/gavin/minimec/build/wheeltec_control/prefix_override:/usr/lib/python3/dist-packages/colcon_core/task/python/colcon_distutils_commands:/home/gavin/minimec/install/wheeltec_control/lib/python3.10/site-packages:${PYTHONPATH} /usr/bin/python3 -W ignore:setup.py install is deprecated setup.py egg_info --egg-base ../build/wheeltec_control build --build-base /home/gavin/minimec/build/wheeltec_control/build install --record /home/gavin/minimec/build/wheeltec_control/install.log --single-version-externally-managed install_data
[1.380s] running egg_info
[1.381s] creating ../build/wheeltec_control/wheeltec_control.egg-info
[1.381s] writing ../build/wheeltec_control/wheeltec_control.egg-info/PKG-INFO
[1.381s] writing dependency_links to ../build/wheeltec_control/wheeltec_control.egg-info/dependency_links.txt
[1.382s] writing entry points to ../build/wheeltec_control/wheeltec_control.egg-info/entry_points.txt
[1.382s] writing requirements to ../build/wheeltec_control/wheeltec_control.egg-info/requires.txt
[1.382s] writing top-level names to ../build/wheeltec_control/wheeltec_control.egg-info/top_level.txt
[1.382s] writing manifest file '../build/wheeltec_control/wheeltec_control.egg-info/SOURCES.txt'
[1.384s] reading manifest file '../build/wheeltec_control/wheeltec_control.egg-info/SOURCES.txt'
[1.385s] writing manifest file '../build/wheeltec_control/wheeltec_control.egg-info/SOURCES.txt'
[1.385s] running build
[1.385s] running build_py
[1.385s] creating /home/gavin/minimec/build/wheeltec_control/build
[1.385s] creating /home/gavin/minimec/build/wheeltec_control/build/lib
[1.386s] creating /home/gavin/minimec/build/wheeltec_control/build/lib/wheeltec_control
[1.386s] copying wheeltec_control/wheeltec_keyboard.py -> /home/gavin/minimec/build/wheeltec_control/build/lib/wheeltec_control
[1.386s] copying wheeltec_control/__init__.py -> /home/gavin/minimec/build/wheeltec_control/build/lib/wheeltec_control
[1.386s] running install
[1.386s] running install_lib
[1.387s] creating /home/gavin/minimec/install/wheeltec_control/lib/python3.10/site-packages/wheeltec_control
[1.387s] copying /home/gavin/minimec/build/wheeltec_control/build/lib/wheeltec_control/wheeltec_keyboard.py -> /home/gavin/minimec/install/wheeltec_control/lib/python3.10/site-packages/wheeltec_control
[1.387s] copying /home/gavin/minimec/build/wheeltec_control/build/lib/wheeltec_control/__init__.py -> /home/gavin/minimec/install/wheeltec_control/lib/python3.10/site-packages/wheeltec_control
[1.388s] byte-compiling /home/gavin/minimec/install/wheeltec_control/lib/python3.10/site-packages/wheeltec_control/wheeltec_keyboard.py to wheeltec_keyboard.cpython-310.pyc
[1.389s] byte-compiling /home/gavin/minimec/install/wheeltec_control/lib/python3.10/site-packages/wheeltec_control/__init__.py to __init__.cpython-310.pyc
[1.389s] running install_data
[1.390s] creating /home/gavin/minimec/install/wheeltec_control/share/ament_index
[1.390s] creating /home/gavin/minimec/install/wheeltec_control/share/ament_index/resource_index
[1.390s] creating /home/gavin/minimec/install/wheeltec_control/share/ament_index/resource_index/packages
[1.390s] copying resource/wheeltec_control -> /home/gavin/minimec/install/wheeltec_control/share/ament_index/resource_index/packages
[1.390s] copying package.xml -> /home/gavin/minimec/install/wheeltec_control/share/wheeltec_control
[1.391s] running install_egg_info
[1.392s] Copying ../build/wheeltec_control/wheeltec_control.egg-info to /home/gavin/minimec/install/wheeltec_control/lib/python3.10/site-packages/wheeltec_control-0.0.0-py3.10.egg-info
[1.393s] running install_scripts
[1.416s] Installing wheeltec_control script to /home/gavin/minimec/install/wheeltec_control/lib/wheeltec_control
[1.417s] writing list of installed files to '/home/gavin/minimec/build/wheeltec_control/install.log'
[1.456s] Invoked command in '/home/gavin/minimec/wheeltec_control' returned '0': PYTHONPATH=/home/gavin/minimec/build/wheeltec_control/prefix_override:/usr/lib/python3/dist-packages/colcon_core/task/python/colcon_distutils_commands:/home/gavin/minimec/install/wheeltec_control/lib/python3.10/site-packages:${PYTHONPATH} /usr/bin/python3 -W ignore:setup.py install is deprecated setup.py egg_info --egg-base ../build/wheeltec_control build --build-base /home/gavin/minimec/build/wheeltec_control/build install --record /home/gavin/minimec/build/wheeltec_control/install.log --single-version-externally-managed install_data
