[0.021s] Invoking command in '/home/gavin/minimec/build/mini_mec_description': CMAKE_PREFIX_PATH=${CMAKE_PREFIX_PATH}:/opt/ros/humble /usr/bin/cmake --build /home/gavin/minimec/build/mini_mec_description -- -j8 -l8
[0.082s] Invoked command in '/home/gavin/minimec/build/mini_mec_description' returned '0': CMAKE_PREFIX_PATH=${CMAKE_PREFIX_PATH}:/opt/ros/humble /usr/bin/cmake --build /home/gavin/minimec/build/mini_mec_description -- -j8 -l8
[0.136s] Invoking command in '/home/gavin/minimec/build/mini_mec_description': CMAKE_PREFIX_PATH=${CMAKE_PREFIX_PATH}:/opt/ros/humble /usr/bin/cmake --install /home/gavin/minimec/build/mini_mec_description
[0.146s] -- Install configuration: ""
[0.146s] -- Execute custom install script
[0.147s] -- Up-to-date symlink: /home/gavin/minimec/install/mini_mec_description/share/mini_mec_description//urdf/common_properties.xacro
[0.147s] -- Up-to-date symlink: /home/gavin/minimec/install/mini_mec_description/share/mini_mec_description//urdf/mini_mec_robot.urdf.xacro
[0.147s] -- Up-to-date symlink: /home/gavin/minimec/install/mini_mec_description/share/mini_mec_description//urdf/mobile_base_gazebo.xacro
[0.147s] -- Up-to-date symlink: /home/gavin/minimec/install/mini_mec_description/share/mini_mec_description//launch/display.launch.xml
[0.148s] -- Up-to-date symlink: /home/gavin/minimec/install/mini_mec_description/share/mini_mec_description//rviz/urdf_config.rviz
[0.148s] -- Up-to-date symlink: /home/gavin/minimec/install/mini_mec_description/share/ament_index/resource_index/package_run_dependencies/mini_mec_description
[0.148s] -- Up-to-date symlink: /home/gavin/minimec/install/mini_mec_description/share/ament_index/resource_index/parent_prefix_path/mini_mec_description
[0.149s] -- Up-to-date symlink: /home/gavin/minimec/install/mini_mec_description/share/mini_mec_description/environment/ament_prefix_path.sh
[0.149s] -- Up-to-date symlink: /home/gavin/minimec/install/mini_mec_description/share/mini_mec_description/environment/ament_prefix_path.dsv
[0.149s] -- Up-to-date symlink: /home/gavin/minimec/install/mini_mec_description/share/mini_mec_description/environment/path.sh
[0.150s] -- Up-to-date symlink: /home/gavin/minimec/install/mini_mec_description/share/mini_mec_description/environment/path.dsv
[0.150s] -- Up-to-date symlink: /home/gavin/minimec/install/mini_mec_description/share/mini_mec_description/local_setup.bash
[0.150s] -- Up-to-date symlink: /home/gavin/minimec/install/mini_mec_description/share/mini_mec_description/local_setup.sh
[0.150s] -- Up-to-date symlink: /home/gavin/minimec/install/mini_mec_description/share/mini_mec_description/local_setup.zsh
[0.150s] -- Up-to-date symlink: /home/gavin/minimec/install/mini_mec_description/share/mini_mec_description/local_setup.dsv
[0.151s] -- Symlinking: /home/gavin/minimec/install/mini_mec_description/share/mini_mec_description/package.dsv
[0.167s] -- Up-to-date symlink: /home/gavin/minimec/install/mini_mec_description/share/ament_index/resource_index/packages/mini_mec_description
[0.167s] -- Up-to-date symlink: /home/gavin/minimec/install/mini_mec_description/share/mini_mec_description/cmake/mini_mec_descriptionConfig.cmake
[0.167s] -- Up-to-date symlink: /home/gavin/minimec/install/mini_mec_description/share/mini_mec_description/cmake/mini_mec_descriptionConfig-version.cmake
[0.167s] -- Up-to-date symlink: /home/gavin/minimec/install/mini_mec_description/share/mini_mec_description/package.xml
[0.172s] Invoked command in '/home/gavin/minimec/build/mini_mec_description' returned '0': CMAKE_PREFIX_PATH=${CMAKE_PREFIX_PATH}:/opt/ros/humble /usr/bin/cmake --install /home/gavin/minimec/build/mini_mec_description
