[0.116s] DEBUG:colcon:Command line arguments: ['/usr/bin/colcon', 'build']
[0.116s] DEBUG:colcon:Parsed command line arguments: Namespace(log_base=None, log_level=None, verb_name='build', build_base='build', install_base='install', merge_install=False, symlink_install=False, test_result_base=None, continue_on_error=False, executor='parallel', parallel_workers=8, event_handlers=None, ignore_user_meta=False, metas=['./colcon.meta'], base_paths=['.'], packages_ignore=None, packages_ignore_regex=None, paths=None, packages_up_to=None, packages_up_to_regex=None, packages_above=None, packages_above_and_dependencies=None, packages_above_depth=None, packages_select_by_dep=None, packages_skip_by_dep=None, packages_skip_up_to=None, packages_select_build_failed=False, packages_skip_build_finished=False, packages_select_test_failures=False, packages_skip_test_passed=False, packages_select=None, packages_skip=None, packages_select_regex=None, packages_skip_regex=None, packages_start=None, packages_end=None, allow_overriding=[], cmake_args=None, cmake_target=None, cmake_target_skip_unavailable=False, cmake_clean_cache=False, cmake_clean_first=False, cmake_force_configure=False, ament_cmake_args=None, catkin_cmake_args=None, catkin_skip_building_tests=False, mixin_files=None, mixin=None, verb_parser=<colcon_mixin.mixin.mixin_argument.MixinArgumentDecorator object at 0x77c502c334f0>, verb_extension=<colcon_core.verb.build.BuildVerb object at 0x77c502c32f50>, main=<bound method BuildVerb.main of <colcon_core.verb.build.BuildVerb object at 0x77c502c32f50>>, mixin_verb=('build',))
[0.308s] Level 1:colcon.colcon_core.package_discovery:discover_packages(colcon_meta) check parameters
[0.309s] Level 1:colcon.colcon_core.package_discovery:discover_packages(recursive) check parameters
[0.309s] Level 1:colcon.colcon_core.package_discovery:discover_packages(ignore) check parameters
[0.309s] Level 1:colcon.colcon_core.package_discovery:discover_packages(path) check parameters
[0.309s] Level 1:colcon.colcon_core.package_discovery:discover_packages(colcon_meta) discover
[0.309s] Level 1:colcon.colcon_core.package_discovery:discover_packages(recursive) discover
[0.309s] INFO:colcon.colcon_core.package_discovery:Crawling recursively for packages in '/home/gavin/minimec'
[0.309s] Level 1:colcon.colcon_core.package_identification:_identify(.) by extensions ['ignore', 'ignore_ament_install']
[0.309s] Level 1:colcon.colcon_core.package_identification:_identify(.) by extension 'ignore'
[0.309s] Level 1:colcon.colcon_core.package_identification:_identify(.) by extension 'ignore_ament_install'
[0.309s] Level 1:colcon.colcon_core.package_identification:_identify(.) by extensions ['colcon_pkg']
[0.309s] Level 1:colcon.colcon_core.package_identification:_identify(.) by extension 'colcon_pkg'
[0.309s] Level 1:colcon.colcon_core.package_identification:_identify(.) by extensions ['colcon_meta']
[0.309s] Level 1:colcon.colcon_core.package_identification:_identify(.) by extension 'colcon_meta'
[0.309s] Level 1:colcon.colcon_core.package_identification:_identify(.) by extensions ['ros']
[0.309s] Level 1:colcon.colcon_core.package_identification:_identify(.) by extension 'ros'
[0.321s] Level 1:colcon.colcon_core.package_identification:_identify(.) by extensions ['cmake', 'python']
[0.321s] Level 1:colcon.colcon_core.package_identification:_identify(.) by extension 'cmake'
[0.321s] Level 1:colcon.colcon_core.package_identification:_identify(.) by extension 'python'
[0.321s] Level 1:colcon.colcon_core.package_identification:_identify(.) by extensions ['python_setup_py']
[0.321s] Level 1:colcon.colcon_core.package_identification:_identify(.) by extension 'python_setup_py'
[0.321s] Level 1:colcon.colcon_core.package_identification:_identify(build) by extensions ['ignore', 'ignore_ament_install']
[0.321s] Level 1:colcon.colcon_core.package_identification:_identify(build) by extension 'ignore'
[0.321s] Level 1:colcon.colcon_core.package_identification:_identify(build) ignored
[0.321s] Level 1:colcon.colcon_core.package_identification:_identify(install) by extensions ['ignore', 'ignore_ament_install']
[0.322s] Level 1:colcon.colcon_core.package_identification:_identify(install) by extension 'ignore'
[0.322s] Level 1:colcon.colcon_core.package_identification:_identify(install) ignored
[0.322s] Level 1:colcon.colcon_core.package_identification:_identify(log) by extensions ['ignore', 'ignore_ament_install']
[0.322s] Level 1:colcon.colcon_core.package_identification:_identify(log) by extension 'ignore'
[0.322s] Level 1:colcon.colcon_core.package_identification:_identify(log) ignored
[0.322s] Level 1:colcon.colcon_core.package_identification:_identify(src) by extensions ['ignore', 'ignore_ament_install']
[0.322s] Level 1:colcon.colcon_core.package_identification:_identify(src) by extension 'ignore'
[0.322s] Level 1:colcon.colcon_core.package_identification:_identify(src) by extension 'ignore_ament_install'
[0.322s] Level 1:colcon.colcon_core.package_identification:_identify(src) by extensions ['colcon_pkg']
[0.322s] Level 1:colcon.colcon_core.package_identification:_identify(src) by extension 'colcon_pkg'
[0.322s] Level 1:colcon.colcon_core.package_identification:_identify(src) by extensions ['colcon_meta']
[0.322s] Level 1:colcon.colcon_core.package_identification:_identify(src) by extension 'colcon_meta'
[0.322s] Level 1:colcon.colcon_core.package_identification:_identify(src) by extensions ['ros']
[0.322s] Level 1:colcon.colcon_core.package_identification:_identify(src) by extension 'ros'
[0.322s] Level 1:colcon.colcon_core.package_identification:_identify(src) by extensions ['cmake', 'python']
[0.322s] Level 1:colcon.colcon_core.package_identification:_identify(src) by extension 'cmake'
[0.322s] Level 1:colcon.colcon_core.package_identification:_identify(src) by extension 'python'
[0.323s] Level 1:colcon.colcon_core.package_identification:_identify(src) by extensions ['python_setup_py']
[0.323s] Level 1:colcon.colcon_core.package_identification:_identify(src) by extension 'python_setup_py'
[0.323s] Level 1:colcon.colcon_core.package_identification:_identify(src/mini_mec_bringup) by extensions ['ignore', 'ignore_ament_install']
[0.323s] Level 1:colcon.colcon_core.package_identification:_identify(src/mini_mec_bringup) by extension 'ignore'
[0.323s] Level 1:colcon.colcon_core.package_identification:_identify(src/mini_mec_bringup) by extension 'ignore_ament_install'
[0.323s] Level 1:colcon.colcon_core.package_identification:_identify(src/mini_mec_bringup) by extensions ['colcon_pkg']
[0.323s] Level 1:colcon.colcon_core.package_identification:_identify(src/mini_mec_bringup) by extension 'colcon_pkg'
[0.323s] Level 1:colcon.colcon_core.package_identification:_identify(src/mini_mec_bringup) by extensions ['colcon_meta']
[0.323s] Level 1:colcon.colcon_core.package_identification:_identify(src/mini_mec_bringup) by extension 'colcon_meta'
[0.323s] Level 1:colcon.colcon_core.package_identification:_identify(src/mini_mec_bringup) by extensions ['ros']
[0.323s] Level 1:colcon.colcon_core.package_identification:_identify(src/mini_mec_bringup) by extension 'ros'
[0.326s] DEBUG:colcon.colcon_core.package_identification:Package 'src/mini_mec_bringup' with type 'ros.ament_cmake' and name 'mini_mec_bringup'
[0.326s] Level 1:colcon.colcon_core.package_identification:_identify(src/mini_mec_description) by extensions ['ignore', 'ignore_ament_install']
[0.326s] Level 1:colcon.colcon_core.package_identification:_identify(src/mini_mec_description) by extension 'ignore'
[0.326s] Level 1:colcon.colcon_core.package_identification:_identify(src/mini_mec_description) by extension 'ignore_ament_install'
[0.326s] Level 1:colcon.colcon_core.package_identification:_identify(src/mini_mec_description) by extensions ['colcon_pkg']
[0.326s] Level 1:colcon.colcon_core.package_identification:_identify(src/mini_mec_description) by extension 'colcon_pkg'
[0.326s] Level 1:colcon.colcon_core.package_identification:_identify(src/mini_mec_description) by extensions ['colcon_meta']
[0.326s] Level 1:colcon.colcon_core.package_identification:_identify(src/mini_mec_description) by extension 'colcon_meta'
[0.326s] Level 1:colcon.colcon_core.package_identification:_identify(src/mini_mec_description) by extensions ['ros']
[0.326s] Level 1:colcon.colcon_core.package_identification:_identify(src/mini_mec_description) by extension 'ros'
[0.327s] DEBUG:colcon.colcon_core.package_identification:Package 'src/mini_mec_description' with type 'ros.ament_cmake' and name 'mini_mec_description'
[0.327s] Level 1:colcon.colcon_core.package_identification:_identify(src/wheeltec_robot_urdf) by extensions ['ignore', 'ignore_ament_install']
[0.327s] Level 1:colcon.colcon_core.package_identification:_identify(src/wheeltec_robot_urdf) by extension 'ignore'
[0.327s] Level 1:colcon.colcon_core.package_identification:_identify(src/wheeltec_robot_urdf) by extension 'ignore_ament_install'
[0.327s] Level 1:colcon.colcon_core.package_identification:_identify(src/wheeltec_robot_urdf) by extensions ['colcon_pkg']
[0.327s] Level 1:colcon.colcon_core.package_identification:_identify(src/wheeltec_robot_urdf) by extension 'colcon_pkg'
[0.327s] Level 1:colcon.colcon_core.package_identification:_identify(src/wheeltec_robot_urdf) by extensions ['colcon_meta']
[0.327s] Level 1:colcon.colcon_core.package_identification:_identify(src/wheeltec_robot_urdf) by extension 'colcon_meta'
[0.327s] Level 1:colcon.colcon_core.package_identification:_identify(src/wheeltec_robot_urdf) by extensions ['ros']
[0.327s] Level 1:colcon.colcon_core.package_identification:_identify(src/wheeltec_robot_urdf) by extension 'ros'
[0.328s] Level 1:colcon.colcon_core.package_identification:_identify(src/wheeltec_robot_urdf) by extensions ['cmake', 'python']
[0.328s] Level 1:colcon.colcon_core.package_identification:_identify(src/wheeltec_robot_urdf) by extension 'cmake'
[0.328s] Level 1:colcon.colcon_core.package_identification:_identify(src/wheeltec_robot_urdf) by extension 'python'
[0.328s] Level 1:colcon.colcon_core.package_identification:_identify(src/wheeltec_robot_urdf) by extensions ['python_setup_py']
[0.328s] Level 1:colcon.colcon_core.package_identification:_identify(src/wheeltec_robot_urdf) by extension 'python_setup_py'
[0.328s] Level 1:colcon.colcon_core.package_identification:_identify(src/wheeltec_robot_urdf/meshes) by extensions ['ignore', 'ignore_ament_install']
[0.328s] Level 1:colcon.colcon_core.package_identification:_identify(src/wheeltec_robot_urdf/meshes) by extension 'ignore'
[0.328s] Level 1:colcon.colcon_core.package_identification:_identify(src/wheeltec_robot_urdf/meshes) by extension 'ignore_ament_install'
[0.328s] Level 1:colcon.colcon_core.package_identification:_identify(src/wheeltec_robot_urdf/meshes) by extensions ['colcon_pkg']
[0.328s] Level 1:colcon.colcon_core.package_identification:_identify(src/wheeltec_robot_urdf/meshes) by extension 'colcon_pkg'
[0.328s] Level 1:colcon.colcon_core.package_identification:_identify(src/wheeltec_robot_urdf/meshes) by extensions ['colcon_meta']
[0.328s] Level 1:colcon.colcon_core.package_identification:_identify(src/wheeltec_robot_urdf/meshes) by extension 'colcon_meta'
[0.328s] Level 1:colcon.colcon_core.package_identification:_identify(src/wheeltec_robot_urdf/meshes) by extensions ['ros']
[0.328s] Level 1:colcon.colcon_core.package_identification:_identify(src/wheeltec_robot_urdf/meshes) by extension 'ros'
[0.328s] Level 1:colcon.colcon_core.package_identification:_identify(src/wheeltec_robot_urdf/meshes) by extensions ['cmake', 'python']
[0.328s] Level 1:colcon.colcon_core.package_identification:_identify(src/wheeltec_robot_urdf/meshes) by extension 'cmake'
[0.328s] Level 1:colcon.colcon_core.package_identification:_identify(src/wheeltec_robot_urdf/meshes) by extension 'python'
[0.328s] Level 1:colcon.colcon_core.package_identification:_identify(src/wheeltec_robot_urdf/meshes) by extensions ['python_setup_py']
[0.329s] Level 1:colcon.colcon_core.package_identification:_identify(src/wheeltec_robot_urdf/meshes) by extension 'python_setup_py'
[0.329s] Level 1:colcon.colcon_core.package_identification:_identify(src/wheeltec_robot_urdf/rviz) by extensions ['ignore', 'ignore_ament_install']
[0.329s] Level 1:colcon.colcon_core.package_identification:_identify(src/wheeltec_robot_urdf/rviz) by extension 'ignore'
[0.329s] Level 1:colcon.colcon_core.package_identification:_identify(src/wheeltec_robot_urdf/rviz) by extension 'ignore_ament_install'
[0.329s] Level 1:colcon.colcon_core.package_identification:_identify(src/wheeltec_robot_urdf/rviz) by extensions ['colcon_pkg']
[0.329s] Level 1:colcon.colcon_core.package_identification:_identify(src/wheeltec_robot_urdf/rviz) by extension 'colcon_pkg'
[0.329s] Level 1:colcon.colcon_core.package_identification:_identify(src/wheeltec_robot_urdf/rviz) by extensions ['colcon_meta']
[0.329s] Level 1:colcon.colcon_core.package_identification:_identify(src/wheeltec_robot_urdf/rviz) by extension 'colcon_meta'
[0.329s] Level 1:colcon.colcon_core.package_identification:_identify(src/wheeltec_robot_urdf/rviz) by extensions ['ros']
[0.329s] Level 1:colcon.colcon_core.package_identification:_identify(src/wheeltec_robot_urdf/rviz) by extension 'ros'
[0.329s] Level 1:colcon.colcon_core.package_identification:_identify(src/wheeltec_robot_urdf/rviz) by extensions ['cmake', 'python']
[0.329s] Level 1:colcon.colcon_core.package_identification:_identify(src/wheeltec_robot_urdf/rviz) by extension 'cmake'
[0.329s] Level 1:colcon.colcon_core.package_identification:_identify(src/wheeltec_robot_urdf/rviz) by extension 'python'
[0.329s] Level 1:colcon.colcon_core.package_identification:_identify(src/wheeltec_robot_urdf/rviz) by extensions ['python_setup_py']
[0.329s] Level 1:colcon.colcon_core.package_identification:_identify(src/wheeltec_robot_urdf/rviz) by extension 'python_setup_py'
[0.329s] Level 1:colcon.colcon_core.package_identification:_identify(src/wheeltec_robot_urdf/urdf) by extensions ['ignore', 'ignore_ament_install']
[0.330s] Level 1:colcon.colcon_core.package_identification:_identify(src/wheeltec_robot_urdf/urdf) by extension 'ignore'
[0.330s] Level 1:colcon.colcon_core.package_identification:_identify(src/wheeltec_robot_urdf/urdf) by extension 'ignore_ament_install'
[0.330s] Level 1:colcon.colcon_core.package_identification:_identify(src/wheeltec_robot_urdf/urdf) by extensions ['colcon_pkg']
[0.330s] Level 1:colcon.colcon_core.package_identification:_identify(src/wheeltec_robot_urdf/urdf) by extension 'colcon_pkg'
[0.330s] Level 1:colcon.colcon_core.package_identification:_identify(src/wheeltec_robot_urdf/urdf) by extensions ['colcon_meta']
[0.330s] Level 1:colcon.colcon_core.package_identification:_identify(src/wheeltec_robot_urdf/urdf) by extension 'colcon_meta'
[0.330s] Level 1:colcon.colcon_core.package_identification:_identify(src/wheeltec_robot_urdf/urdf) by extensions ['ros']
[0.330s] Level 1:colcon.colcon_core.package_identification:_identify(src/wheeltec_robot_urdf/urdf) by extension 'ros'
[0.330s] Level 1:colcon.colcon_core.package_identification:_identify(src/wheeltec_robot_urdf/urdf) by extensions ['cmake', 'python']
[0.330s] Level 1:colcon.colcon_core.package_identification:_identify(src/wheeltec_robot_urdf/urdf) by extension 'cmake'
[0.330s] Level 1:colcon.colcon_core.package_identification:_identify(src/wheeltec_robot_urdf/urdf) by extension 'python'
[0.330s] Level 1:colcon.colcon_core.package_identification:_identify(src/wheeltec_robot_urdf/urdf) by extensions ['python_setup_py']
[0.330s] Level 1:colcon.colcon_core.package_identification:_identify(src/wheeltec_robot_urdf/urdf) by extension 'python_setup_py'
[0.330s] Level 1:colcon.colcon_core.package_discovery:discover_packages(recursive) using defaults
[0.330s] Level 1:colcon.colcon_core.package_discovery:discover_packages(ignore) discover
[0.330s] Level 1:colcon.colcon_core.package_discovery:discover_packages(ignore) using defaults
[0.330s] Level 1:colcon.colcon_core.package_discovery:discover_packages(path) discover
[0.330s] Level 1:colcon.colcon_core.package_discovery:discover_packages(path) using defaults
[0.365s] Level 1:colcon.colcon_core.package_discovery:discover_packages(prefix_path) check parameters
[0.365s] Level 1:colcon.colcon_core.package_discovery:discover_packages(prefix_path) discover
[0.367s] DEBUG:colcon.colcon_installed_package_information.package_discovery:Found 2 installed packages in /home/gavin/minimec/install
[0.369s] DEBUG:colcon.colcon_installed_package_information.package_discovery:Found 341 installed packages in /opt/ros/humble
[0.371s] Level 1:colcon.colcon_core.package_discovery:discover_packages(prefix_path) using defaults
[0.418s] Level 5:colcon.colcon_core.verb:set package 'mini_mec_description' build argument 'cmake_args' from command line to 'None'
[0.418s] Level 5:colcon.colcon_core.verb:set package 'mini_mec_description' build argument 'cmake_target' from command line to 'None'
[0.418s] Level 5:colcon.colcon_core.verb:set package 'mini_mec_description' build argument 'cmake_target_skip_unavailable' from command line to 'False'
[0.418s] Level 5:colcon.colcon_core.verb:set package 'mini_mec_description' build argument 'cmake_clean_cache' from command line to 'False'
[0.418s] Level 5:colcon.colcon_core.verb:set package 'mini_mec_description' build argument 'cmake_clean_first' from command line to 'False'
[0.418s] Level 5:colcon.colcon_core.verb:set package 'mini_mec_description' build argument 'cmake_force_configure' from command line to 'False'
[0.418s] Level 5:colcon.colcon_core.verb:set package 'mini_mec_description' build argument 'ament_cmake_args' from command line to 'None'
[0.418s] Level 5:colcon.colcon_core.verb:set package 'mini_mec_description' build argument 'catkin_cmake_args' from command line to 'None'
[0.418s] Level 5:colcon.colcon_core.verb:set package 'mini_mec_description' build argument 'catkin_skip_building_tests' from command line to 'False'
[0.418s] DEBUG:colcon.colcon_core.verb:Building package 'mini_mec_description' with the following arguments: {'ament_cmake_args': None, 'build_base': '/home/gavin/minimec/build/mini_mec_description', 'catkin_cmake_args': None, 'catkin_skip_building_tests': False, 'cmake_args': None, 'cmake_clean_cache': False, 'cmake_clean_first': False, 'cmake_force_configure': False, 'cmake_target': None, 'cmake_target_skip_unavailable': False, 'install_base': '/home/gavin/minimec/install/mini_mec_description', 'merge_install': False, 'path': '/home/gavin/minimec/src/mini_mec_description', 'symlink_install': False, 'test_result_base': None}
[0.419s] Level 5:colcon.colcon_core.verb:set package 'mini_mec_bringup' build argument 'cmake_args' from command line to 'None'
[0.419s] Level 5:colcon.colcon_core.verb:set package 'mini_mec_bringup' build argument 'cmake_target' from command line to 'None'
[0.419s] Level 5:colcon.colcon_core.verb:set package 'mini_mec_bringup' build argument 'cmake_target_skip_unavailable' from command line to 'False'
[0.419s] Level 5:colcon.colcon_core.verb:set package 'mini_mec_bringup' build argument 'cmake_clean_cache' from command line to 'False'
[0.419s] Level 5:colcon.colcon_core.verb:set package 'mini_mec_bringup' build argument 'cmake_clean_first' from command line to 'False'
[0.419s] Level 5:colcon.colcon_core.verb:set package 'mini_mec_bringup' build argument 'cmake_force_configure' from command line to 'False'
[0.419s] Level 5:colcon.colcon_core.verb:set package 'mini_mec_bringup' build argument 'ament_cmake_args' from command line to 'None'
[0.419s] Level 5:colcon.colcon_core.verb:set package 'mini_mec_bringup' build argument 'catkin_cmake_args' from command line to 'None'
[0.419s] Level 5:colcon.colcon_core.verb:set package 'mini_mec_bringup' build argument 'catkin_skip_building_tests' from command line to 'False'
[0.419s] DEBUG:colcon.colcon_core.verb:Building package 'mini_mec_bringup' with the following arguments: {'ament_cmake_args': None, 'build_base': '/home/gavin/minimec/build/mini_mec_bringup', 'catkin_cmake_args': None, 'catkin_skip_building_tests': False, 'cmake_args': None, 'cmake_clean_cache': False, 'cmake_clean_first': False, 'cmake_force_configure': False, 'cmake_target': None, 'cmake_target_skip_unavailable': False, 'install_base': '/home/gavin/minimec/install/mini_mec_bringup', 'merge_install': False, 'path': '/home/gavin/minimec/src/mini_mec_bringup', 'symlink_install': False, 'test_result_base': None}
[0.419s] INFO:colcon.colcon_core.executor:Executing jobs using 'parallel' executor
[0.420s] DEBUG:colcon.colcon_parallel_executor.executor.parallel:run_until_complete
[0.420s] INFO:colcon.colcon_ros.task.ament_cmake.build:Building ROS package in '/home/gavin/minimec/src/mini_mec_description' with build type 'ament_cmake'
[0.421s] INFO:colcon.colcon_cmake.task.cmake.build:Building CMake package in '/home/gavin/minimec/src/mini_mec_description'
[0.423s] INFO:colcon.colcon_core.plugin_system:Skipping extension 'colcon_core.shell.bat': Not used on non-Windows systems
[0.423s] INFO:colcon.colcon_core.shell:Skip shell extension 'powershell' for command environment: Not usable outside of PowerShell
[0.423s] DEBUG:colcon.colcon_core.shell:Skip shell extension 'dsv' for command environment
[0.439s] DEBUG:colcon.colcon_core.event_handler.log_command:Invoking command in '/home/gavin/minimec/build/mini_mec_description': CMAKE_PREFIX_PATH=${CMAKE_PREFIX_PATH}:/opt/ros/humble /usr/bin/cmake --build /home/gavin/minimec/build/mini_mec_description -- -j8 -l8
[0.498s] DEBUG:colcon.colcon_core.event_handler.log_command:Invoked command in '/home/gavin/minimec/build/mini_mec_description' returned '0': CMAKE_PREFIX_PATH=${CMAKE_PREFIX_PATH}:/opt/ros/humble /usr/bin/cmake --build /home/gavin/minimec/build/mini_mec_description -- -j8 -l8
[0.548s] DEBUG:colcon.colcon_core.event_handler.log_command:Invoking command in '/home/gavin/minimec/build/mini_mec_description': CMAKE_PREFIX_PATH=${CMAKE_PREFIX_PATH}:/opt/ros/humble /usr/bin/cmake --install /home/gavin/minimec/build/mini_mec_description
[0.585s] Level 1:colcon.colcon_core.environment:create_environment_scripts_only(mini_mec_description)
[0.586s] DEBUG:colcon.colcon_core.event_handler.log_command:Invoked command in '/home/gavin/minimec/build/mini_mec_description' returned '0': CMAKE_PREFIX_PATH=${CMAKE_PREFIX_PATH}:/opt/ros/humble /usr/bin/cmake --install /home/gavin/minimec/build/mini_mec_description
[0.588s] Level 1:colcon.colcon_core.environment:checking '/home/gavin/minimec/install/mini_mec_description' for CMake module files
[0.589s] Level 1:colcon.colcon_core.environment:checking '/home/gavin/minimec/install/mini_mec_description' for CMake config files
[0.589s] Level 1:colcon.colcon_core.shell:create_environment_hook('mini_mec_description', 'cmake_prefix_path')
[0.590s] INFO:colcon.colcon_core.shell:Creating environment hook '/home/gavin/minimec/install/mini_mec_description/share/mini_mec_description/hook/cmake_prefix_path.ps1'
[0.590s] INFO:colcon.colcon_core.shell:Creating environment descriptor '/home/gavin/minimec/install/mini_mec_description/share/mini_mec_description/hook/cmake_prefix_path.dsv'
[0.591s] INFO:colcon.colcon_core.shell:Creating environment hook '/home/gavin/minimec/install/mini_mec_description/share/mini_mec_description/hook/cmake_prefix_path.sh'
[0.592s] Level 1:colcon.colcon_core.environment:checking '/home/gavin/minimec/install/mini_mec_description/bin'
[0.592s] Level 1:colcon.colcon_core.environment:checking '/home/gavin/minimec/install/mini_mec_description/lib/pkgconfig/mini_mec_description.pc'
[0.592s] Level 1:colcon.colcon_core.environment:checking '/home/gavin/minimec/install/mini_mec_description/lib/python3.10/site-packages'
[0.592s] Level 1:colcon.colcon_core.environment:checking '/home/gavin/minimec/install/mini_mec_description/bin'
[0.592s] INFO:colcon.colcon_core.shell:Creating package script '/home/gavin/minimec/install/mini_mec_description/share/mini_mec_description/package.ps1'
[0.593s] INFO:colcon.colcon_core.shell:Creating package descriptor '/home/gavin/minimec/install/mini_mec_description/share/mini_mec_description/package.dsv'
[0.594s] INFO:colcon.colcon_core.shell:Creating package script '/home/gavin/minimec/install/mini_mec_description/share/mini_mec_description/package.sh'
[0.594s] INFO:colcon.colcon_core.shell:Creating package script '/home/gavin/minimec/install/mini_mec_description/share/mini_mec_description/package.bash'
[0.595s] INFO:colcon.colcon_core.shell:Creating package script '/home/gavin/minimec/install/mini_mec_description/share/mini_mec_description/package.zsh'
[0.596s] Level 1:colcon.colcon_core.environment:create_file_with_runtime_dependencies(/home/gavin/minimec/install/mini_mec_description/share/colcon-core/packages/mini_mec_description)
[0.632s] Level 1:colcon.colcon_core.environment:create_environment_scripts_only(mini_mec_description)
[0.632s] Level 1:colcon.colcon_core.environment:checking '/home/gavin/minimec/install/mini_mec_description' for CMake module files
[0.632s] Level 1:colcon.colcon_core.environment:checking '/home/gavin/minimec/install/mini_mec_description' for CMake config files
[0.633s] Level 1:colcon.colcon_core.shell:create_environment_hook('mini_mec_description', 'cmake_prefix_path')
[0.633s] INFO:colcon.colcon_core.shell:Creating environment hook '/home/gavin/minimec/install/mini_mec_description/share/mini_mec_description/hook/cmake_prefix_path.ps1'
[0.634s] INFO:colcon.colcon_core.shell:Creating environment descriptor '/home/gavin/minimec/install/mini_mec_description/share/mini_mec_description/hook/cmake_prefix_path.dsv'
[0.634s] INFO:colcon.colcon_core.shell:Creating environment hook '/home/gavin/minimec/install/mini_mec_description/share/mini_mec_description/hook/cmake_prefix_path.sh'
[0.634s] Level 1:colcon.colcon_core.environment:checking '/home/gavin/minimec/install/mini_mec_description/bin'
[0.635s] Level 1:colcon.colcon_core.environment:checking '/home/gavin/minimec/install/mini_mec_description/lib/pkgconfig/mini_mec_description.pc'
[0.635s] Level 1:colcon.colcon_core.environment:checking '/home/gavin/minimec/install/mini_mec_description/lib/python3.10/site-packages'
[0.635s] Level 1:colcon.colcon_core.environment:checking '/home/gavin/minimec/install/mini_mec_description/bin'
[0.635s] INFO:colcon.colcon_core.shell:Creating package script '/home/gavin/minimec/install/mini_mec_description/share/mini_mec_description/package.ps1'
[0.636s] INFO:colcon.colcon_core.shell:Creating package descriptor '/home/gavin/minimec/install/mini_mec_description/share/mini_mec_description/package.dsv'
[0.636s] INFO:colcon.colcon_core.shell:Creating package script '/home/gavin/minimec/install/mini_mec_description/share/mini_mec_description/package.sh'
[0.637s] INFO:colcon.colcon_core.shell:Creating package script '/home/gavin/minimec/install/mini_mec_description/share/mini_mec_description/package.bash'
[0.637s] INFO:colcon.colcon_core.shell:Creating package script '/home/gavin/minimec/install/mini_mec_description/share/mini_mec_description/package.zsh'
[0.638s] Level 1:colcon.colcon_core.environment:create_file_with_runtime_dependencies(/home/gavin/minimec/install/mini_mec_description/share/colcon-core/packages/mini_mec_description)
[0.638s] INFO:colcon.colcon_ros.task.ament_cmake.build:Building ROS package in '/home/gavin/minimec/src/mini_mec_bringup' with build type 'ament_cmake'
[0.638s] INFO:colcon.colcon_cmake.task.cmake.build:Building CMake package in '/home/gavin/minimec/src/mini_mec_bringup'
[0.638s] INFO:colcon.colcon_core.shell:Skip shell extension 'powershell' for command environment: Not usable outside of PowerShell
[0.638s] DEBUG:colcon.colcon_core.shell:Skip shell extension 'dsv' for command environment
[0.653s] DEBUG:colcon.colcon_core.event_handler.log_command:Invoking command in '/home/gavin/minimec/build/mini_mec_bringup': CMAKE_PREFIX_PATH=${CMAKE_PREFIX_PATH}:/opt/ros/humble /usr/bin/cmake --build /home/gavin/minimec/build/mini_mec_bringup -- -j8 -l8
[0.999s] DEBUG:colcon.colcon_core.event_handler.log_command:Invoked command in '/home/gavin/minimec/build/mini_mec_bringup' returned '0': CMAKE_PREFIX_PATH=${CMAKE_PREFIX_PATH}:/opt/ros/humble /usr/bin/cmake --build /home/gavin/minimec/build/mini_mec_bringup -- -j8 -l8
[1.039s] DEBUG:colcon.colcon_core.event_handler.log_command:Invoking command in '/home/gavin/minimec/build/mini_mec_bringup': CMAKE_PREFIX_PATH=${CMAKE_PREFIX_PATH}:/opt/ros/humble /usr/bin/cmake --install /home/gavin/minimec/build/mini_mec_bringup
[1.067s] Level 1:colcon.colcon_core.environment:create_environment_scripts_only(mini_mec_bringup)
[1.068s] Level 1:colcon.colcon_core.environment:checking '/home/gavin/minimec/install/mini_mec_bringup' for CMake module files
[1.069s] DEBUG:colcon.colcon_core.event_handler.log_command:Invoked command in '/home/gavin/minimec/build/mini_mec_bringup' returned '0': CMAKE_PREFIX_PATH=${CMAKE_PREFIX_PATH}:/opt/ros/humble /usr/bin/cmake --install /home/gavin/minimec/build/mini_mec_bringup
[1.069s] Level 1:colcon.colcon_core.environment:checking '/home/gavin/minimec/install/mini_mec_bringup' for CMake config files
[1.070s] Level 1:colcon.colcon_core.shell:create_environment_hook('mini_mec_bringup', 'cmake_prefix_path')
[1.070s] INFO:colcon.colcon_core.shell:Creating environment hook '/home/gavin/minimec/install/mini_mec_bringup/share/mini_mec_bringup/hook/cmake_prefix_path.ps1'
[1.071s] INFO:colcon.colcon_core.shell:Creating environment descriptor '/home/gavin/minimec/install/mini_mec_bringup/share/mini_mec_bringup/hook/cmake_prefix_path.dsv'
[1.071s] INFO:colcon.colcon_core.shell:Creating environment hook '/home/gavin/minimec/install/mini_mec_bringup/share/mini_mec_bringup/hook/cmake_prefix_path.sh'
[1.072s] Level 1:colcon.colcon_core.environment:checking '/home/gavin/minimec/install/mini_mec_bringup/bin'
[1.072s] Level 1:colcon.colcon_core.environment:checking '/home/gavin/minimec/install/mini_mec_bringup/lib/pkgconfig/mini_mec_bringup.pc'
[1.072s] Level 1:colcon.colcon_core.environment:checking '/home/gavin/minimec/install/mini_mec_bringup/lib/python3.10/site-packages'
[1.072s] Level 1:colcon.colcon_core.environment:checking '/home/gavin/minimec/install/mini_mec_bringup/bin'
[1.073s] INFO:colcon.colcon_core.shell:Creating package script '/home/gavin/minimec/install/mini_mec_bringup/share/mini_mec_bringup/package.ps1'
[1.073s] INFO:colcon.colcon_core.shell:Creating package descriptor '/home/gavin/minimec/install/mini_mec_bringup/share/mini_mec_bringup/package.dsv'
[1.074s] INFO:colcon.colcon_core.shell:Creating package script '/home/gavin/minimec/install/mini_mec_bringup/share/mini_mec_bringup/package.sh'
[1.074s] INFO:colcon.colcon_core.shell:Creating package script '/home/gavin/minimec/install/mini_mec_bringup/share/mini_mec_bringup/package.bash'
[1.075s] INFO:colcon.colcon_core.shell:Creating package script '/home/gavin/minimec/install/mini_mec_bringup/share/mini_mec_bringup/package.zsh'
[1.075s] Level 1:colcon.colcon_core.environment:create_file_with_runtime_dependencies(/home/gavin/minimec/install/mini_mec_bringup/share/colcon-core/packages/mini_mec_bringup)
[1.113s] Level 1:colcon.colcon_core.environment:create_environment_scripts_only(mini_mec_bringup)
[1.113s] Level 1:colcon.colcon_core.environment:checking '/home/gavin/minimec/install/mini_mec_bringup' for CMake module files
[1.114s] Level 1:colcon.colcon_core.environment:checking '/home/gavin/minimec/install/mini_mec_bringup' for CMake config files
[1.115s] Level 1:colcon.colcon_core.shell:create_environment_hook('mini_mec_bringup', 'cmake_prefix_path')
[1.115s] INFO:colcon.colcon_core.shell:Creating environment hook '/home/gavin/minimec/install/mini_mec_bringup/share/mini_mec_bringup/hook/cmake_prefix_path.ps1'
[1.115s] INFO:colcon.colcon_core.shell:Creating environment descriptor '/home/gavin/minimec/install/mini_mec_bringup/share/mini_mec_bringup/hook/cmake_prefix_path.dsv'
[1.116s] INFO:colcon.colcon_core.shell:Creating environment hook '/home/gavin/minimec/install/mini_mec_bringup/share/mini_mec_bringup/hook/cmake_prefix_path.sh'
[1.116s] Level 1:colcon.colcon_core.environment:checking '/home/gavin/minimec/install/mini_mec_bringup/bin'
[1.116s] Level 1:colcon.colcon_core.environment:checking '/home/gavin/minimec/install/mini_mec_bringup/lib/pkgconfig/mini_mec_bringup.pc'
[1.117s] Level 1:colcon.colcon_core.environment:checking '/home/gavin/minimec/install/mini_mec_bringup/lib/python3.10/site-packages'
[1.117s] Level 1:colcon.colcon_core.environment:checking '/home/gavin/minimec/install/mini_mec_bringup/bin'
[1.117s] INFO:colcon.colcon_core.shell:Creating package script '/home/gavin/minimec/install/mini_mec_bringup/share/mini_mec_bringup/package.ps1'
[1.118s] INFO:colcon.colcon_core.shell:Creating package descriptor '/home/gavin/minimec/install/mini_mec_bringup/share/mini_mec_bringup/package.dsv'
[1.118s] INFO:colcon.colcon_core.shell:Creating package script '/home/gavin/minimec/install/mini_mec_bringup/share/mini_mec_bringup/package.sh'
[1.119s] INFO:colcon.colcon_core.shell:Creating package script '/home/gavin/minimec/install/mini_mec_bringup/share/mini_mec_bringup/package.bash'
[1.119s] INFO:colcon.colcon_core.shell:Creating package script '/home/gavin/minimec/install/mini_mec_bringup/share/mini_mec_bringup/package.zsh'
[1.120s] Level 1:colcon.colcon_core.environment:create_file_with_runtime_dependencies(/home/gavin/minimec/install/mini_mec_bringup/share/colcon-core/packages/mini_mec_bringup)
[1.120s] DEBUG:colcon.colcon_parallel_executor.executor.parallel:closing loop
[1.120s] DEBUG:colcon.colcon_parallel_executor.executor.parallel:loop closed
[1.120s] DEBUG:colcon.colcon_parallel_executor.executor.parallel:run_until_complete finished with '0'
[1.120s] DEBUG:colcon.colcon_core.event_reactor:joining thread
[1.126s] INFO:colcon.colcon_core.plugin_system:Skipping extension 'colcon_notification.desktop_notification.terminal_notifier': Not used on non-Darwin systems
[1.127s] INFO:colcon.colcon_core.plugin_system:Skipping extension 'colcon_notification.desktop_notification.win32': Not used on non-Windows systems
[1.127s] INFO:colcon.colcon_notification.desktop_notification:Sending desktop notification using 'notify2'
[1.146s] DEBUG:colcon.colcon_core.event_reactor:joined thread
[1.147s] INFO:colcon.colcon_core.shell:Creating prefix script '/home/gavin/minimec/install/local_setup.ps1'
[1.148s] INFO:colcon.colcon_core.shell:Creating prefix util module '/home/gavin/minimec/install/_local_setup_util_ps1.py'
[1.150s] INFO:colcon.colcon_core.shell:Creating prefix chain script '/home/gavin/minimec/install/setup.ps1'
[1.152s] INFO:colcon.colcon_core.shell:Creating prefix script '/home/gavin/minimec/install/local_setup.sh'
[1.152s] INFO:colcon.colcon_core.shell:Creating prefix util module '/home/gavin/minimec/install/_local_setup_util_sh.py'
[1.153s] INFO:colcon.colcon_core.shell:Creating prefix chain script '/home/gavin/minimec/install/setup.sh'
[1.154s] INFO:colcon.colcon_core.shell:Creating prefix script '/home/gavin/minimec/install/local_setup.bash'
[1.155s] INFO:colcon.colcon_core.shell:Creating prefix chain script '/home/gavin/minimec/install/setup.bash'
[1.156s] INFO:colcon.colcon_core.shell:Creating prefix script '/home/gavin/minimec/install/local_setup.zsh'
[1.157s] INFO:colcon.colcon_core.shell:Creating prefix chain script '/home/gavin/minimec/install/setup.zsh'
