[0.859s] Invoking command in '/home/gavin/minimec/build/wheeltec_control': PYTHONPATH=/home/gavin/minimec/build/wheeltec_control/prefix_override:/usr/lib/python3/dist-packages/colcon_core/task/python/colcon_distutils_commands:/home/gavin/minimec/install/wheeltec_control/lib/python3.10/site-packages:${PYTHONPATH} /usr/bin/python3 -W ignore:setup.py install is deprecated setup.py develop --uninstall --editable --build-directory /home/gavin/minimec/build/wheeltec_control/build
[1.178s] running develop
[1.178s] /usr/lib/python3/dist-packages/setuptools/command/easy_install.py:158: EasyInstallDeprecationWarning: easy_install command is deprecated. Use build and pip and other standards-based tools.
[1.178s]   warnings.warn(
[1.385s] Removing /home/gavin/minimec/install/wheeltec_control/lib/python3.10/site-packages/wheeltec-control.egg-link (link to .)
[1.424s] Invoked command in '/home/gavin/minimec/build/wheeltec_control' returned '0': PYTHONPATH=/home/gavin/minimec/build/wheeltec_control/prefix_override:/usr/lib/python3/dist-packages/colcon_core/task/python/colcon_distutils_commands:/home/gavin/minimec/install/wheeltec_control/lib/python3.10/site-packages:${PYTHONPATH} /usr/bin/python3 -W ignore:setup.py install is deprecated setup.py develop --uninstall --editable --build-directory /home/gavin/minimec/build/wheeltec_control/build
[1.428s] Invoking command in '/home/gavin/minimec/src/wheeltec_control': PYTHONPATH=/home/gavin/minimec/build/wheeltec_control/prefix_override:/usr/lib/python3/dist-packages/colcon_core/task/python/colcon_distutils_commands:/home/gavin/minimec/install/wheeltec_control/lib/python3.10/site-packages:${PYTHONPATH} /usr/bin/python3 -W ignore:setup.py install is deprecated setup.py egg_info --egg-base ../../build/wheeltec_control build --build-base /home/gavin/minimec/build/wheeltec_control/build install --record /home/gavin/minimec/build/wheeltec_control/install.log --single-version-externally-managed install_data --force
[1.709s] running egg_info
[1.710s] writing ../../build/wheeltec_control/wheeltec_control.egg-info/PKG-INFO
[1.710s] writing dependency_links to ../../build/wheeltec_control/wheeltec_control.egg-info/dependency_links.txt
[1.710s] writing entry points to ../../build/wheeltec_control/wheeltec_control.egg-info/entry_points.txt
[1.710s] writing requirements to ../../build/wheeltec_control/wheeltec_control.egg-info/requires.txt
[1.711s] writing top-level names to ../../build/wheeltec_control/wheeltec_control.egg-info/top_level.txt
[1.712s] reading manifest file '../../build/wheeltec_control/wheeltec_control.egg-info/SOURCES.txt'
[1.713s] writing manifest file '../../build/wheeltec_control/wheeltec_control.egg-info/SOURCES.txt'
[1.714s] running build
[1.714s] running build_py
[1.714s] copying wheeltec_control/wheeltec_keyboard.py -> /home/gavin/minimec/build/wheeltec_control/build/lib/wheeltec_control
[1.714s] running install
[1.715s] running install_lib
[1.715s] creating /home/gavin/minimec/install/wheeltec_control/lib/python3.10/site-packages/wheeltec_control
[1.715s] copying /home/gavin/minimec/build/wheeltec_control/build/lib/wheeltec_control/wheeltec_keyboard.py -> /home/gavin/minimec/install/wheeltec_control/lib/python3.10/site-packages/wheeltec_control
[1.716s] copying /home/gavin/minimec/build/wheeltec_control/build/lib/wheeltec_control/__init__.py -> /home/gavin/minimec/install/wheeltec_control/lib/python3.10/site-packages/wheeltec_control
[1.716s] byte-compiling /home/gavin/minimec/install/wheeltec_control/lib/python3.10/site-packages/wheeltec_control/wheeltec_keyboard.py to wheeltec_keyboard.cpython-310.pyc
[1.717s] byte-compiling /home/gavin/minimec/install/wheeltec_control/lib/python3.10/site-packages/wheeltec_control/__init__.py to __init__.cpython-310.pyc
[1.718s] running install_data
[1.718s] copying resource/wheeltec_control -> /home/gavin/minimec/install/wheeltec_control/share/ament_index/resource_index/packages
[1.718s] copying package.xml -> /home/gavin/minimec/install/wheeltec_control/share/wheeltec_control
[1.718s] running install_egg_info
[1.720s] Copying ../../build/wheeltec_control/wheeltec_control.egg-info to /home/gavin/minimec/install/wheeltec_control/lib/python3.10/site-packages/wheeltec_control-0.0.0-py3.10.egg-info
[1.721s] running install_scripts
[1.744s] Installing wheeltec_keyboard script to /home/gavin/minimec/install/wheeltec_control/lib/wheeltec_control
[1.744s] writing list of installed files to '/home/gavin/minimec/build/wheeltec_control/install.log'
[1.778s] Invoked command in '/home/gavin/minimec/src/wheeltec_control' returned '0': PYTHONPATH=/home/gavin/minimec/build/wheeltec_control/prefix_override:/usr/lib/python3/dist-packages/colcon_core/task/python/colcon_distutils_commands:/home/gavin/minimec/install/wheeltec_control/lib/python3.10/site-packages:${PYTHONPATH} /usr/bin/python3 -W ignore:setup.py install is deprecated setup.py egg_info --egg-base ../../build/wheeltec_control build --build-base /home/gavin/minimec/build/wheeltec_control/build install --record /home/gavin/minimec/build/wheeltec_control/install.log --single-version-externally-managed install_data --force
